[ 2015-11-12T10:19:50+08:00 ] 127.0.0.1 /newadmin/index.php/Admin/Login/login.html
INFO: [ app_init ] --START--
INFO: Run Behavior\BuildLiteBehavior [ RunTime:0.000048s ]
INFO: [ app_init ] --END-- [ RunTime:0.002102s ]
INFO: [ app_begin ] --START--
INFO: Run Behavior\ReadHtmlCacheBehavior [ RunTime:0.001586s ]
INFO: [ app_begin ] --END-- [ RunTime:0.001822s ]
INFO: [ view_parse ] --START--
INFO: [ template_filter ] --START--
INFO: Run Behavior\ContentReplaceBehavior [ RunTime:0.000232s ]
INFO: [ template_filter ] --END-- [ RunTime:0.000476s ]
INFO: Run Behavior\ParseTemplateBehavior [ RunTime:0.030640s ]
INFO: [ view_parse ] --END-- [ RunTime:0.030865s ]
INFO: [ view_filter ] --START--
INFO: Run Behavior\WriteHtmlCacheBehavior [ RunTime:0.001263s ]
INFO: [ view_filter ] --END-- [ RunTime:0.001466s ]
INFO: [ app_end ] --START--
INFO: Run Behavior\ShowPageTraceBehavior [ RunTime:0.001578s ]
INFO: [ app_end ] --END-- [ RunTime:0.001790s ]

[ 2015-11-12T10:19:52+08:00 ] 127.0.0.1 /newadmin/index.php/Admin/Login/runlogin.html
INFO: [ app_init ] --START--
INFO: Run Behavior\BuildLiteBehavior [ RunTime:0.000027s ]
INFO: [ app_init ] --END-- [ RunTime:0.000505s ]
INFO: [ app_begin ] --START--
INFO: Run Behavior\ReadHtmlCacheBehavior [ RunTime:0.000544s ]
INFO: [ app_begin ] --END-- [ RunTime:0.000650s ]
SQL: SHOW COLUMNS FROM `mr_admin` [ RunTime:0.0516s ]
SQL: SELECT * FROM `mr_admin` WHERE `admin_username` = 'slackck' AND `admin_pwd` = 'e10adc3949ba59abbe56e057f20f883e' LIMIT 1   [ RunTime:0.0016s ]
SQL: UPDATE `mr_admin` SET `admin_hits`=admin_hits+1 WHERE `admin_username` = 'slackck' [ RunTime:0.0013s ]

[ 2015-11-12T10:19:52+08:00 ] 127.0.0.1 /newadmin/index.php/Admin/Index/index.html
INFO: [ app_init ] --START--
INFO: Run Behavior\BuildLiteBehavior [ RunTime:0.000036s ]
INFO: [ app_init ] --END-- [ RunTime:0.000702s ]
INFO: [ app_begin ] --START--
INFO: Run Behavior\ReadHtmlCacheBehavior [ RunTime:0.000812s ]
INFO: [ app_begin ] --END-- [ RunTime:0.000941s ]
SQL: SHOW COLUMNS FROM `mr_news` [ RunTime:0.0352s ]
SQL: SELECT * FROM `mr_news` WHERE `news_time` BETWEEN 1446307200 AND 1447294792 ORDER BY news_hits desc LIMIT 0,8   [ RunTime:0.0003s ]
SQL: SELECT COUNT(*) AS tp_count FROM `mr_news` LIMIT 1   [ RunTime:0.0004s ]
SQL: SELECT COUNT(*) AS tp_count FROM `mr_news` WHERE `news_time` >= 1447257600 LIMIT 1   [ RunTime:0.0001s ]
SQL: SELECT COUNT(*) AS tp_count FROM `mr_news` WHERE `news_time` BETWEEN 1447171200 AND 1447257600 LIMIT 1   [ RunTime:0.0002s ]
NOTIC: [2] Division by zero E:\wamp\www\newadmin\Application\Admin\Controller\IndexController.class.php 第 35 行.
INFO: [ view_parse ] --START--
INFO: [ template_filter ] --START--
INFO: Run Behavior\ContentReplaceBehavior [ RunTime:0.000165s ]
INFO: [ template_filter ] --END-- [ RunTime:0.000275s ]
SQL: SHOW COLUMNS FROM `mr_auth_rule` [ RunTime:0.0168s ]
SQL: SELECT `id`,`name`,`title`,`css` FROM `mr_auth_rule` WHERE ( pid=0 AND status=1 )  [ RunTime:0.0109s ]
SQL: SHOW COLUMNS FROM `mr_auth_group_access` [ RunTime:0.0216s ]
SQL: SELECT `uid`,`group_id`,`title`,`rules` FROM mr_auth_group_access a INNER JOIN mr_auth_group g on a.group_id=g.id  WHERE ( a.uid='1' and g.status='1' )  [ RunTime:0.0169s ]
SQL: SHOW COLUMNS FROM `mr_auth_rule` [ RunTime:0.0095s ]
SQL: SELECT `condition`,`name` FROM `mr_auth_rule` WHERE `id` IN ('1','2','6','10','19') AND `type` = 1 AND `status` = 1  [ RunTime:0.0008s ]
SQL: SELECT * FROM `mr_auth_rule` WHERE `pid` = 1 AND `status` = 1  [ RunTime:0.0008s ]
SQL: SELECT * FROM `mr_auth_rule` WHERE `pid` = 7 AND `status` = 1  [ RunTime:0.0008s ]
SQL: SELECT * FROM `mr_auth_rule` WHERE `pid` = 22 AND `status` = 1  [ RunTime:0.0008s ]
SQL: SELECT * FROM `mr_auth_rule` WHERE `pid` = 27 AND `status` = 1  [ RunTime:0.0004s ]
SQL: SELECT * FROM `mr_auth_rule` WHERE `pid` = 28 AND `status` = 1  [ RunTime:0.0004s ]
INFO: Run Behavior\ParseTemplateBehavior [ RunTime:0.153474s ]
INFO: [ view_parse ] --END-- [ RunTime:0.153636s ]
INFO: [ view_filter ] --START--
INFO: Run Behavior\WriteHtmlCacheBehavior [ RunTime:0.000513s ]
INFO: [ view_filter ] --END-- [ RunTime:0.000666s ]
INFO: [ app_end ] --START--
INFO: Run Behavior\ShowPageTraceBehavior [ RunTime:0.000876s ]
INFO: [ app_end ] --END-- [ RunTime:0.001029s ]

[ 2015-11-12T10:20:01+08:00 ] 127.0.0.1 /newadmin/index.php/Admin/Index/index.html
INFO: [ app_init ] --START--
INFO: Run Behavior\BuildLiteBehavior [ RunTime:0.000050s ]
INFO: [ app_init ] --END-- [ RunTime:0.001031s ]
INFO: [ app_begin ] --START--
INFO: Run Behavior\ReadHtmlCacheBehavior [ RunTime:0.001321s ]
INFO: [ app_begin ] --END-- [ RunTime:0.001570s ]
SQL: SHOW COLUMNS FROM `mr_news` [ RunTime:0.0030s ]
SQL: SELECT * FROM `mr_news` WHERE `news_time` BETWEEN 1446307200 AND 1447294801 ORDER BY news_hits desc LIMIT 0,8   [ RunTime:0.0003s ]
SQL: SELECT COUNT(*) AS tp_count FROM `mr_news` LIMIT 1   [ RunTime:0.0002s ]
SQL: SELECT COUNT(*) AS tp_count FROM `mr_news` WHERE `news_time` >= 1447257600 LIMIT 1   [ RunTime:0.0002s ]
SQL: SELECT COUNT(*) AS tp_count FROM `mr_news` WHERE `news_time` BETWEEN 1447171200 AND 1447257600 LIMIT 1   [ RunTime:0.0002s ]
NOTIC: [2] Division by zero E:\wamp\www\newadmin\Application\Admin\Controller\IndexController.class.php 第 35 行.
INFO: [ view_parse ] --START--
INFO: [ template_filter ] --START--
INFO: Run Behavior\ContentReplaceBehavior [ RunTime:0.000143s ]
INFO: [ template_filter ] --END-- [ RunTime:0.000234s ]
SQL: SHOW COLUMNS FROM `mr_auth_rule` [ RunTime:0.0028s ]
SQL: SELECT `id`,`name`,`title`,`css` FROM `mr_auth_rule` WHERE ( pid=0 AND status=1 )  [ RunTime:0.0002s ]
SQL: SHOW COLUMNS FROM `mr_auth_group_access` [ RunTime:0.0026s ]
SQL: SELECT `uid`,`group_id`,`title`,`rules` FROM mr_auth_group_access a INNER JOIN mr_auth_group g on a.group_id=g.id  WHERE ( a.uid='1' and g.status='1' )  [ RunTime:0.0002s ]
SQL: SHOW COLUMNS FROM `mr_auth_rule` [ RunTime:0.0027s ]
SQL: SELECT `condition`,`name` FROM `mr_auth_rule` WHERE `id` IN ('1','2','6','10','19') AND `type` = 1 AND `status` = 1  [ RunTime:0.0002s ]
SQL: SELECT * FROM `mr_auth_rule` WHERE `pid` = 1 AND `status` = 1  [ RunTime:0.0003s ]
SQL: SELECT * FROM `mr_auth_rule` WHERE `pid` = 7 AND `status` = 1  [ RunTime:0.0003s ]
SQL: SELECT * FROM `mr_auth_rule` WHERE `pid` = 22 AND `status` = 1  [ RunTime:0.0002s ]
SQL: SELECT * FROM `mr_auth_rule` WHERE `pid` = 27 AND `status` = 1  [ RunTime:0.0002s ]
SQL: SELECT * FROM `mr_auth_rule` WHERE `pid` = 28 AND `status` = 1  [ RunTime:0.0002s ]
INFO: Run Behavior\ParseTemplateBehavior [ RunTime:0.034574s ]
INFO: [ view_parse ] --END-- [ RunTime:0.034669s ]
INFO: [ view_filter ] --START--
INFO: Run Behavior\WriteHtmlCacheBehavior [ RunTime:0.000371s ]
INFO: [ view_filter ] --END-- [ RunTime:0.000454s ]
INFO: [ app_end ] --START--
INFO: Run Behavior\ShowPageTraceBehavior [ RunTime:0.000514s ]
INFO: [ app_end ] --END-- [ RunTime:0.000603s ]

[ 2015-11-12T10:20:02+08:00 ] 127.0.0.1 /newadmin/index.php/Admin/Index/index.html
INFO: [ app_init ] --START--
INFO: Run Behavior\BuildLiteBehavior [ RunTime:0.000036s ]
INFO: [ app_init ] --END-- [ RunTime:0.000787s ]
INFO: [ app_begin ] --START--
INFO: Run Behavior\ReadHtmlCacheBehavior [ RunTime:0.000975s ]
INFO: [ app_begin ] --END-- [ RunTime:0.001141s ]
SQL: SHOW COLUMNS FROM `mr_news` [ RunTime:0.0027s ]
SQL: SELECT * FROM `mr_news` WHERE `news_time` BETWEEN 1446307200 AND 1447294802 ORDER BY news_hits desc LIMIT 0,8   [ RunTime:0.0002s ]
SQL: SELECT COUNT(*) AS tp_count FROM `mr_news` LIMIT 1   [ RunTime:0.0001s ]
SQL: SELECT COUNT(*) AS tp_count FROM `mr_news` WHERE `news_time` >= 1447257600 LIMIT 1   [ RunTime:0.0001s ]
SQL: SELECT COUNT(*) AS tp_count FROM `mr_news` WHERE `news_time` BETWEEN 1447171200 AND 1447257600 LIMIT 1   [ RunTime:0.0001s ]
NOTIC: [2] Division by zero E:\wamp\www\newadmin\Application\Admin\Controller\IndexController.class.php 第 35 行.
INFO: [ view_parse ] --START--
INFO: [ template_filter ] --START--
INFO: Run Behavior\ContentReplaceBehavior [ RunTime:0.000105s ]
INFO: [ template_filter ] --END-- [ RunTime:0.000169s ]
SQL: SHOW COLUMNS FROM `mr_auth_rule` [ RunTime:0.0021s ]
SQL: SELECT `id`,`name`,`title`,`css` FROM `mr_auth_rule` WHERE ( pid=0 AND status=1 )  [ RunTime:0.0002s ]
SQL: SHOW COLUMNS FROM `mr_auth_group_access` [ RunTime:0.0020s ]
SQL: SELECT `uid`,`group_id`,`title`,`rules` FROM mr_auth_group_access a INNER JOIN mr_auth_group g on a.group_id=g.id  WHERE ( a.uid='1' and g.status='1' )  [ RunTime:0.0002s ]
SQL: SHOW COLUMNS FROM `mr_auth_rule` [ RunTime:0.0020s ]
SQL: SELECT `condition`,`name` FROM `mr_auth_rule` WHERE `id` IN ('1','2','6','10','19') AND `type` = 1 AND `status` = 1  [ RunTime:0.0002s ]
SQL: SELECT * FROM `mr_auth_rule` WHERE `pid` = 1 AND `status` = 1  [ RunTime:0.0002s ]
SQL: SELECT * FROM `mr_auth_rule` WHERE `pid` = 7 AND `status` = 1  [ RunTime:0.0002s ]
SQL: SELECT * FROM `mr_auth_rule` WHERE `pid` = 22 AND `status` = 1  [ RunTime:0.0002s ]
SQL: SELECT * FROM `mr_auth_rule` WHERE `pid` = 27 AND `status` = 1  [ RunTime:0.0002s ]
SQL: SELECT * FROM `mr_auth_rule` WHERE `pid` = 28 AND `status` = 1  [ RunTime:0.0002s ]
INFO: Run Behavior\ParseTemplateBehavior [ RunTime:0.035026s ]
INFO: [ view_parse ] --END-- [ RunTime:0.035104s ]
INFO: [ view_filter ] --START--
INFO: Run Behavior\WriteHtmlCacheBehavior [ RunTime:0.000293s ]
INFO: [ view_filter ] --END-- [ RunTime:0.000360s ]
INFO: [ app_end ] --START--
INFO: Run Behavior\ShowPageTraceBehavior [ RunTime:0.000390s ]
INFO: [ app_end ] --END-- [ RunTime:0.000459s ]

[ 2015-11-12T10:20:02+08:00 ] 127.0.0.1 /newadmin/index.php/Admin/Index/index.html
INFO: [ app_init ] --START--
INFO: Run Behavior\BuildLiteBehavior [ RunTime:0.000014s ]
INFO: [ app_init ] --END-- [ RunTime:0.000253s ]
INFO: [ app_begin ] --START--
INFO: Run Behavior\ReadHtmlCacheBehavior [ RunTime:0.000304s ]
INFO: [ app_begin ] --END-- [ RunTime:0.000370s ]
SQL: SHOW COLUMNS FROM `mr_news` [ RunTime:0.0029s ]
SQL: SELECT * FROM `mr_news` WHERE `news_time` BETWEEN 1446307200 AND 1447294802 ORDER BY news_hits desc LIMIT 0,8   [ RunTime:0.0002s ]
SQL: SELECT COUNT(*) AS tp_count FROM `mr_news` LIMIT 1   [ RunTime:0.0001s ]
SQL: SELECT COUNT(*) AS tp_count FROM `mr_news` WHERE `news_time` >= 1447257600 LIMIT 1   [ RunTime:0.0001s ]
SQL: SELECT COUNT(*) AS tp_count FROM `mr_news` WHERE `news_time` BETWEEN 1447171200 AND 1447257600 LIMIT 1   [ RunTime:0.0001s ]
NOTIC: [2] Division by zero E:\wamp\www\newadmin\Application\Admin\Controller\IndexController.class.php 第 35 行.
INFO: [ view_parse ] --START--
INFO: [ template_filter ] --START--
INFO: Run Behavior\ContentReplaceBehavior [ RunTime:0.000117s ]
INFO: [ template_filter ] --END-- [ RunTime:0.000205s ]
SQL: SHOW COLUMNS FROM `mr_auth_rule` [ RunTime:0.0025s ]
SQL: SELECT `id`,`name`,`title`,`css` FROM `mr_auth_rule` WHERE ( pid=0 AND status=1 )  [ RunTime:0.0002s ]
SQL: SHOW COLUMNS FROM `mr_auth_group_access` [ RunTime:0.0020s ]
SQL: SELECT `uid`,`group_id`,`title`,`rules` FROM mr_auth_group_access a INNER JOIN mr_auth_group g on a.group_id=g.id  WHERE ( a.uid='1' and g.status='1' )  [ RunTime:0.0002s ]
SQL: SHOW COLUMNS FROM `mr_auth_rule` [ RunTime:0.0020s ]
SQL: SELECT `condition`,`name` FROM `mr_auth_rule` WHERE `id` IN ('1','2','6','10','19') AND `type` = 1 AND `status` = 1  [ RunTime:0.0002s ]
SQL: SELECT * FROM `mr_auth_rule` WHERE `pid` = 1 AND `status` = 1  [ RunTime:0.0002s ]
SQL: SELECT * FROM `mr_auth_rule` WHERE `pid` = 7 AND `status` = 1  [ RunTime:0.0002s ]
SQL: SELECT * FROM `mr_auth_rule` WHERE `pid` = 22 AND `status` = 1  [ RunTime:0.0003s ]
SQL: SELECT * FROM `mr_auth_rule` WHERE `pid` = 27 AND `status` = 1  [ RunTime:0.0002s ]
SQL: SELECT * FROM `mr_auth_rule` WHERE `pid` = 28 AND `status` = 1  [ RunTime:0.0001s ]
INFO: Run Behavior\ParseTemplateBehavior [ RunTime:0.035283s ]
INFO: [ view_parse ] --END-- [ RunTime:0.035363s ]
INFO: [ view_filter ] --START--
INFO: Run Behavior\WriteHtmlCacheBehavior [ RunTime:0.000257s ]
INFO: [ view_filter ] --END-- [ RunTime:0.000323s ]
INFO: [ app_end ] --START--
INFO: Run Behavior\ShowPageTraceBehavior [ RunTime:0.000361s ]
INFO: [ app_end ] --END-- [ RunTime:0.000430s ]

[ 2015-11-12T11:27:13+08:00 ] 127.0.0.1 /newadmin/index.php/Admin/Sys/admin_list/s/15.html
INFO: [ app_init ] --START--
INFO: Run Behavior\BuildLiteBehavior [ RunTime:0.000032s ]
INFO: [ app_init ] --END-- [ RunTime:0.000726s ]
INFO: [ app_begin ] --START--
INFO: Run Behavior\ReadHtmlCacheBehavior [ RunTime:0.000826s ]
INFO: [ app_begin ] --END-- [ RunTime:0.000982s ]
SQL: SHOW COLUMNS FROM `mr_auth_group_access` [ RunTime:0.0048s ]
SQL: SELECT `uid`,`group_id`,`title`,`rules` FROM mr_auth_group_access a INNER JOIN mr_auth_group g on a.group_id=g.id  WHERE ( a.uid='1' and g.status='1' )  [ RunTime:0.0011s ]
SQL: SHOW COLUMNS FROM `mr_auth_rule` [ RunTime:0.0029s ]
SQL: SELECT `condition`,`name` FROM `mr_auth_rule` WHERE `id` IN ('1','2','6','10','19') AND `type` = 1 AND `status` = 1  [ RunTime:0.0002s ]
SQL: SHOW COLUMNS FROM `mr_admin` [ RunTime:0.0027s ]
NOTIC: [8] Undefined variable: map E:\wamp\www\newadmin\Application\Admin\Controller\SysController.class.php 第 51 行.
SQL: SELECT COUNT(*) AS tp_count FROM `mr_admin` LIMIT 1   [ RunTime:0.0001s ]
NOTIC: [8] Undefined variable: map E:\wamp\www\newadmin\Application\Admin\Controller\SysController.class.php 第 54 行.
NOTIC: [2] Invalid argument supplied for foreach() E:\wamp\www\newadmin\Application\Admin\Controller\SysController.class.php 第 54 行.
NOTIC: [8] Undefined variable: map E:\wamp\www\newadmin\Application\Admin\Controller\SysController.class.php 第 59 行.
SQL: SELECT * FROM `mr_admin` ORDER BY admin_id LIMIT 0,10   [ RunTime:0.0002s ]
SQL: SHOW COLUMNS FROM `mr_auth_group_access` [ RunTime:0.0022s ]
SQL: SELECT `uid`,`group_id`,`title`,`rules` FROM mr_auth_group_access a INNER JOIN mr_auth_group g on a.group_id=g.id  WHERE ( a.uid='2' and g.status='1' )  [ RunTime:0.0002s ]
INFO: [ view_parse ] --START--
INFO: [ template_filter ] --START--
INFO: Run Behavior\ContentReplaceBehavior [ RunTime:0.000134s ]
INFO: [ template_filter ] --END-- [ RunTime:0.000221s ]
SQL: SHOW COLUMNS FROM `mr_auth_rule` [ RunTime:0.0025s ]
SQL: SELECT `id`,`name`,`title`,`css` FROM `mr_auth_rule` WHERE ( pid=0 AND status=1 )  [ RunTime:0.0002s ]
SQL: SELECT * FROM `mr_auth_rule` WHERE `pid` = 1 AND `status` = 1  [ RunTime:0.0002s ]
SQL: SELECT * FROM `mr_auth_rule` WHERE `pid` = 7 AND `status` = 1  [ RunTime:0.0002s ]
SQL: SELECT * FROM `mr_auth_rule` WHERE `pid` = 22 AND `status` = 1  [ RunTime:0.0002s ]
SQL: SELECT * FROM `mr_auth_rule` WHERE `pid` = 27 AND `status` = 1  [ RunTime:0.0002s ]
SQL: SELECT * FROM `mr_auth_rule` WHERE `pid` = 28 AND `status` = 1  [ RunTime:0.0002s ]
NOTIC: [8] Use of undefined constant admin_open - assumed 'admin_open' E:\wamp\www\newadmin\Application\Runtime\Cache\Admin\4180b128332bb55c64012cd90a13c6c1.php 第 501 行.
NOTIC: [8] Use of undefined constant admin_open - assumed 'admin_open' E:\wamp\www\newadmin\Application\Runtime\Cache\Admin\4180b128332bb55c64012cd90a13c6c1.php 第 501 行.
SQL: SELECT * FROM `mr_auth_rule` WHERE `pid` = 15 AND `status` = 1  [ RunTime:0.0002s ]
INFO: Run Behavior\ParseTemplateBehavior [ RunTime:0.044535s ]
INFO: [ view_parse ] --END-- [ RunTime:0.044627s ]
INFO: [ view_filter ] --START--
INFO: Run Behavior\WriteHtmlCacheBehavior [ RunTime:0.000323s ]
INFO: [ view_filter ] --END-- [ RunTime:0.000400s ]
INFO: [ app_end ] --START--
INFO: Run Behavior\ShowPageTraceBehavior [ RunTime:0.000501s ]
INFO: [ app_end ] --END-- [ RunTime:0.000580s ]

[ 2015-11-12T11:27:14+08:00 ] 127.0.0.1 /newadmin/index.php/Admin/Sys/admin_rule.html
INFO: [ app_init ] --START--
INFO: Run Behavior\BuildLiteBehavior [ RunTime:0.000042s ]
INFO: [ app_init ] --END-- [ RunTime:0.000827s ]
INFO: [ app_begin ] --START--
INFO: Run Behavior\ReadHtmlCacheBehavior [ RunTime:0.000912s ]
INFO: [ app_begin ] --END-- [ RunTime:0.001106s ]
SQL: SHOW COLUMNS FROM `mr_auth_group_access` [ RunTime:0.0051s ]
SQL: SELECT `uid`,`group_id`,`title`,`rules` FROM mr_auth_group_access a INNER JOIN mr_auth_group g on a.group_id=g.id  WHERE ( a.uid='1' and g.status='1' )  [ RunTime:0.0003s ]
SQL: SHOW COLUMNS FROM `mr_auth_rule` [ RunTime:0.0027s ]
SQL: SELECT `condition`,`name` FROM `mr_auth_rule` WHERE `id` IN ('1','2','6','10','19') AND `type` = 1 AND `status` = 1  [ RunTime:0.0002s ]
SQL: SHOW COLUMNS FROM `mr_auth_rule` [ RunTime:0.0027s ]
SQL: SELECT * FROM `mr_auth_rule` ORDER BY sort  [ RunTime:0.0004s ]
INFO: [ view_parse ] --START--
INFO: [ template_filter ] --START--
INFO: Run Behavior\ContentReplaceBehavior [ RunTime:0.000154s ]
INFO: [ template_filter ] --END-- [ RunTime:0.000254s ]
SQL: SELECT `id`,`name`,`title`,`css` FROM `mr_auth_rule` WHERE ( pid=0 AND status=1 )  [ RunTime:0.0003s ]
SQL: SELECT * FROM `mr_auth_rule` WHERE `pid` = 1 AND `status` = 1  [ RunTime:0.0003s ]
SQL: SELECT * FROM `mr_auth_rule` WHERE `pid` = 7 AND `status` = 1  [ RunTime:0.0003s ]
SQL: SELECT * FROM `mr_auth_rule` WHERE `pid` = 22 AND `status` = 1  [ RunTime:0.0003s ]
SQL: SELECT * FROM `mr_auth_rule` WHERE `pid` = 27 AND `status` = 1  [ RunTime:0.0003s ]
SQL: SELECT * FROM `mr_auth_rule` WHERE `pid` = 28 AND `status` = 1  [ RunTime:0.0002s ]
NOTIC: [8] Use of undefined constant status - assumed 'status' E:\wamp\www\newadmin\Application\Runtime\Cache\Admin\c06bcf7b3913a02cfa55b7e5f0a23e79.php 第 553 行.
NOTIC: [8] Use of undefined constant status - assumed 'status' E:\wamp\www\newadmin\Application\Runtime\Cache\Admin\c06bcf7b3913a02cfa55b7e5f0a23e79.php 第 553 行.
NOTIC: [8] Use of undefined constant status - assumed 'status' E:\wamp\www\newadmin\Application\Runtime\Cache\Admin\c06bcf7b3913a02cfa55b7e5f0a23e79.php 第 553 行.
NOTIC: [8] Use of undefined constant status - assumed 'status' E:\wamp\www\newadmin\Application\Runtime\Cache\Admin\c06bcf7b3913a02cfa55b7e5f0a23e79.php 第 553 行.
NOTIC: [8] Use of undefined constant status - assumed 'status' E:\wamp\www\newadmin\Application\Runtime\Cache\Admin\c06bcf7b3913a02cfa55b7e5f0a23e79.php 第 553 行.
NOTIC: [8] Use of undefined constant status - assumed 'status' E:\wamp\www\newadmin\Application\Runtime\Cache\Admin\c06bcf7b3913a02cfa55b7e5f0a23e79.php 第 553 行.
NOTIC: [8] Use of undefined constant status - assumed 'status' E:\wamp\www\newadmin\Application\Runtime\Cache\Admin\c06bcf7b3913a02cfa55b7e5f0a23e79.php 第 553 行.
NOTIC: [8] Use of undefined constant status - assumed 'status' E:\wamp\www\newadmin\Application\Runtime\Cache\Admin\c06bcf7b3913a02cfa55b7e5f0a23e79.php 第 553 行.
NOTIC: [8] Use of undefined constant status - assumed 'status' E:\wamp\www\newadmin\Application\Runtime\Cache\Admin\c06bcf7b3913a02cfa55b7e5f0a23e79.php 第 553 行.
NOTIC: [8] Use of undefined constant status - assumed 'status' E:\wamp\www\newadmin\Application\Runtime\Cache\Admin\c06bcf7b3913a02cfa55b7e5f0a23e79.php 第 553 行.
NOTIC: [8] Use of undefined constant status - assumed 'status' E:\wamp\www\newadmin\Application\Runtime\Cache\Admin\c06bcf7b3913a02cfa55b7e5f0a23e79.php 第 553 行.
NOTIC: [8] Use of undefined constant status - assumed 'status' E:\wamp\www\newadmin\Application\Runtime\Cache\Admin\c06bcf7b3913a02cfa55b7e5f0a23e79.php 第 553 行.
NOTIC: [8] Use of undefined constant status - assumed 'status' E:\wamp\www\newadmin\Application\Runtime\Cache\Admin\c06bcf7b3913a02cfa55b7e5f0a23e79.php 第 553 行.
NOTIC: [8] Use of undefined constant status - assumed 'status' E:\wamp\www\newadmin\Application\Runtime\Cache\Admin\c06bcf7b3913a02cfa55b7e5f0a23e79.php 第 553 行.
NOTIC: [8] Use of undefined constant status - assumed 'status' E:\wamp\www\newadmin\Application\Runtime\Cache\Admin\c06bcf7b3913a02cfa55b7e5f0a23e79.php 第 553 行.
NOTIC: [8] Use of undefined constant status - assumed 'status' E:\wamp\www\newadmin\Application\Runtime\Cache\Admin\c06bcf7b3913a02cfa55b7e5f0a23e79.php 第 553 行.
NOTIC: [8] Use of undefined constant status - assumed 'status' E:\wamp\www\newadmin\Application\Runtime\Cache\Admin\c06bcf7b3913a02cfa55b7e5f0a23e79.php 第 553 行.
NOTIC: [8] Use of undefined constant status - assumed 'status' E:\wamp\www\newadmin\Application\Runtime\Cache\Admin\c06bcf7b3913a02cfa55b7e5f0a23e79.php 第 553 行.
NOTIC: [8] Use of undefined constant status - assumed 'status' E:\wamp\www\newadmin\Application\Runtime\Cache\Admin\c06bcf7b3913a02cfa55b7e5f0a23e79.php 第 553 行.
NOTIC: [8] Use of undefined constant status - assumed 'status' E:\wamp\www\newadmin\Application\Runtime\Cache\Admin\c06bcf7b3913a02cfa55b7e5f0a23e79.php 第 553 行.
NOTIC: [8] Use of undefined constant status - assumed 'status' E:\wamp\www\newadmin\Application\Runtime\Cache\Admin\c06bcf7b3913a02cfa55b7e5f0a23e79.php 第 553 行.
NOTIC: [8] Use of undefined constant status - assumed 'status' E:\wamp\www\newadmin\Application\Runtime\Cache\Admin\c06bcf7b3913a02cfa55b7e5f0a23e79.php 第 553 行.
NOTIC: [8] Use of undefined constant status - assumed 'status' E:\wamp\www\newadmin\Application\Runtime\Cache\Admin\c06bcf7b3913a02cfa55b7e5f0a23e79.php 第 553 行.
NOTIC: [8] Use of undefined constant status - assumed 'status' E:\wamp\www\newadmin\Application\Runtime\Cache\Admin\c06bcf7b3913a02cfa55b7e5f0a23e79.php 第 553 行.
NOTIC: [8] Use of undefined constant status - assumed 'status' E:\wamp\www\newadmin\Application\Runtime\Cache\Admin\c06bcf7b3913a02cfa55b7e5f0a23e79.php 第 553 行.
NOTIC: [8] Use of undefined constant status - assumed 'status' E:\wamp\www\newadmin\Application\Runtime\Cache\Admin\c06bcf7b3913a02cfa55b7e5f0a23e79.php 第 553 行.
NOTIC: [8] Use of undefined constant status - assumed 'status' E:\wamp\www\newadmin\Application\Runtime\Cache\Admin\c06bcf7b3913a02cfa55b7e5f0a23e79.php 第 553 行.
NOTIC: [8] Use of undefined constant status - assumed 'status' E:\wamp\www\newadmin\Application\Runtime\Cache\Admin\c06bcf7b3913a02cfa55b7e5f0a23e79.php 第 553 行.
NOTIC: [8] Use of undefined constant status - assumed 'status' E:\wamp\www\newadmin\Application\Runtime\Cache\Admin\c06bcf7b3913a02cfa55b7e5f0a23e79.php 第 553 行.
SQL: SELECT * FROM `mr_auth_rule` WHERE `pid` = 15 AND `status` = 1  [ RunTime:0.0002s ]
INFO: Run Behavior\ParseTemplateBehavior [ RunTime:0.038324s ]
INFO: [ view_parse ] --END-- [ RunTime:0.038409s ]
INFO: [ view_filter ] --START--
INFO: Run Behavior\WriteHtmlCacheBehavior [ RunTime:0.000295s ]
INFO: [ view_filter ] --END-- [ RunTime:0.000358s ]
INFO: [ app_end ] --START--
INFO: Run Behavior\ShowPageTraceBehavior [ RunTime:0.000411s ]
INFO: [ app_end ] --END-- [ RunTime:0.000477s ]

