[ 2015-12-16T22:17:38+08:00 ] 127.0.0.1 /iadmin.php/Index/index
INFO: [ route_check ] --START--
INFO: CheckRoute Behavior ::run [ RunTime:0.015001s ]
INFO: [ route_check ] --END-- [ RunTime:0.015001s ]
INFO: [ app_begin ] --START--
INFO: ReadHtmlCache Behavior ::run [ RunTime:0.010001s ]
INFO: [ app_begin ] --END-- [ RunTime:0.011001s ]
INFO: [ view_parse ] --START--
INFO: ParseTemplate Behavior ::run [ RunTime:0.145008s ]
INFO: [ view_parse ] --END-- [ RunTime:0.145008s ]
INFO: [ view_filter ] --START--
INFO: ContentReplace Behavior ::run [ RunTime:0.046003s ]
INFO: TokenBuild Behavior ::run [ RunTime:0.012000s ]
INFO: WriteHtmlCache Behavior ::run [ RunTime:0.008001s ]
INFO: ShowRuntime Behavior ::run [ RunTime:0.003000s ]
INFO: [ view_filter ] --END-- [ RunTime:0.069004s ]
INFO: [ view_end ] --START--
INFO: ShowPageTrace Behavior ::run [ RunTime:0.028001s ]
INFO: [ view_end ] --END-- [ RunTime:0.028001s ]

[ 2015-12-16T22:17:50+08:00 ] 127.0.0.1 /iadmin.php/Index/login
INFO: [ route_check ] --START--
INFO: CheckRoute Behavior ::run [ RunTime:0.002000s ]
INFO: [ route_check ] --END-- [ RunTime:0.002000s ]
INFO: [ app_begin ] --START--
INFO: ReadHtmlCache Behavior ::run [ RunTime:0.001000s ]
INFO: [ app_begin ] --END-- [ RunTime:0.001000s ]
INFO: [ view_parse ] --START--
INFO: ParseTemplate Behavior ::run [ RunTime:0.031002s ]
INFO: [ view_parse ] --END-- [ RunTime:0.031002s ]
INFO: [ view_filter ] --START--
INFO: ContentReplace Behavior ::run [ RunTime:0.000000s ]
INFO: TokenBuild Behavior ::run [ RunTime:0.002000s ]
INFO: WriteHtmlCache Behavior ::run [ RunTime:0.000000s ]
INFO: ShowRuntime Behavior ::run [ RunTime:0.001000s ]
INFO: [ view_filter ] --END-- [ RunTime:0.028002s ]
INFO: [ view_end ] --START--
INFO: ShowPageTrace Behavior ::run [ RunTime:0.001000s ]
INFO: [ view_end ] --END-- [ RunTime:0.001000s ]

[ 2015-12-16T22:18:00+08:00 ] 127.0.0.1 /iadmin.php/Index/loginCheck
INFO: [ route_check ] --START--
INFO: CheckRoute Behavior ::run [ RunTime:0.001000s ]
INFO: [ route_check ] --END-- [ RunTime:0.001000s ]
INFO: [ app_begin ] --START--
INFO: ReadHtmlCache Behavior ::run [ RunTime:0.001000s ]
INFO: [ app_begin ] --END-- [ RunTime:0.002000s ]
NOTIC: 建议使用I方法替代_post
SQL: SHOW COLUMNS FROM `shuijian_admin` [ RunTime:0.055003s ]
SQL: SELECT `admin_id` FROM `shuijian_admin` WHERE ( `admin_username` = 'admin' ) LIMIT 1   [ RunTime:0.001000s ]
NOTIC: 建议使用I方法替代_post
SQL: SELECT * FROM `shuijian_admin` WHERE ( `admin_username` = 'admin' ) AND ( `admin_pwd` = 'd41d8cd98f00b204e9800998ecf8427e' ) AND ( `admin_open` = 1 ) LIMIT 1   [ RunTime:0.001000s ]
SQL: UPDATE `shuijian_admin` SET `admin_lasttime`=1450275480 WHERE ( admin_id=1 ) [ RunTime:0.003000s ]

[ 2015-12-16T22:18:01+08:00 ] 127.0.0.1 /iadmin.php/Index/index
INFO: [ route_check ] --START--
INFO: CheckRoute Behavior ::run [ RunTime:0.001000s ]
INFO: [ route_check ] --END-- [ RunTime:0.001000s ]
INFO: [ app_begin ] --START--
INFO: ReadHtmlCache Behavior ::run [ RunTime:0.001000s ]
INFO: [ app_begin ] --END-- [ RunTime:0.001000s ]
INFO: [ view_parse ] --START--
INFO: ParseTemplate Behavior ::run [ RunTime:0.062003s ]
INFO: [ view_parse ] --END-- [ RunTime:0.063003s ]
INFO: [ view_filter ] --START--
INFO: ContentReplace Behavior ::run [ RunTime:0.001000s ]
INFO: TokenBuild Behavior ::run [ RunTime:0.001000s ]
INFO: WriteHtmlCache Behavior ::run [ RunTime:0.000000s ]
INFO: ShowRuntime Behavior ::run [ RunTime:0.000000s ]
INFO: [ view_filter ] --END-- [ RunTime:0.003000s ]
INFO: [ view_end ] --START--
INFO: ShowPageTrace Behavior ::run [ RunTime:0.001000s ]
INFO: [ view_end ] --END-- [ RunTime:0.001000s ]

[ 2015-12-16T22:39:48+08:00 ] 127.0.0.1 /iadmin.php/Sys/admin_list
INFO: [ route_check ] --START--
INFO: CheckRoute Behavior ::run [ RunTime:0.002000s ]
INFO: [ route_check ] --END-- [ RunTime:0.002000s ]
INFO: [ app_begin ] --START--
INFO: ReadHtmlCache Behavior ::run [ RunTime:0.001001s ]
INFO: [ app_begin ] --END-- [ RunTime:0.001001s ]
SQL: SHOW COLUMNS FROM `admin` [ RunTime:0.039003s ]
ERR: 1146:Table 'shuijian.admin' doesn't exist
 [ SQL语句 ] : SHOW COLUMNS FROM `admin`
NOTIC: 建议使用I方法替代_get
ERR: Model:getList您所请求的方法不存在！

[ 2015-12-16T23:12:58+08:00 ] 127.0.0.1 /iadmin.php/Sys/admin_list
INFO: [ route_check ] --START--
INFO: CheckRoute Behavior ::run [ RunTime:0.021001s ]
INFO: [ route_check ] --END-- [ RunTime:0.021001s ]
INFO: [ app_begin ] --START--
INFO: ReadHtmlCache Behavior ::run [ RunTime:0.008000s ]
INFO: [ app_begin ] --END-- [ RunTime:0.008000s ]
SQL: SHOW COLUMNS FROM `admin` [ RunTime:0.014001s ]
ERR: 1146:Table 'shuijian.admin' doesn't exist
 [ SQL语句 ] : SHOW COLUMNS FROM `admin`
NOTIC: 建议使用I方法替代_get
ERR: Model:getList您所请求的方法不存在！

[ 2015-12-16T23:15:51+08:00 ] 127.0.0.1 /iadmin.php/Sys/admin_list
INFO: [ route_check ] --START--
INFO: CheckRoute Behavior ::run [ RunTime:0.001000s ]
INFO: [ route_check ] --END-- [ RunTime:0.001000s ]
INFO: [ app_begin ] --START--
INFO: ReadHtmlCache Behavior ::run [ RunTime:0.001000s ]
INFO: [ app_begin ] --END-- [ RunTime:0.001000s ]
SQL: SHOW COLUMNS FROM `admin` [ RunTime:0.006001s ]
ERR: 1146:Table 'shuijian.admin' doesn't exist
 [ SQL语句 ] : SHOW COLUMNS FROM `admin`
NOTIC: 建议使用I方法替代_get
ERR: Model:getList您所请求的方法不存在！

[ 2015-12-16T23:17:23+08:00 ] 127.0.0.1 /iadmin.php/Sys/admin_list
INFO: [ route_check ] --START--
INFO: CheckRoute Behavior ::run [ RunTime:0.001000s ]
INFO: [ route_check ] --END-- [ RunTime:0.001000s ]
INFO: [ app_begin ] --START--
INFO: ReadHtmlCache Behavior ::run [ RunTime:0.002000s ]
INFO: [ app_begin ] --END-- [ RunTime:0.002000s ]
SQL: SHOW COLUMNS FROM `shujian_admin` [ RunTime:0.007000s ]
ERR: 1146:Table 'shuijian.shujian_admin' doesn't exist
 [ SQL语句 ] : SHOW COLUMNS FROM `shujian_admin`
NOTIC: 建议使用I方法替代_get
SQL: SELECT `admin_id`,`admin_username`,`admin_email`,`admin_realname` FROM `shujian_admin` WHERE ( 1=1 ) ORDER BY admin_id DESC LIMIT 0,10   [ RunTime:0.025002s ]
ERR: 1146:Table 'shuijian.shujian_admin' doesn't exist
 [ SQL语句 ] : SELECT `admin_id`,`admin_username`,`admin_email`,`admin_realname` FROM `shujian_admin` WHERE ( 1=1 ) ORDER BY admin_id DESC LIMIT 0,10  
SQL: SELECT COUNT(*) AS tp_count FROM `shujian_admin` WHERE ( 1=1 ) LIMIT 1   [ RunTime:0.060003s ]
ERR: 1146:Table 'shuijian.shujian_admin' doesn't exist
 [ SQL语句 ] : SELECT COUNT(*) AS tp_count FROM `shujian_admin` WHERE ( 1=1 ) LIMIT 1  
INFO: [ view_parse ] --START--
INFO: ParseTemplate Behavior ::run [ RunTime:0.322018s ]
INFO: [ view_parse ] --END-- [ RunTime:0.323018s ]
INFO: [ view_filter ] --START--
INFO: ContentReplace Behavior ::run [ RunTime:0.023001s ]
INFO: TokenBuild Behavior ::run [ RunTime:0.046003s ]
INFO: WriteHtmlCache Behavior ::run [ RunTime:0.004000s ]
INFO: ShowRuntime Behavior ::run [ RunTime:0.002000s ]
INFO: [ view_filter ] --END-- [ RunTime:0.075004s ]
INFO: [ view_end ] --START--
INFO: ShowPageTrace Behavior ::run [ RunTime:0.006001s ]
INFO: [ view_end ] --END-- [ RunTime:0.006001s ]

[ 2015-12-16T23:17:56+08:00 ] 127.0.0.1 /iadmin.php/Sys/admin_list
INFO: [ route_check ] --START--
INFO: CheckRoute Behavior ::run [ RunTime:0.002000s ]
INFO: [ route_check ] --END-- [ RunTime:0.002000s ]
INFO: [ app_begin ] --START--
INFO: ReadHtmlCache Behavior ::run [ RunTime:0.001000s ]
INFO: [ app_begin ] --END-- [ RunTime:0.001000s ]
SQL: SHOW COLUMNS FROM `shujian_admin` [ RunTime:0.008000s ]
ERR: 1146:Table 'shuijian.shujian_admin' doesn't exist
 [ SQL语句 ] : SHOW COLUMNS FROM `shujian_admin`
NOTIC: 建议使用I方法替代_get
SQL: SELECT `admin_id`,`admin_username`,`admin_email`,`admin_realname` FROM `shujian_admin` WHERE ( 1=1 ) ORDER BY admin_id DESC LIMIT 0,10   [ RunTime:0.001001s ]
ERR: 1146:Table 'shuijian.shujian_admin' doesn't exist
 [ SQL语句 ] : SELECT `admin_id`,`admin_username`,`admin_email`,`admin_realname` FROM `shujian_admin` WHERE ( 1=1 ) ORDER BY admin_id DESC LIMIT 0,10  
SQL: SELECT COUNT(*) AS tp_count FROM `shujian_admin` WHERE ( 1=1 ) LIMIT 1   [ RunTime:0.000000s ]
ERR: 1146:Table 'shuijian.shujian_admin' doesn't exist
 [ SQL语句 ] : SELECT COUNT(*) AS tp_count FROM `shujian_admin` WHERE ( 1=1 ) LIMIT 1  
INFO: [ view_parse ] --START--
INFO: ParseTemplate Behavior ::run [ RunTime:0.039002s ]
INFO: [ view_parse ] --END-- [ RunTime:0.039002s ]
INFO: [ view_filter ] --START--
INFO: ContentReplace Behavior ::run [ RunTime:0.001000s ]
INFO: TokenBuild Behavior ::run [ RunTime:0.001000s ]
INFO: WriteHtmlCache Behavior ::run [ RunTime:0.001000s ]
INFO: ShowRuntime Behavior ::run [ RunTime:0.001000s ]
INFO: [ view_filter ] --END-- [ RunTime:0.004000s ]
INFO: [ view_end ] --START--
INFO: ShowPageTrace Behavior ::run [ RunTime:0.001000s ]
INFO: [ view_end ] --END-- [ RunTime:0.001000s ]

[ 2015-12-16T23:18:40+08:00 ] 127.0.0.1 /iadmin.php/Sys/admin_list
INFO: [ route_check ] --START--
INFO: CheckRoute Behavior ::run [ RunTime:0.001000s ]
INFO: [ route_check ] --END-- [ RunTime:0.001000s ]
INFO: [ app_begin ] --START--
INFO: ReadHtmlCache Behavior ::run [ RunTime:0.001000s ]
INFO: [ app_begin ] --END-- [ RunTime:0.001000s ]
SQL: SHOW COLUMNS FROM `shujian_admin` [ RunTime:0.009000s ]
ERR: 1146:Table 'shuijian.shujian_admin' doesn't exist
 [ SQL语句 ] : SHOW COLUMNS FROM `shujian_admin`
NOTIC: 建议使用I方法替代_get
SQL: SELECT `admin_id`,`admin_username`,`admin_email`,`admin_realname` FROM `shujian_admin` WHERE ( 1=1 ) ORDER BY admin_id DESC LIMIT 0,10   [ RunTime:0.002001s ]
ERR: 1146:Table 'shuijian.shujian_admin' doesn't exist
 [ SQL语句 ] : SELECT `admin_id`,`admin_username`,`admin_email`,`admin_realname` FROM `shujian_admin` WHERE ( 1=1 ) ORDER BY admin_id DESC LIMIT 0,10  
SQL: SELECT COUNT(*) AS tp_count FROM `shujian_admin` WHERE ( 1=1 ) LIMIT 1   [ RunTime:0.002000s ]
ERR: 1146:Table 'shuijian.shujian_admin' doesn't exist
 [ SQL语句 ] : SELECT COUNT(*) AS tp_count FROM `shujian_admin` WHERE ( 1=1 ) LIMIT 1  
INFO: [ view_parse ] --START--
INFO: ParseTemplate Behavior ::run [ RunTime:0.041002s ]
INFO: [ view_parse ] --END-- [ RunTime:0.041002s ]
INFO: [ view_filter ] --START--
INFO: ContentReplace Behavior ::run [ RunTime:0.003000s ]
INFO: TokenBuild Behavior ::run [ RunTime:0.001000s ]
INFO: WriteHtmlCache Behavior ::run [ RunTime:0.001000s ]
INFO: ShowRuntime Behavior ::run [ RunTime:0.002001s ]
INFO: [ view_filter ] --END-- [ RunTime:0.007001s ]
INFO: [ view_end ] --START--
INFO: ShowPageTrace Behavior ::run [ RunTime:0.001000s ]
INFO: [ view_end ] --END-- [ RunTime:0.001000s ]

[ 2015-12-16T23:19:11+08:00 ] 127.0.0.1 /iadmin.php/Sys/admin_list
INFO: [ route_check ] --START--
INFO: CheckRoute Behavior ::run [ RunTime:0.002001s ]
INFO: [ route_check ] --END-- [ RunTime:0.002001s ]
INFO: [ app_begin ] --START--
INFO: ReadHtmlCache Behavior ::run [ RunTime:0.002000s ]
INFO: [ app_begin ] --END-- [ RunTime:0.002000s ]
SQL: SHOW COLUMNS FROM `shujian_admin` [ RunTime:0.009001s ]
ERR: 1146:Table 'shuijian.shujian_admin' doesn't exist
 [ SQL语句 ] : SHOW COLUMNS FROM `shujian_admin`
NOTIC: 建议使用I方法替代_get
SQL: SELECT `admin_id`,`admin_username`,`admin_email`,`admin_realname` FROM `shujian_admin` WHERE ( 1=1 ) ORDER BY admin_id DESC LIMIT 0,10   [ RunTime:0.002000s ]
ERR: 1146:Table 'shuijian.shujian_admin' doesn't exist
 [ SQL语句 ] : SELECT `admin_id`,`admin_username`,`admin_email`,`admin_realname` FROM `shujian_admin` WHERE ( 1=1 ) ORDER BY admin_id DESC LIMIT 0,10  
SQL: SELECT COUNT(*) AS tp_count FROM `shujian_admin` WHERE ( 1=1 ) LIMIT 1   [ RunTime:0.001000s ]
ERR: 1146:Table 'shuijian.shujian_admin' doesn't exist
 [ SQL语句 ] : SELECT COUNT(*) AS tp_count FROM `shujian_admin` WHERE ( 1=1 ) LIMIT 1  

[ 2015-12-16T23:19:13+08:00 ] 127.0.0.1 /iadmin.php/Sys/admin_list
INFO: [ route_check ] --START--
INFO: CheckRoute Behavior ::run [ RunTime:0.002000s ]
INFO: [ route_check ] --END-- [ RunTime:0.002000s ]
INFO: [ app_begin ] --START--
INFO: ReadHtmlCache Behavior ::run [ RunTime:0.001000s ]
INFO: [ app_begin ] --END-- [ RunTime:0.001000s ]
SQL: SHOW COLUMNS FROM `shujian_admin` [ RunTime:0.007000s ]
ERR: 1146:Table 'shuijian.shujian_admin' doesn't exist
 [ SQL语句 ] : SHOW COLUMNS FROM `shujian_admin`
NOTIC: 建议使用I方法替代_get
SQL: SELECT `admin_id`,`admin_username`,`admin_email`,`admin_realname` FROM `shujian_admin` WHERE ( 1=1 ) ORDER BY admin_id DESC LIMIT 0,10   [ RunTime:0.001000s ]
ERR: 1146:Table 'shuijian.shujian_admin' doesn't exist
 [ SQL语句 ] : SELECT `admin_id`,`admin_username`,`admin_email`,`admin_realname` FROM `shujian_admin` WHERE ( 1=1 ) ORDER BY admin_id DESC LIMIT 0,10  
SQL: SELECT COUNT(*) AS tp_count FROM `shujian_admin` WHERE ( 1=1 ) LIMIT 1   [ RunTime:0.000000s ]
ERR: 1146:Table 'shuijian.shujian_admin' doesn't exist
 [ SQL语句 ] : SELECT COUNT(*) AS tp_count FROM `shujian_admin` WHERE ( 1=1 ) LIMIT 1  

[ 2015-12-16T23:19:21+08:00 ] 127.0.0.1 /iadmin.php/Sys/admin_list
INFO: [ route_check ] --START--
INFO: CheckRoute Behavior ::run [ RunTime:0.002000s ]
INFO: [ route_check ] --END-- [ RunTime:0.002000s ]
INFO: [ app_begin ] --START--
INFO: ReadHtmlCache Behavior ::run [ RunTime:0.001000s ]
INFO: [ app_begin ] --END-- [ RunTime:0.001000s ]
SQL: SHOW COLUMNS FROM `shujian_admin` [ RunTime:0.043002s ]
ERR: 1146:Table 'shuijian.shujian_admin' doesn't exist
 [ SQL语句 ] : SHOW COLUMNS FROM `shujian_admin`
NOTIC: 建议使用I方法替代_get
SQL: SELECT `admin_id`,`admin_username`,`admin_email`,`admin_realname` FROM `shujian_admin` WHERE ( 1=1 ) ORDER BY admin_id DESC LIMIT 0,10   [ RunTime:0.000000s ]
ERR: 1146:Table 'shuijian.shujian_admin' doesn't exist
 [ SQL语句 ] : SELECT `admin_id`,`admin_username`,`admin_email`,`admin_realname` FROM `shujian_admin` WHERE ( 1=1 ) ORDER BY admin_id DESC LIMIT 0,10  
SQL: SELECT COUNT(*) AS tp_count FROM `shujian_admin` WHERE ( 1=1 ) LIMIT 1   [ RunTime:0.000000s ]
ERR: 1146:Table 'shuijian.shujian_admin' doesn't exist
 [ SQL语句 ] : SELECT COUNT(*) AS tp_count FROM `shujian_admin` WHERE ( 1=1 ) LIMIT 1  
INFO: [ view_parse ] --START--
INFO: ParseTemplate Behavior ::run [ RunTime:0.036003s ]
INFO: [ view_parse ] --END-- [ RunTime:0.036003s ]
INFO: [ view_filter ] --START--
INFO: ContentReplace Behavior ::run [ RunTime:0.001000s ]
INFO: TokenBuild Behavior ::run [ RunTime:0.001000s ]
INFO: WriteHtmlCache Behavior ::run [ RunTime:0.001000s ]
INFO: ShowRuntime Behavior ::run [ RunTime:0.001000s ]
INFO: [ view_filter ] --END-- [ RunTime:0.004000s ]
INFO: [ view_end ] --START--
INFO: ShowPageTrace Behavior ::run [ RunTime:0.003000s ]
INFO: [ view_end ] --END-- [ RunTime:0.003000s ]

[ 2015-12-16T23:19:56+08:00 ] 127.0.0.1 /iadmin.php/Sys/admin_list
INFO: [ route_check ] --START--
INFO: CheckRoute Behavior ::run [ RunTime:0.001000s ]
INFO: [ route_check ] --END-- [ RunTime:0.001000s ]
INFO: [ app_begin ] --START--
INFO: ReadHtmlCache Behavior ::run [ RunTime:0.001000s ]
INFO: [ app_begin ] --END-- [ RunTime:0.001000s ]
SQL: SHOW COLUMNS FROM `shujian_admin` [ RunTime:0.007000s ]
ERR: 1146:Table 'shuijian.shujian_admin' doesn't exist
 [ SQL语句 ] : SHOW COLUMNS FROM `shujian_admin`
NOTIC: 建议使用I方法替代_get
SQL: SELECT `admin_id`,`admin_username`,`admin_email`,`admin_realname` FROM `shujian_admin` WHERE ( 1=1 ) ORDER BY admin_id DESC LIMIT 0,10   [ RunTime:0.000000s ]
ERR: 1146:Table 'shuijian.shujian_admin' doesn't exist
 [ SQL语句 ] : SELECT `admin_id`,`admin_username`,`admin_email`,`admin_realname` FROM `shujian_admin` WHERE ( 1=1 ) ORDER BY admin_id DESC LIMIT 0,10  
SQL: SELECT COUNT(*) AS tp_count FROM `shujian_admin` WHERE ( 1=1 ) LIMIT 1   [ RunTime:0.001000s ]
ERR: 1146:Table 'shuijian.shujian_admin' doesn't exist
 [ SQL语句 ] : SELECT COUNT(*) AS tp_count FROM `shujian_admin` WHERE ( 1=1 ) LIMIT 1  

[ 2015-12-16T23:22:33+08:00 ] 127.0.0.1 /iadmin.php/Sys/admin_list
INFO: [ route_check ] --START--
INFO: CheckRoute Behavior ::run [ RunTime:0.008001s ]
INFO: [ route_check ] --END-- [ RunTime:0.009001s ]
INFO: [ app_begin ] --START--
INFO: ReadHtmlCache Behavior ::run [ RunTime:0.009000s ]
INFO: [ app_begin ] --END-- [ RunTime:0.009000s ]
SQL: SHOW COLUMNS FROM `shujian_admin` [ RunTime:0.039002s ]
ERR: 1146:Table 'shuijian.shujian_admin' doesn't exist
 [ SQL语句 ] : SHOW COLUMNS FROM `shujian_admin`
NOTIC: 建议使用I方法替代_get
SQL: SELECT `admin_id`,`admin_username`,`admin_email`,`admin_realname` FROM `shujian_admin` WHERE ( 1=1 ) ORDER BY admin_id DESC LIMIT 0,10   [ RunTime:0.000000s ]
ERR: 1146:Table 'shuijian.shujian_admin' doesn't exist
 [ SQL语句 ] : SELECT `admin_id`,`admin_username`,`admin_email`,`admin_realname` FROM `shujian_admin` WHERE ( 1=1 ) ORDER BY admin_id DESC LIMIT 0,10  
SQL: SELECT COUNT(*) AS tp_count FROM `shujian_admin` WHERE ( 1=1 ) LIMIT 1   [ RunTime:0.001000s ]
ERR: 1146:Table 'shuijian.shujian_admin' doesn't exist
 [ SQL语句 ] : SELECT COUNT(*) AS tp_count FROM `shujian_admin` WHERE ( 1=1 ) LIMIT 1  
INFO: [ view_parse ] --START--
INFO: ParseTemplate Behavior ::run [ RunTime:0.101006s ]
INFO: [ view_parse ] --END-- [ RunTime:0.101006s ]
INFO: [ view_filter ] --START--
INFO: ContentReplace Behavior ::run [ RunTime:0.041002s ]
INFO: TokenBuild Behavior ::run [ RunTime:0.012001s ]
INFO: WriteHtmlCache Behavior ::run [ RunTime:0.005000s ]
INFO: ShowRuntime Behavior ::run [ RunTime:0.002000s ]
INFO: [ view_filter ] --END-- [ RunTime:0.060003s ]
INFO: [ view_end ] --START--
INFO: ShowPageTrace Behavior ::run [ RunTime:0.039003s ]
INFO: [ view_end ] --END-- [ RunTime:0.039003s ]

[ 2015-12-16T23:23:03+08:00 ] 127.0.0.1 /iadmin.php/Sys/admin_list
INFO: [ route_check ] --START--
INFO: CheckRoute Behavior ::run [ RunTime:0.002000s ]
INFO: [ route_check ] --END-- [ RunTime:0.002000s ]
INFO: [ app_begin ] --START--
INFO: ReadHtmlCache Behavior ::run [ RunTime:0.001000s ]
INFO: [ app_begin ] --END-- [ RunTime:0.001000s ]
SQL: SHOW COLUMNS FROM `shujian_admin` [ RunTime:0.008000s ]
ERR: 1146:Table 'shuijian.shujian_admin' doesn't exist
 [ SQL语句 ] : SHOW COLUMNS FROM `shujian_admin`
NOTIC: 建议使用I方法替代_get
SQL: SELECT `admin_id`,`admin_username`,`admin_email`,`admin_realname` FROM `shujian_admin` WHERE ( 1=1 ) ORDER BY admin_id DESC LIMIT 0,10   [ RunTime:0.001000s ]
ERR: 1146:Table 'shuijian.shujian_admin' doesn't exist
 [ SQL语句 ] : SELECT `admin_id`,`admin_username`,`admin_email`,`admin_realname` FROM `shujian_admin` WHERE ( 1=1 ) ORDER BY admin_id DESC LIMIT 0,10  
SQL: SELECT COUNT(*) AS tp_count FROM `shujian_admin` WHERE ( 1=1 ) LIMIT 1   [ RunTime:0.000000s ]
ERR: 1146:Table 'shuijian.shujian_admin' doesn't exist
 [ SQL语句 ] : SELECT COUNT(*) AS tp_count FROM `shujian_admin` WHERE ( 1=1 ) LIMIT 1  
INFO: [ view_parse ] --START--
INFO: ParseTemplate Behavior ::run [ RunTime:0.045003s ]
INFO: [ view_parse ] --END-- [ RunTime:0.045003s ]
INFO: [ view_filter ] --START--
INFO: ContentReplace Behavior ::run [ RunTime:0.002000s ]
INFO: TokenBuild Behavior ::run [ RunTime:0.001000s ]
INFO: WriteHtmlCache Behavior ::run [ RunTime:0.000000s ]
INFO: ShowRuntime Behavior ::run [ RunTime:0.001000s ]
INFO: [ view_filter ] --END-- [ RunTime:0.004000s ]
INFO: [ view_end ] --START--
INFO: ShowPageTrace Behavior ::run [ RunTime:0.001000s ]
INFO: [ view_end ] --END-- [ RunTime:0.002000s ]

[ 2015-12-16T23:24:50+08:00 ] 127.0.0.1 /iadmin.php/Sys/admin_list
INFO: [ route_check ] --START--
INFO: CheckRoute Behavior ::run [ RunTime:0.002000s ]
INFO: [ route_check ] --END-- [ RunTime:0.002000s ]
INFO: [ app_begin ] --START--
INFO: ReadHtmlCache Behavior ::run [ RunTime:0.001000s ]
INFO: [ app_begin ] --END-- [ RunTime:0.001000s ]
SQL: SHOW COLUMNS FROM `shuijian_admin` [ RunTime:0.008001s ]
NOTIC: 建议使用I方法替代_get
SQL: SELECT `admin_id`,`admin_username`,`admin_email`,`admin_realname` FROM `shuijian_admin` WHERE ( 1=1 ) ORDER BY admin_id DESC LIMIT 0,10   [ RunTime:0.003000s ]
SQL: SELECT COUNT(*) AS tp_count FROM `shuijian_admin` WHERE ( 1=1 ) LIMIT 1   [ RunTime:0.036002s ]
INFO: [ view_parse ] --START--
NOTIC: [8] Undefined index: shuijian_id C:\Users\lenovo\Desktop\shuijian\cache\Runtime\Admin\Cache\3d1ea4e4234bbeb9f47019506ac662c2.php 第 807 行.
NOTIC: [8] Undefined index: shuijian_username C:\Users\lenovo\Desktop\shuijian\cache\Runtime\Admin\Cache\3d1ea4e4234bbeb9f47019506ac662c2.php 第 808 行.
INFO: ParseTemplate Behavior ::run [ RunTime:0.040002s ]
INFO: [ view_parse ] --END-- [ RunTime:0.040002s ]
INFO: [ view_filter ] --START--
INFO: ContentReplace Behavior ::run [ RunTime:0.001000s ]
INFO: TokenBuild Behavior ::run [ RunTime:0.000000s ]
INFO: WriteHtmlCache Behavior ::run [ RunTime:0.001000s ]
INFO: ShowRuntime Behavior ::run [ RunTime:0.002001s ]
INFO: [ view_filter ] --END-- [ RunTime:0.005001s ]
INFO: [ view_end ] --START--
INFO: ShowPageTrace Behavior ::run [ RunTime:0.003000s ]
INFO: [ view_end ] --END-- [ RunTime:0.003000s ]

[ 2015-12-16T23:25:07+08:00 ] 127.0.0.1 /iadmin.php/Sys/admin_list
INFO: [ route_check ] --START--
INFO: CheckRoute Behavior ::run [ RunTime:0.003000s ]
INFO: [ route_check ] --END-- [ RunTime:0.003000s ]
INFO: [ app_begin ] --START--
INFO: ReadHtmlCache Behavior ::run [ RunTime:0.001001s ]
INFO: [ app_begin ] --END-- [ RunTime:0.001001s ]
SQL: SHOW COLUMNS FROM `shuijian_admin` [ RunTime:0.007000s ]
NOTIC: 建议使用I方法替代_get
SQL: SELECT `admin_id`,`admin_username`,`admin_email`,`admin_realname` FROM `shuijian_admin` WHERE ( 1=1 ) ORDER BY admin_id DESC LIMIT 0,10   [ RunTime:0.003001s ]
SQL: SELECT COUNT(*) AS tp_count FROM `shuijian_admin` WHERE ( 1=1 ) LIMIT 1   [ RunTime:0.000000s ]
INFO: [ view_parse ] --START--
NOTIC: [8] Undefined index: shuijian_id C:\Users\lenovo\Desktop\shuijian\cache\Runtime\Admin\Cache\3d1ea4e4234bbeb9f47019506ac662c2.php 第 807 行.
NOTIC: [8] Undefined index: shuijian_username C:\Users\lenovo\Desktop\shuijian\cache\Runtime\Admin\Cache\3d1ea4e4234bbeb9f47019506ac662c2.php 第 808 行.
INFO: ParseTemplate Behavior ::run [ RunTime:0.039002s ]
INFO: [ view_parse ] --END-- [ RunTime:0.039002s ]
INFO: [ view_filter ] --START--
INFO: ContentReplace Behavior ::run [ RunTime:0.001000s ]
INFO: TokenBuild Behavior ::run [ RunTime:0.001000s ]
INFO: WriteHtmlCache Behavior ::run [ RunTime:0.000000s ]
INFO: ShowRuntime Behavior ::run [ RunTime:0.001000s ]
INFO: [ view_filter ] --END-- [ RunTime:0.003000s ]
INFO: [ view_end ] --START--
INFO: ShowPageTrace Behavior ::run [ RunTime:0.002000s ]
INFO: [ view_end ] --END-- [ RunTime:0.002000s ]

