[ 2015-12-14T10:36:06+08:00 ] 127.0.0.1 /iadmin.php/Index/login
INFO: [ route_check ] --START--
INFO: CheckRoute Behavior ::run [ RunTime:0.002000s ]
INFO: [ route_check ] --END-- [ RunTime:0.002000s ]
INFO: [ app_begin ] --START--
INFO: ReadHtmlCache Behavior ::run [ RunTime:0.000000s ]
INFO: [ app_begin ] --END-- [ RunTime:0.001000s ]
INFO: [ view_parse ] --START--
INFO: ParseTemplate Behavior ::run [ RunTime:0.017001s ]
INFO: [ view_parse ] --END-- [ RunTime:0.017001s ]
INFO: [ view_filter ] --START--
INFO: ContentReplace Behavior ::run [ RunTime:0.000000s ]
INFO: TokenBuild Behavior ::run [ RunTime:0.002000s ]
INFO: WriteHtmlCache Behavior ::run [ RunTime:0.001000s ]
INFO: ShowRuntime Behavior ::run [ RunTime:0.001000s ]
INFO: [ view_filter ] --END-- [ RunTime:0.004000s ]
INFO: [ view_end ] --START--
INFO: ShowPageTrace Behavior ::run [ RunTime:0.001000s ]
INFO: [ view_end ] --END-- [ RunTime:0.001000s ]

[ 2015-12-14T10:37:26+08:00 ] 127.0.0.1 /iadmin.php/Index/login
INFO: [ route_check ] --START--
INFO: CheckRoute Behavior ::run [ RunTime:0.001000s ]
INFO: [ route_check ] --END-- [ RunTime:0.001000s ]
INFO: [ app_begin ] --START--
INFO: ReadHtmlCache Behavior ::run [ RunTime:0.000000s ]
INFO: [ app_begin ] --END-- [ RunTime:0.000000s ]
INFO: [ view_parse ] --START--
INFO: ParseTemplate Behavior ::run [ RunTime:0.009001s ]
INFO: [ view_parse ] --END-- [ RunTime:0.009001s ]
INFO: [ view_filter ] --START--
INFO: ContentReplace Behavior ::run [ RunTime:0.000000s ]
INFO: TokenBuild Behavior ::run [ RunTime:0.001000s ]
INFO: WriteHtmlCache Behavior ::run [ RunTime:0.000000s ]
INFO: ShowRuntime Behavior ::run [ RunTime:0.001000s ]
INFO: [ view_filter ] --END-- [ RunTime:0.002000s ]
INFO: [ view_end ] --START--
INFO: ShowPageTrace Behavior ::run [ RunTime:0.001000s ]
INFO: [ view_end ] --END-- [ RunTime:0.001000s ]

[ 2015-12-14T10:39:51+08:00 ] 127.0.0.1 /iadmin.php/Index/login
INFO: [ route_check ] --START--
INFO: CheckRoute Behavior ::run [ RunTime:0.001000s ]
INFO: [ route_check ] --END-- [ RunTime:0.001000s ]
INFO: [ app_begin ] --START--
INFO: ReadHtmlCache Behavior ::run [ RunTime:0.001000s ]
INFO: [ app_begin ] --END-- [ RunTime:0.001000s ]
INFO: [ view_parse ] --START--
INFO: ParseTemplate Behavior ::run [ RunTime:0.007000s ]
INFO: [ view_parse ] --END-- [ RunTime:0.007000s ]
INFO: [ view_filter ] --START--
INFO: ContentReplace Behavior ::run [ RunTime:0.001000s ]
INFO: TokenBuild Behavior ::run [ RunTime:0.001000s ]
INFO: WriteHtmlCache Behavior ::run [ RunTime:0.000000s ]
INFO: ShowRuntime Behavior ::run [ RunTime:0.000000s ]
INFO: [ view_filter ] --END-- [ RunTime:0.003000s ]
INFO: [ view_end ] --START--
INFO: ShowPageTrace Behavior ::run [ RunTime:0.000000s ]
INFO: [ view_end ] --END-- [ RunTime:0.000000s ]

[ 2015-12-14T10:40:24+08:00 ] 127.0.0.1 /iadmin.php/Index/login
INFO: [ route_check ] --START--
INFO: CheckRoute Behavior ::run [ RunTime:0.001000s ]
INFO: [ route_check ] --END-- [ RunTime:0.001000s ]
INFO: [ app_begin ] --START--
INFO: ReadHtmlCache Behavior ::run [ RunTime:0.001001s ]
INFO: [ app_begin ] --END-- [ RunTime:0.001001s ]
INFO: [ view_parse ] --START--
INFO: ParseTemplate Behavior ::run [ RunTime:0.015001s ]
INFO: [ view_parse ] --END-- [ RunTime:0.015001s ]
INFO: [ view_filter ] --START--
INFO: ContentReplace Behavior ::run [ RunTime:0.001000s ]
INFO: TokenBuild Behavior ::run [ RunTime:0.000000s ]
INFO: WriteHtmlCache Behavior ::run [ RunTime:0.001000s ]
INFO: ShowRuntime Behavior ::run [ RunTime:0.001000s ]
INFO: [ view_filter ] --END-- [ RunTime:0.003000s ]
INFO: [ view_end ] --START--
INFO: ShowPageTrace Behavior ::run [ RunTime:0.001000s ]
INFO: [ view_end ] --END-- [ RunTime:0.001000s ]

[ 2015-12-14T10:40:54+08:00 ] 127.0.0.1 /iadmin.php/Index/login
INFO: [ route_check ] --START--
INFO: CheckRoute Behavior ::run [ RunTime:0.000000s ]
INFO: [ route_check ] --END-- [ RunTime:0.001000s ]
INFO: [ app_begin ] --START--
INFO: ReadHtmlCache Behavior ::run [ RunTime:0.001000s ]
INFO: [ app_begin ] --END-- [ RunTime:0.001000s ]
INFO: [ view_parse ] --START--
INFO: ParseTemplate Behavior ::run [ RunTime:0.008001s ]
INFO: [ view_parse ] --END-- [ RunTime:0.008001s ]
INFO: [ view_filter ] --START--
INFO: ContentReplace Behavior ::run [ RunTime:0.001000s ]
INFO: TokenBuild Behavior ::run [ RunTime:0.000000s ]
INFO: WriteHtmlCache Behavior ::run [ RunTime:0.001000s ]
INFO: ShowRuntime Behavior ::run [ RunTime:0.001000s ]
INFO: [ view_filter ] --END-- [ RunTime:0.003000s ]
INFO: [ view_end ] --START--
INFO: ShowPageTrace Behavior ::run [ RunTime:0.001000s ]
INFO: [ view_end ] --END-- [ RunTime:0.001000s ]

[ 2015-12-14T14:45:59+08:00 ] 127.0.0.1 /iadmin.php/Index/login
INFO: [ route_check ] --START--
INFO: CheckRoute Behavior ::run [ RunTime:0.004000s ]
INFO: [ route_check ] --END-- [ RunTime:0.004000s ]
INFO: [ app_begin ] --START--
INFO: ReadHtmlCache Behavior ::run [ RunTime:0.001000s ]
INFO: [ app_begin ] --END-- [ RunTime:0.001000s ]
INFO: [ view_parse ] --START--
INFO: ParseTemplate Behavior ::run [ RunTime:0.008000s ]
INFO: [ view_parse ] --END-- [ RunTime:0.008000s ]
INFO: [ view_filter ] --START--
INFO: ContentReplace Behavior ::run [ RunTime:0.001000s ]
INFO: TokenBuild Behavior ::run [ RunTime:0.000000s ]
INFO: WriteHtmlCache Behavior ::run [ RunTime:0.001000s ]
INFO: ShowRuntime Behavior ::run [ RunTime:0.000000s ]
INFO: [ view_filter ] --END-- [ RunTime:0.002000s ]
INFO: [ view_end ] --START--
INFO: ShowPageTrace Behavior ::run [ RunTime:0.001001s ]
INFO: [ view_end ] --END-- [ RunTime:0.001001s ]

[ 2015-12-14T17:34:09+08:00 ] 127.0.0.1 /iadmin.php/Index/login
INFO: [ route_check ] --START--
INFO: CheckRoute Behavior ::run [ RunTime:0.001000s ]
INFO: [ route_check ] --END-- [ RunTime:0.001000s ]
INFO: [ app_begin ] --START--
INFO: ReadHtmlCache Behavior ::run [ RunTime:0.000000s ]
INFO: [ app_begin ] --END-- [ RunTime:0.000000s ]
INFO: [ view_parse ] --START--
INFO: ParseTemplate Behavior ::run [ RunTime:0.020001s ]
INFO: [ view_parse ] --END-- [ RunTime:0.020001s ]
INFO: [ view_filter ] --START--
INFO: ContentReplace Behavior ::run [ RunTime:0.001000s ]
INFO: TokenBuild Behavior ::run [ RunTime:0.000000s ]
INFO: WriteHtmlCache Behavior ::run [ RunTime:0.001000s ]
INFO: ShowRuntime Behavior ::run [ RunTime:0.000000s ]
INFO: [ view_filter ] --END-- [ RunTime:0.002000s ]
INFO: [ view_end ] --START--
INFO: ShowPageTrace Behavior ::run [ RunTime:0.001000s ]
INFO: [ view_end ] --END-- [ RunTime:0.002000s ]

[ 2015-12-14T17:35:04+08:00 ] 127.0.0.1 /iadmin.php/Index/loginCheck
INFO: [ route_check ] --START--
INFO: CheckRoute Behavior ::run [ RunTime:0.001000s ]
INFO: [ route_check ] --END-- [ RunTime:0.001000s ]
INFO: [ app_begin ] --START--
INFO: ReadHtmlCache Behavior ::run [ RunTime:0.034002s ]
INFO: [ app_begin ] --END-- [ RunTime:0.034002s ]
NOTIC: 建议使用I方法替代_post
SQL: SHOW COLUMNS FROM `shuijian_admin` [ RunTime:0.004001s ]
NOTIC: [8] Undefined index: username D:\WebstormProjects\shuijian\Apps\Admin\Lib\Action\IndexAction.class.php 第 37 行.
SQL: SELECT `admin_id` FROM `shuijian_admin` WHERE ( `admin_username` = null ) LIMIT 1   [ RunTime:0.001000s ]
ERR: 1054:Unknown column 'admin_id' in 'field list'
 [ SQL语句 ] : SELECT `admin_id` FROM `shuijian_admin` WHERE ( `admin_username` = null ) LIMIT 1  
NOTIC: 建议使用I方法替代_post
SQL: SELECT * FROM `shuijian_admin` WHERE ( `admin_username` = 'admin' ) AND ( `admin_pwd` = 'd41d8cd98f00b204e9800998ecf8427e' ) AND ( `admin_open` = 0 ) LIMIT 1   [ RunTime:0.000000s ]

[ 2015-12-14T17:36:19+08:00 ] 127.0.0.1 /iadmin.php/Index/loginCheck
INFO: [ route_check ] --START--
INFO: CheckRoute Behavior ::run [ RunTime:0.001000s ]
INFO: [ route_check ] --END-- [ RunTime:0.001000s ]
INFO: [ app_begin ] --START--
INFO: ReadHtmlCache Behavior ::run [ RunTime:0.000000s ]
INFO: [ app_begin ] --END-- [ RunTime:0.000000s ]
NOTIC: 建议使用I方法替代_post
SQL: SHOW COLUMNS FROM `shuijian_admin` [ RunTime:0.017001s ]
NOTIC: [8] Undefined index: username D:\WebstormProjects\shuijian\Apps\Admin\Lib\Action\IndexAction.class.php 第 37 行.
SQL: SELECT `admin_id` FROM `shuijian_admin` WHERE ( `admin_username` = null ) LIMIT 1   [ RunTime:0.000000s ]
ERR: 1054:Unknown column 'admin_id' in 'field list'
 [ SQL语句 ] : SELECT `admin_id` FROM `shuijian_admin` WHERE ( `admin_username` = null ) LIMIT 1  
NOTIC: 建议使用I方法替代_post
SQL: SELECT * FROM `shuijian_admin` WHERE ( `admin_username` = 'admin' ) AND ( `admin_pwd` = 'd41d8cd98f00b204e9800998ecf8427e' ) AND ( `admin_open` = 0 ) LIMIT 1   [ RunTime:0.001000s ]

[ 2015-12-14T17:37:22+08:00 ] 127.0.0.1 /iadmin.php/Index/loginCheck
INFO: [ route_check ] --START--
INFO: CheckRoute Behavior ::run [ RunTime:0.001001s ]
INFO: [ route_check ] --END-- [ RunTime:0.001001s ]
INFO: [ app_begin ] --START--
INFO: ReadHtmlCache Behavior ::run [ RunTime:0.002000s ]
INFO: [ app_begin ] --END-- [ RunTime:0.002000s ]
NOTIC: 建议使用I方法替代_post
SQL: SHOW COLUMNS FROM `shuijian_admin` [ RunTime:0.004000s ]
SQL: SELECT `admin_id` FROM `shuijian_admin` WHERE ( `admin_username` = 'admin' ) LIMIT 1   [ RunTime:0.000000s ]
ERR: 1054:Unknown column 'admin_id' in 'field list'
 [ SQL语句 ] : SELECT `admin_id` FROM `shuijian_admin` WHERE ( `admin_username` = 'admin' ) LIMIT 1  
NOTIC: 建议使用I方法替代_post
SQL: SELECT * FROM `shuijian_admin` WHERE ( `admin_username` = 'admin' ) AND ( `admin_pwd` = 'd41d8cd98f00b204e9800998ecf8427e' ) AND ( `admin_open` = 0 ) LIMIT 1   [ RunTime:0.000000s ]

[ 2015-12-14T17:38:09+08:00 ] 127.0.0.1 /iadmin.php/Index/login
INFO: [ route_check ] --START--
INFO: CheckRoute Behavior ::run [ RunTime:0.001000s ]
INFO: [ route_check ] --END-- [ RunTime:0.001000s ]
INFO: [ app_begin ] --START--
INFO: ReadHtmlCache Behavior ::run [ RunTime:0.001000s ]
INFO: [ app_begin ] --END-- [ RunTime:0.001000s ]
INFO: [ view_parse ] --START--
INFO: ParseTemplate Behavior ::run [ RunTime:0.087005s ]
INFO: [ view_parse ] --END-- [ RunTime:0.087005s ]
INFO: [ view_filter ] --START--
INFO: ContentReplace Behavior ::run [ RunTime:0.000000s ]
INFO: TokenBuild Behavior ::run [ RunTime:0.002000s ]
INFO: WriteHtmlCache Behavior ::run [ RunTime:0.001000s ]
INFO: ShowRuntime Behavior ::run [ RunTime:0.001000s ]
INFO: [ view_filter ] --END-- [ RunTime:0.004000s ]
INFO: [ view_end ] --START--
INFO: ShowPageTrace Behavior ::run [ RunTime:0.001000s ]
INFO: [ view_end ] --END-- [ RunTime:0.001000s ]

[ 2015-12-14T17:38:14+08:00 ] 127.0.0.1 /iadmin.php/Index/login
INFO: [ route_check ] --START--
INFO: CheckRoute Behavior ::run [ RunTime:0.001000s ]
INFO: [ route_check ] --END-- [ RunTime:0.001000s ]
INFO: [ app_begin ] --START--
INFO: ReadHtmlCache Behavior ::run [ RunTime:0.027002s ]
INFO: [ app_begin ] --END-- [ RunTime:0.028002s ]
INFO: [ view_parse ] --START--
INFO: ParseTemplate Behavior ::run [ RunTime:0.008001s ]
INFO: [ view_parse ] --END-- [ RunTime:0.008001s ]
INFO: [ view_filter ] --START--
INFO: ContentReplace Behavior ::run [ RunTime:0.036002s ]
INFO: TokenBuild Behavior ::run [ RunTime:0.000000s ]
INFO: WriteHtmlCache Behavior ::run [ RunTime:0.001000s ]
INFO: ShowRuntime Behavior ::run [ RunTime:0.001000s ]
INFO: [ view_filter ] --END-- [ RunTime:0.039002s ]
INFO: [ view_end ] --START--
INFO: ShowPageTrace Behavior ::run [ RunTime:0.000000s ]
INFO: [ view_end ] --END-- [ RunTime:0.000000s ]

[ 2015-12-14T17:38:34+08:00 ] 127.0.0.1 /iadmin.php/Index/loginCheck
INFO: [ route_check ] --START--
INFO: CheckRoute Behavior ::run [ RunTime:0.001000s ]
INFO: [ route_check ] --END-- [ RunTime:0.001000s ]
INFO: [ app_begin ] --START--
INFO: ReadHtmlCache Behavior ::run [ RunTime:0.000000s ]
INFO: [ app_begin ] --END-- [ RunTime:0.000000s ]
NOTIC: 建议使用I方法替代_post
SQL: SHOW COLUMNS FROM `shuijian_admin` [ RunTime:0.030002s ]
SQL: SELECT `admin_id` FROM `shuijian_admin` WHERE ( `admin_username` = 'admin' ) LIMIT 1   [ RunTime:0.000000s ]
ERR: 1054:Unknown column 'admin_id' in 'field list'
 [ SQL语句 ] : SELECT `admin_id` FROM `shuijian_admin` WHERE ( `admin_username` = 'admin' ) LIMIT 1  
NOTIC: 建议使用I方法替代_post
SQL: SELECT * FROM `shuijian_admin` WHERE ( `admin_username` = 'admin' ) AND ( `admin_pwd` = 'd41d8cd98f00b204e9800998ecf8427e' ) AND ( `admin_open` = 0 ) LIMIT 1   [ RunTime:0.001000s ]

[ 2015-12-14T17:44:39+08:00 ] 127.0.0.1 /iadmin.php/Index/loginCheck
INFO: [ route_check ] --START--
INFO: CheckRoute Behavior ::run [ RunTime:0.001000s ]
INFO: [ route_check ] --END-- [ RunTime:0.001000s ]
INFO: [ app_begin ] --START--
INFO: ReadHtmlCache Behavior ::run [ RunTime:0.001000s ]
INFO: [ app_begin ] --END-- [ RunTime:0.001000s ]

[ 2015-12-14T17:44:53+08:00 ] 127.0.0.1 /iadmin.php/Index/loginCheck
INFO: [ route_check ] --START--
INFO: CheckRoute Behavior ::run [ RunTime:0.001000s ]
INFO: [ route_check ] --END-- [ RunTime:0.001000s ]
INFO: [ app_begin ] --START--
INFO: ReadHtmlCache Behavior ::run [ RunTime:0.001000s ]
INFO: [ app_begin ] --END-- [ RunTime:0.001000s ]
NOTIC: 建议使用I方法替代_post
SQL: SHOW COLUMNS FROM `shuijian_admin` [ RunTime:0.004000s ]
SQL: SELECT `admin_id` FROM `shuijian_admin` WHERE ( `admin_username` = 'admin' ) LIMIT 1   [ RunTime:0.000000s ]
ERR: 1054:Unknown column 'admin_id' in 'field list'
 [ SQL语句 ] : SELECT `admin_id` FROM `shuijian_admin` WHERE ( `admin_username` = 'admin' ) LIMIT 1  
NOTIC: 建议使用I方法替代_post
SQL: SELECT * FROM `shuijian_admin` WHERE ( `admin_username` = 'admin' ) AND ( `admin_pwd` = 'd41d8cd98f00b204e9800998ecf8427e' ) AND ( `admin_open` = 0 ) LIMIT 1   [ RunTime:0.000000s ]

[ 2015-12-14T18:45:41+08:00 ] 127.0.0.1 /iadmin.php/Index/loginCheck
INFO: [ route_check ] --START--
INFO: CheckRoute Behavior ::run [ RunTime:0.001000s ]
INFO: [ route_check ] --END-- [ RunTime:0.001000s ]
INFO: [ app_begin ] --START--
INFO: ReadHtmlCache Behavior ::run [ RunTime:0.000000s ]
INFO: [ app_begin ] --END-- [ RunTime:0.000000s ]
NOTIC: 建议使用I方法替代_post
SQL: SHOW COLUMNS FROM `shuijian_admin` [ RunTime:0.004000s ]
SQL: SELECT `admin_id` FROM `shuijian_admin` WHERE ( `admin_username` = 'admin' ) LIMIT 1   [ RunTime:0.000000s ]
ERR: 1054:Unknown column 'admin_id' in 'field list'
 [ SQL语句 ] : SELECT `admin_id` FROM `shuijian_admin` WHERE ( `admin_username` = 'admin' ) LIMIT 1  
NOTIC: 建议使用I方法替代_post
SQL: SELECT * FROM `shuijian_admin` WHERE ( `admin_username` = 'admin' ) AND ( `admin_pwd` = 'd41d8cd98f00b204e9800998ecf8427e' ) AND ( `admin_open` = 0 ) LIMIT 1   [ RunTime:0.001000s ]

[ 2015-12-14T18:45:45+08:00 ] 127.0.0.1 /iadmin.php/Index/login
INFO: [ route_check ] --START--
INFO: CheckRoute Behavior ::run [ RunTime:0.001000s ]
INFO: [ route_check ] --END-- [ RunTime:0.001000s ]
INFO: [ app_begin ] --START--
INFO: ReadHtmlCache Behavior ::run [ RunTime:0.001000s ]
INFO: [ app_begin ] --END-- [ RunTime:0.001000s ]
INFO: [ view_parse ] --START--
INFO: ParseTemplate Behavior ::run [ RunTime:0.008001s ]
INFO: [ view_parse ] --END-- [ RunTime:0.008001s ]
INFO: [ view_filter ] --START--
INFO: ContentReplace Behavior ::run [ RunTime:0.001000s ]
INFO: TokenBuild Behavior ::run [ RunTime:0.000000s ]
INFO: WriteHtmlCache Behavior ::run [ RunTime:0.001000s ]
INFO: ShowRuntime Behavior ::run [ RunTime:0.000000s ]
INFO: [ view_filter ] --END-- [ RunTime:0.002000s ]
INFO: [ view_end ] --START--
INFO: ShowPageTrace Behavior ::run [ RunTime:0.000000s ]
INFO: [ view_end ] --END-- [ RunTime:0.001000s ]

[ 2015-12-14T18:45:57+08:00 ] 127.0.0.1 /iadmin.php/Index/loginCheck
INFO: [ route_check ] --START--
INFO: CheckRoute Behavior ::run [ RunTime:0.000000s ]
INFO: [ route_check ] --END-- [ RunTime:0.001000s ]
INFO: [ app_begin ] --START--
INFO: ReadHtmlCache Behavior ::run [ RunTime:0.001000s ]
INFO: [ app_begin ] --END-- [ RunTime:0.001000s ]
NOTIC: 建议使用I方法替代_post
SQL: SHOW COLUMNS FROM `shuijian_admin` [ RunTime:0.026002s ]
SQL: SELECT `admin_id` FROM `shuijian_admin` WHERE ( `admin_username` = 'admin' ) LIMIT 1   [ RunTime:0.001000s ]
ERR: 1054:Unknown column 'admin_id' in 'field list'
 [ SQL语句 ] : SELECT `admin_id` FROM `shuijian_admin` WHERE ( `admin_username` = 'admin' ) LIMIT 1  
NOTIC: 建议使用I方法替代_post
SQL: SELECT * FROM `shuijian_admin` WHERE ( `admin_username` = 'admin' ) AND ( `admin_pwd` = 'd41d8cd98f00b204e9800998ecf8427e' ) AND ( `admin_open` = 0 ) LIMIT 1   [ RunTime:0.000000s ]

[ 2015-12-14T18:46:51+08:00 ] 127.0.0.1 /iadmin.php/Index/loginCheck
INFO: [ route_check ] --START--
INFO: CheckRoute Behavior ::run [ RunTime:0.001000s ]
INFO: [ route_check ] --END-- [ RunTime:0.001000s ]
INFO: [ app_begin ] --START--
INFO: ReadHtmlCache Behavior ::run [ RunTime:0.001000s ]
INFO: [ app_begin ] --END-- [ RunTime:0.001000s ]
NOTIC: 建议使用I方法替代_post
SQL: SHOW COLUMNS FROM `shuijian_admin` [ RunTime:0.005000s ]
SQL: SELECT `admin_id` FROM `shuijian_admin` WHERE ( `admin_username` = 'admin' ) LIMIT 1   [ RunTime:0.000000s ]
ERR: 1054:Unknown column 'admin_id' in 'field list'
 [ SQL语句 ] : SELECT `admin_id` FROM `shuijian_admin` WHERE ( `admin_username` = 'admin' ) LIMIT 1  
NOTIC: 建议使用I方法替代_post
SQL: SELECT * FROM `shuijian_admin` WHERE ( `admin_username` = 'admin' ) AND ( `admin_pwd` = 'd41d8cd98f00b204e9800998ecf8427e' ) AND ( `admin_open` = 0 ) LIMIT 1   [ RunTime:0.001000s ]

[ 2015-12-14T18:59:09+08:00 ] 127.0.0.1 /iadmin.php/Index/login
INFO: [ route_check ] --START--
INFO: CheckRoute Behavior ::run [ RunTime:0.001000s ]
INFO: [ route_check ] --END-- [ RunTime:0.001000s ]
INFO: [ app_begin ] --START--
INFO: ReadHtmlCache Behavior ::run [ RunTime:0.001000s ]
INFO: [ app_begin ] --END-- [ RunTime:0.001000s ]
INFO: [ view_parse ] --START--
INFO: ParseTemplate Behavior ::run [ RunTime:0.007000s ]
INFO: [ view_parse ] --END-- [ RunTime:0.007000s ]
INFO: [ view_filter ] --START--
INFO: ContentReplace Behavior ::run [ RunTime:0.001000s ]
INFO: TokenBuild Behavior ::run [ RunTime:0.000000s ]
INFO: WriteHtmlCache Behavior ::run [ RunTime:0.001000s ]
INFO: ShowRuntime Behavior ::run [ RunTime:0.001000s ]
INFO: [ view_filter ] --END-- [ RunTime:0.003000s ]
INFO: [ view_end ] --START--
INFO: ShowPageTrace Behavior ::run [ RunTime:0.010001s ]
INFO: [ view_end ] --END-- [ RunTime:0.010001s ]

[ 2015-12-14T18:59:20+08:00 ] 127.0.0.1 /iadmin.php/Index/loginCheck
INFO: [ route_check ] --START--
INFO: CheckRoute Behavior ::run [ RunTime:0.001000s ]
INFO: [ route_check ] --END-- [ RunTime:0.001000s ]
INFO: [ app_begin ] --START--
INFO: ReadHtmlCache Behavior ::run [ RunTime:0.001000s ]
INFO: [ app_begin ] --END-- [ RunTime:0.001000s ]
NOTIC: 建议使用I方法替代_post
SQL: SHOW COLUMNS FROM `shuijian_admin` [ RunTime:0.004000s ]
SQL: SELECT `admin_id` FROM `shuijian_admin` WHERE ( `admin_username` = 'admin' ) LIMIT 1   [ RunTime:0.000000s ]
NOTIC: 建议使用I方法替代_post
SQL: SELECT * FROM `shuijian_admin` WHERE ( `admin_username` = 'admin' ) AND ( `admin_pwd` = 'd41d8cd98f00b204e9800998ecf8427e' ) AND ( `admin_open` = 0 ) LIMIT 1   [ RunTime:0.001000s ]

[ 2015-12-14T19:00:33+08:00 ] 127.0.0.1 /iadmin.php/Index/loginCheck
INFO: [ route_check ] --START--
INFO: CheckRoute Behavior ::run [ RunTime:0.001001s ]
INFO: [ route_check ] --END-- [ RunTime:0.001001s ]
INFO: [ app_begin ] --START--
INFO: ReadHtmlCache Behavior ::run [ RunTime:0.001000s ]
INFO: [ app_begin ] --END-- [ RunTime:0.001000s ]
NOTIC: 建议使用I方法替代_post
SQL: SHOW COLUMNS FROM `shuijian_admin` [ RunTime:0.004000s ]
SQL: SELECT `admin_id` FROM `shuijian_admin` WHERE ( `admin_username` = 'admin' ) LIMIT 1   [ RunTime:0.002000s ]
NOTIC: 建议使用I方法替代_post
SQL: SELECT * FROM `shuijian_admin` WHERE ( `admin_username` = 'admin' ) AND ( `admin_pwd` = 'd41d8cd98f00b204e9800998ecf8427e' ) AND ( `admin_open` = 0 ) LIMIT 1   [ RunTime:0.000000s ]

[ 2015-12-14T19:01:46+08:00 ] 127.0.0.1 /iadmin.php/Index/loginCheck
INFO: [ route_check ] --START--
INFO: CheckRoute Behavior ::run [ RunTime:0.001000s ]
INFO: [ route_check ] --END-- [ RunTime:0.001000s ]
INFO: [ app_begin ] --START--
INFO: ReadHtmlCache Behavior ::run [ RunTime:0.001000s ]
INFO: [ app_begin ] --END-- [ RunTime:0.001000s ]
NOTIC: 建议使用I方法替代_post
SQL: SHOW COLUMNS FROM `shuijian_admin` [ RunTime:0.004000s ]
SQL: SELECT `admin_id` FROM `shuijian_admin` WHERE ( `admin_username` = 'admin' ) LIMIT 1   [ RunTime:0.001000s ]
NOTIC: 建议使用I方法替代_post
SQL: SELECT * FROM `shuijian_admin` WHERE ( `admin_username` = 'admin' ) AND ( `admin_pwd` = 'd41d8cd98f00b204e9800998ecf8427e' ) AND ( `admin_open` = 0 ) LIMIT 1   [ RunTime:0.000000s ]

[ 2015-12-14T19:02:03+08:00 ] 127.0.0.1 /iadmin.php/Index/loginCheck
INFO: [ route_check ] --START--
INFO: CheckRoute Behavior ::run [ RunTime:0.000000s ]
INFO: [ route_check ] --END-- [ RunTime:0.000000s ]
INFO: [ app_begin ] --START--
INFO: ReadHtmlCache Behavior ::run [ RunTime:0.001000s ]
INFO: [ app_begin ] --END-- [ RunTime:0.001000s ]
NOTIC: 建议使用I方法替代_post
SQL: SHOW COLUMNS FROM `shuijian_admin` [ RunTime:0.005000s ]
SQL: SELECT `admin_id` FROM `shuijian_admin` WHERE ( `admin_username` = 'admin' ) LIMIT 1   [ RunTime:0.000000s ]
NOTIC: 建议使用I方法替代_post
SQL: SELECT * FROM `shuijian_admin` WHERE ( `admin_username` = 'admin' ) AND ( `admin_pwd` = 'd41d8cd98f00b204e9800998ecf8427e' ) AND ( `admin_open` = 0 ) LIMIT 1   [ RunTime:0.000000s ]

[ 2015-12-14T19:08:17+08:00 ] 127.0.0.1 /iadmin.php/Index/loginCheck
INFO: [ route_check ] --START--
INFO: CheckRoute Behavior ::run [ RunTime:0.001001s ]
INFO: [ route_check ] --END-- [ RunTime:0.001001s ]
INFO: [ app_begin ] --START--
INFO: ReadHtmlCache Behavior ::run [ RunTime:0.000000s ]
INFO: [ app_begin ] --END-- [ RunTime:0.000000s ]
NOTIC: 建议使用I方法替代_post
SQL: SHOW COLUMNS FROM `shuijian_admin` [ RunTime:0.010000s ]
SQL: SELECT `admin_id` FROM `shuijian_admin` WHERE ( `admin_username` = 'admin' ) LIMIT 1   [ RunTime:0.000000s ]
NOTIC: 建议使用I方法替代_post
SQL: SELECT * FROM `shuijian_admin` WHERE ( `admin_username` = 'admin' ) AND ( `admin_pwd` = 'd41d8cd98f00b204e9800998ecf8427e' ) AND ( `admin_open` = 1 ) LIMIT 1   [ RunTime:0.000000s ]

[ 2015-12-14T19:08:24+08:00 ] 127.0.0.1 /iadmin.php/Index/loginCheck
INFO: [ route_check ] --START--
INFO: CheckRoute Behavior ::run [ RunTime:0.001000s ]
INFO: [ route_check ] --END-- [ RunTime:0.001000s ]
INFO: [ app_begin ] --START--
INFO: ReadHtmlCache Behavior ::run [ RunTime:0.001000s ]
INFO: [ app_begin ] --END-- [ RunTime:0.001000s ]
NOTIC: 建议使用I方法替代_post
SQL: SHOW COLUMNS FROM `shuijian_admin` [ RunTime:0.008000s ]
SQL: SELECT `admin_id` FROM `shuijian_admin` WHERE ( `admin_username` = 'admin' ) LIMIT 1   [ RunTime:0.000000s ]
NOTIC: 建议使用I方法替代_post
SQL: SELECT * FROM `shuijian_admin` WHERE ( `admin_username` = 'admin' ) AND ( `admin_pwd` = 'd41d8cd98f00b204e9800998ecf8427e' ) AND ( `admin_open` = 1 ) LIMIT 1   [ RunTime:0.001000s ]

[ 2015-12-14T19:09:09+08:00 ] 127.0.0.1 /iadmin.php/Index/loginCheck
INFO: [ route_check ] --START--
INFO: CheckRoute Behavior ::run [ RunTime:0.001000s ]
INFO: [ route_check ] --END-- [ RunTime:0.001000s ]
INFO: [ app_begin ] --START--
INFO: ReadHtmlCache Behavior ::run [ RunTime:0.002000s ]
INFO: [ app_begin ] --END-- [ RunTime:0.002000s ]
NOTIC: 建议使用I方法替代_post
SQL: SHOW COLUMNS FROM `shuijian_admin` [ RunTime:0.006000s ]
SQL: SELECT `admin_id` FROM `shuijian_admin` WHERE ( `admin_username` = 'admin' ) LIMIT 1   [ RunTime:0.000000s ]
NOTIC: 建议使用I方法替代_post
SQL: SELECT * FROM `shuijian_admin` WHERE ( `admin_username` = 'admin' ) AND ( `admin_pwd` = 'd41d8cd98f00b204e9800998ecf8427e' ) AND ( `admin_open` = 1 ) LIMIT 1   [ RunTime:0.000000s ]

[ 2015-12-14T19:10:38+08:00 ] 127.0.0.1 /iadmin.php/Index/loginCheck
INFO: [ route_check ] --START--
INFO: CheckRoute Behavior ::run [ RunTime:0.001000s ]
INFO: [ route_check ] --END-- [ RunTime:0.002000s ]
INFO: [ app_begin ] --START--
INFO: ReadHtmlCache Behavior ::run [ RunTime:0.000000s ]
INFO: [ app_begin ] --END-- [ RunTime:0.001000s ]
NOTIC: 建议使用I方法替代_post
SQL: SHOW COLUMNS FROM `shuijian_admin` [ RunTime:0.004000s ]
SQL: SELECT `admin_id` FROM `shuijian_admin` WHERE ( `admin_username` = 'admin' ) LIMIT 1   [ RunTime:0.001000s ]
NOTIC: 建议使用I方法替代_post
SQL: SELECT * FROM `shuijian_admin` WHERE ( `admin_username` = 'admin' ) AND ( `admin_pwd` = 'd41d8cd98f00b204e9800998ecf8427e' ) AND ( `admin_open` = 1 ) LIMIT 1   [ RunTime:0.000000s ]
SQL: UPDATE `shuijian_admin` SET `admin_lasttime`=1450091438 WHERE ( admin_id=1 ) [ RunTime:0.065004s ]

[ 2015-12-14T19:10:39+08:00 ] 127.0.0.1 /iadmin.php/Index/dashboard-1.html
INFO: [ route_check ] --START--
INFO: CheckRoute Behavior ::run [ RunTime:0.001000s ]
INFO: [ route_check ] --END-- [ RunTime:0.001000s ]
INFO: [ app_begin ] --START--
INFO: ReadHtmlCache Behavior ::run [ RunTime:0.001000s ]
INFO: [ app_begin ] --END-- [ RunTime:0.001000s ]
ERR: 非法操作:dashboard-1

