[ 2015-12-01T19:34:34+08:00 ] 127.0.0.1 /slackck2015-11-27/
INFO: [ app_init ] --START--
INFO: Run Behavior\BuildLiteBehavior [ RunTime:0.000000s ]
INFO: [ app_init ] --END-- [ RunTime:0.001000s ]
INFO: [ app_begin ] --START--
INFO: Run Behavior\ReadHtmlCacheBehavior [ RunTime:0.004000s ]
INFO: [ app_begin ] --END-- [ RunTime:0.004000s ]

[ 2015-12-01T19:34:34+08:00 ] 127.0.0.1 /slackck2015-11-27/index.php/Login/login.html
INFO: [ app_init ] --START--
INFO: Run Behavior\BuildLiteBehavior [ RunTime:0.000000s ]
INFO: [ app_init ] --END-- [ RunTime:0.001000s ]
INFO: [ app_begin ] --START--
INFO: Run Behavior\ReadHtmlCacheBehavior [ RunTime:0.001000s ]
INFO: [ app_begin ] --END-- [ RunTime:0.001000s ]
INFO: [ view_parse ] --START--
INFO: [ template_filter ] --START--
INFO: Run Behavior\ContentReplaceBehavior [ RunTime:0.000000s ]
INFO: [ template_filter ] --END-- [ RunTime:0.000000s ]
INFO: Run Behavior\ParseTemplateBehavior [ RunTime:0.033002s ]
INFO: [ view_parse ] --END-- [ RunTime:0.033002s ]
INFO: [ view_filter ] --START--
INFO: Run Behavior\WriteHtmlCacheBehavior [ RunTime:0.001000s ]
INFO: [ view_filter ] --END-- [ RunTime:0.001000s ]
INFO: [ app_end ] --START--
INFO: Run Behavior\ShowPageTraceBehavior [ RunTime:0.001000s ]
INFO: [ app_end ] --END-- [ RunTime:0.001000s ]

[ 2015-12-01T19:37:53+08:00 ] 127.0.0.1 /slackck2015-11-27/index.php/Login/runlogin.html
INFO: [ app_init ] --START--
INFO: Run Behavior\BuildLiteBehavior [ RunTime:0.000000s ]
INFO: [ app_init ] --END-- [ RunTime:0.000000s ]
INFO: [ app_begin ] --START--
INFO: Run Behavior\ReadHtmlCacheBehavior [ RunTime:0.001000s ]
INFO: [ app_begin ] --END-- [ RunTime:0.001000s ]
NOTIC: [8] Undefined offset: 0 D:\WebstormProjects\shuijian\slackck2015-11-27\ThinkPHP\Library\Think\Db\Driver.class.php 第 113 行.
NOTIC: [8] Undefined offset: 0 D:\WebstormProjects\shuijian\slackck2015-11-27\ThinkPHP\Library\Think\Db\Driver.class.php 第 113 行.
NOTIC: [8] Undefined offset: 0 D:\WebstormProjects\shuijian\slackck2015-11-27\ThinkPHP\Library\Think\Db\Driver.class.php 第 113 行.

[ 2015-12-01T19:38:00+08:00 ] 127.0.0.1 /slackck2015-11-27/index.php/Login/runlogin.html
INFO: [ app_init ] --START--
INFO: Run Behavior\BuildLiteBehavior [ RunTime:0.000000s ]
INFO: [ app_init ] --END-- [ RunTime:0.001000s ]
INFO: [ app_begin ] --START--
INFO: Run Behavior\ReadHtmlCacheBehavior [ RunTime:0.001000s ]
INFO: [ app_begin ] --END-- [ RunTime:0.001000s ]
NOTIC: [8] Undefined offset: 0 D:\WebstormProjects\shuijian\slackck2015-11-27\ThinkPHP\Library\Think\Db\Driver.class.php 第 113 行.
NOTIC: [8] Undefined offset: 0 D:\WebstormProjects\shuijian\slackck2015-11-27\ThinkPHP\Library\Think\Db\Driver.class.php 第 113 行.
NOTIC: [8] Undefined offset: 0 D:\WebstormProjects\shuijian\slackck2015-11-27\ThinkPHP\Library\Think\Db\Driver.class.php 第 113 行.

[ 2015-12-01T19:38:39+08:00 ] 127.0.0.1 /slackck2015-11-27/index.php/Login/runlogin.html
INFO: [ app_init ] --START--
INFO: Run Behavior\BuildLiteBehavior [ RunTime:0.000000s ]
INFO: [ app_init ] --END-- [ RunTime:0.000000s ]
INFO: [ app_begin ] --START--
INFO: Run Behavior\ReadHtmlCacheBehavior [ RunTime:0.001000s ]
INFO: [ app_begin ] --END-- [ RunTime:0.001000s ]

[ 2015-12-01T19:38:39+08:00 ] 127.0.0.1 /slackck2015-11-27/index.php/Index/index.html
INFO: [ app_init ] --START--
INFO: Run Behavior\BuildLiteBehavior [ RunTime:0.000000s ]
INFO: [ app_init ] --END-- [ RunTime:0.000000s ]
INFO: [ app_begin ] --START--
INFO: Run Behavior\ReadHtmlCacheBehavior [ RunTime:0.001000s ]
INFO: [ app_begin ] --END-- [ RunTime:0.001000s ]
NOTIC: [2] Division by zero D:\WebstormProjects\shuijian\slackck2015-11-27\Application\Admin\Controller\IndexController.class.php 第 36 行.
INFO: [ view_parse ] --START--
INFO: [ template_filter ] --START--
INFO: Run Behavior\ContentReplaceBehavior [ RunTime:0.000000s ]
INFO: [ template_filter ] --END-- [ RunTime:0.000000s ]
NOTIC: [8] Undefined index: s D:\WebstormProjects\shuijian\slackck2015-11-27\Application\Runtime\Cache\Admin\b595b808c2ebeeeb0478ffc30bb4e87a.php 第 400 行.
NOTIC: [8] Undefined index: s D:\WebstormProjects\shuijian\slackck2015-11-27\Application\Runtime\Cache\Admin\b595b808c2ebeeeb0478ffc30bb4e87a.php 第 400 行.
NOTIC: [8] Undefined index: s D:\WebstormProjects\shuijian\slackck2015-11-27\Application\Runtime\Cache\Admin\b595b808c2ebeeeb0478ffc30bb4e87a.php 第 400 行.
NOTIC: [8] Undefined index: s D:\WebstormProjects\shuijian\slackck2015-11-27\Application\Runtime\Cache\Admin\b595b808c2ebeeeb0478ffc30bb4e87a.php 第 400 行.
NOTIC: [8] Undefined index: s D:\WebstormProjects\shuijian\slackck2015-11-27\Application\Runtime\Cache\Admin\b595b808c2ebeeeb0478ffc30bb4e87a.php 第 400 行.
NOTIC: [8] Undefined index: s D:\WebstormProjects\shuijian\slackck2015-11-27\Application\Runtime\Cache\Admin\b595b808c2ebeeeb0478ffc30bb4e87a.php 第 400 行.
NOTIC: [8] Undefined index: s D:\WebstormProjects\shuijian\slackck2015-11-27\Application\Runtime\Cache\Admin\b595b808c2ebeeeb0478ffc30bb4e87a.php 第 400 行.
NOTIC: [8] Undefined index: s D:\WebstormProjects\shuijian\slackck2015-11-27\Application\Runtime\Cache\Admin\b595b808c2ebeeeb0478ffc30bb4e87a.php 第 400 行.
NOTIC: [8] Undefined index: s D:\WebstormProjects\shuijian\slackck2015-11-27\Application\Runtime\Cache\Admin\b595b808c2ebeeeb0478ffc30bb4e87a.php 第 400 行.
INFO: Run Behavior\ParseTemplateBehavior [ RunTime:0.218012s ]
INFO: [ view_parse ] --END-- [ RunTime:0.218012s ]
INFO: [ view_filter ] --START--
INFO: Run Behavior\WriteHtmlCacheBehavior [ RunTime:0.001001s ]
INFO: [ view_filter ] --END-- [ RunTime:0.001001s ]
INFO: [ app_end ] --START--
INFO: Run Behavior\ShowPageTraceBehavior [ RunTime:0.001000s ]
INFO: [ app_end ] --END-- [ RunTime:0.001000s ]

[ 2015-12-01T19:39:04+08:00 ] 127.0.0.1 /slackck2015-11-27/index.php/We/menu/s/36.html
INFO: [ app_init ] --START--
INFO: Run Behavior\BuildLiteBehavior [ RunTime:0.000000s ]
INFO: [ app_init ] --END-- [ RunTime:0.001000s ]
INFO: [ app_begin ] --START--
INFO: Run Behavior\ReadHtmlCacheBehavior [ RunTime:0.001000s ]
INFO: [ app_begin ] --END-- [ RunTime:0.001000s ]
ERR: 非法操作:menu

[ 2015-12-01T19:39:13+08:00 ] 127.0.0.1 /slackck2015-11-27/index.php/News/news_list/s/8.html
INFO: [ app_init ] --START--
INFO: Run Behavior\BuildLiteBehavior [ RunTime:0.000000s ]
INFO: [ app_init ] --END-- [ RunTime:0.000000s ]
INFO: [ app_begin ] --START--
INFO: Run Behavior\ReadHtmlCacheBehavior [ RunTime:0.001000s ]
INFO: [ app_begin ] --END-- [ RunTime:0.001000s ]
NOTIC: [8] Use of undefined constant news_title - assumed 'news_title' D:\WebstormProjects\shuijian\slackck2015-11-27\Application\Admin\Controller\NewsController.class.php 第 12 行.
NOTIC: [8] Undefined offset: 1 D:\WebstormProjects\shuijian\slackck2015-11-27\Application\Admin\Controller\NewsController.class.php 第 20 行.
INFO: [ view_parse ] --START--
INFO: [ template_filter ] --START--
INFO: Run Behavior\ContentReplaceBehavior [ RunTime:0.000000s ]
INFO: [ template_filter ] --END-- [ RunTime:0.000000s ]
NOTIC: [8] Use of undefined constant news_open - assumed 'news_open' D:\WebstormProjects\shuijian\slackck2015-11-27\Application\Runtime\Cache\Admin\5dc7cb56e7e8cd7601e6f40f87c141e0.php 第 542 行.
NOTIC: [8] Use of undefined constant news_open - assumed 'news_open' D:\WebstormProjects\shuijian\slackck2015-11-27\Application\Runtime\Cache\Admin\5dc7cb56e7e8cd7601e6f40f87c141e0.php 第 542 行.
INFO: Run Behavior\ParseTemplateBehavior [ RunTime:0.062004s ]
INFO: [ view_parse ] --END-- [ RunTime:0.062004s ]
INFO: [ view_filter ] --START--
INFO: Run Behavior\WriteHtmlCacheBehavior [ RunTime:0.001000s ]
INFO: [ view_filter ] --END-- [ RunTime:0.001000s ]
INFO: [ app_end ] --START--
INFO: Run Behavior\ShowPageTraceBehavior [ RunTime:0.001000s ]
INFO: [ app_end ] --END-- [ RunTime:0.001000s ]

[ 2015-12-01T19:39:17+08:00 ] 127.0.0.1 /slackck2015-11-27/index.php/News/news_list_edit/n_id/4.html
INFO: [ app_init ] --START--
INFO: Run Behavior\BuildLiteBehavior [ RunTime:0.000000s ]
INFO: [ app_init ] --END-- [ RunTime:0.001000s ]
INFO: [ app_begin ] --START--
INFO: Run Behavior\ReadHtmlCacheBehavior [ RunTime:0.001000s ]
INFO: [ app_begin ] --END-- [ RunTime:0.001000s ]
INFO: [ view_parse ] --START--
INFO: [ template_filter ] --START--
INFO: Run Behavior\ContentReplaceBehavior [ RunTime:0.000000s ]
INFO: [ template_filter ] --END-- [ RunTime:0.000000s ]
NOTIC: [8] Use of undefined constant news_img - assumed 'news_img' D:\WebstormProjects\shuijian\slackck2015-11-27\Application\Runtime\Cache\Admin\6a8dd9061356aa1cf804f5edd76c5d12.php 第 531 行.
NOTIC: [8] Use of undefined constant news_open - assumed 'news_open' D:\WebstormProjects\shuijian\slackck2015-11-27\Application\Runtime\Cache\Admin\6a8dd9061356aa1cf804f5edd76c5d12.php 第 543 行.
INFO: Run Behavior\ParseTemplateBehavior [ RunTime:0.056004s ]
INFO: [ view_parse ] --END-- [ RunTime:0.056004s ]
INFO: [ view_filter ] --START--
INFO: Run Behavior\WriteHtmlCacheBehavior [ RunTime:0.001000s ]
INFO: [ view_filter ] --END-- [ RunTime:0.001000s ]
INFO: [ app_end ] --START--
INFO: Run Behavior\ShowPageTraceBehavior [ RunTime:0.001000s ]
INFO: [ app_end ] --END-- [ RunTime:0.001000s ]

[ 2015-12-01T19:39:43+08:00 ] 127.0.0.1 /slackck2015-11-27/index.php/News/news_back.html
INFO: [ app_init ] --START--
INFO: Run Behavior\BuildLiteBehavior [ RunTime:0.000000s ]
INFO: [ app_init ] --END-- [ RunTime:0.001000s ]
INFO: [ app_begin ] --START--
INFO: Run Behavior\ReadHtmlCacheBehavior [ RunTime:0.001000s ]
INFO: [ app_begin ] --END-- [ RunTime:0.001000s ]
NOTIC: [8] Use of undefined constant news_title - assumed 'news_title' D:\WebstormProjects\shuijian\slackck2015-11-27\Application\Admin\Controller\NewsController.class.php 第 184 行.
NOTIC: [8] Undefined offset: 1 D:\WebstormProjects\shuijian\slackck2015-11-27\Application\Admin\Controller\NewsController.class.php 第 192 行.
INFO: [ view_parse ] --START--
INFO: [ template_filter ] --START--
INFO: Run Behavior\ContentReplaceBehavior [ RunTime:0.000000s ]
INFO: [ template_filter ] --END-- [ RunTime:0.001000s ]
NOTIC: [8] Use of undefined constant news_open - assumed 'news_open' D:\WebstormProjects\shuijian\slackck2015-11-27\Application\Runtime\Cache\Admin\63a14476e9b8e15b87628f93e42f8a66.php 第 539 行.
INFO: Run Behavior\ParseTemplateBehavior [ RunTime:0.062003s ]
INFO: [ view_parse ] --END-- [ RunTime:0.062003s ]
INFO: [ view_filter ] --START--
INFO: Run Behavior\WriteHtmlCacheBehavior [ RunTime:0.001000s ]
INFO: [ view_filter ] --END-- [ RunTime:0.001000s ]
INFO: [ app_end ] --START--
INFO: Run Behavior\ShowPageTraceBehavior [ RunTime:0.000000s ]
INFO: [ app_end ] --END-- [ RunTime:0.001000s ]

[ 2015-12-01T19:39:44+08:00 ] 127.0.0.1 /slackck2015-11-27/index.php/News/news_listadd.html
INFO: [ app_init ] --START--
INFO: Run Behavior\BuildLiteBehavior [ RunTime:0.000000s ]
INFO: [ app_init ] --END-- [ RunTime:0.000000s ]
INFO: [ app_begin ] --START--
INFO: Run Behavior\ReadHtmlCacheBehavior [ RunTime:0.000000s ]
INFO: [ app_begin ] --END-- [ RunTime:0.000000s ]
INFO: [ view_parse ] --START--
INFO: [ template_filter ] --START--
INFO: Run Behavior\ContentReplaceBehavior [ RunTime:0.001000s ]
INFO: [ template_filter ] --END-- [ RunTime:0.001000s ]
INFO: Run Behavior\ParseTemplateBehavior [ RunTime:0.031002s ]
INFO: [ view_parse ] --END-- [ RunTime:0.031002s ]
INFO: [ view_filter ] --START--
INFO: Run Behavior\WriteHtmlCacheBehavior [ RunTime:0.000000s ]
INFO: [ view_filter ] --END-- [ RunTime:0.000000s ]
INFO: [ app_end ] --START--
INFO: Run Behavior\ShowPageTraceBehavior [ RunTime:0.002000s ]
INFO: [ app_end ] --END-- [ RunTime:0.002000s ]

[ 2015-12-01T19:39:45+08:00 ] 127.0.0.1 /slackck2015-11-27/index.php/News/news_list.html
INFO: [ app_init ] --START--
INFO: Run Behavior\BuildLiteBehavior [ RunTime:0.000000s ]
INFO: [ app_init ] --END-- [ RunTime:0.001000s ]
INFO: [ app_begin ] --START--
INFO: Run Behavior\ReadHtmlCacheBehavior [ RunTime:0.001000s ]
INFO: [ app_begin ] --END-- [ RunTime:0.001000s ]
NOTIC: [8] Use of undefined constant news_title - assumed 'news_title' D:\WebstormProjects\shuijian\slackck2015-11-27\Application\Admin\Controller\NewsController.class.php 第 12 行.
NOTIC: [8] Undefined offset: 1 D:\WebstormProjects\shuijian\slackck2015-11-27\Application\Admin\Controller\NewsController.class.php 第 20 行.
INFO: [ view_parse ] --START--
INFO: [ template_filter ] --START--
INFO: Run Behavior\ContentReplaceBehavior [ RunTime:0.000000s ]
INFO: [ template_filter ] --END-- [ RunTime:0.000000s ]
NOTIC: [8] Use of undefined constant news_open - assumed 'news_open' D:\WebstormProjects\shuijian\slackck2015-11-27\Application\Runtime\Cache\Admin\5dc7cb56e7e8cd7601e6f40f87c141e0.php 第 542 行.
NOTIC: [8] Use of undefined constant news_open - assumed 'news_open' D:\WebstormProjects\shuijian\slackck2015-11-27\Application\Runtime\Cache\Admin\5dc7cb56e7e8cd7601e6f40f87c141e0.php 第 542 行.
INFO: Run Behavior\ParseTemplateBehavior [ RunTime:0.031002s ]
INFO: [ view_parse ] --END-- [ RunTime:0.031002s ]
INFO: [ view_filter ] --START--
INFO: Run Behavior\WriteHtmlCacheBehavior [ RunTime:0.001000s ]
INFO: [ view_filter ] --END-- [ RunTime:0.001000s ]
INFO: [ app_end ] --START--
INFO: Run Behavior\ShowPageTraceBehavior [ RunTime:0.001000s ]
INFO: [ app_end ] --END-- [ RunTime:0.001000s ]

[ 2015-12-01T19:39:48+08:00 ] 127.0.0.1 /slackck2015-11-27/index.php/Sys/admin_list/s/15.html
INFO: [ app_init ] --START--
INFO: Run Behavior\BuildLiteBehavior [ RunTime:0.000000s ]
INFO: [ app_init ] --END-- [ RunTime:0.000000s ]
INFO: [ app_begin ] --START--
INFO: Run Behavior\ReadHtmlCacheBehavior [ RunTime:0.001000s ]
INFO: [ app_begin ] --END-- [ RunTime:0.001000s ]
NOTIC: [8] Undefined variable: map D:\WebstormProjects\shuijian\slackck2015-11-27\Application\Admin\Controller\SysController.class.php 第 68 行.
NOTIC: [8] Undefined variable: map D:\WebstormProjects\shuijian\slackck2015-11-27\Application\Admin\Controller\SysController.class.php 第 71 行.
NOTIC: [2] Invalid argument supplied for foreach() D:\WebstormProjects\shuijian\slackck2015-11-27\Application\Admin\Controller\SysController.class.php 第 71 行.
NOTIC: [8] Undefined variable: map D:\WebstormProjects\shuijian\slackck2015-11-27\Application\Admin\Controller\SysController.class.php 第 76 行.
NOTIC: [8] Undefined offset: 0 D:\WebstormProjects\shuijian\slackck2015-11-27\Application\Admin\Controller\SysController.class.php 第 80 行.
NOTIC: [8] Undefined offset: 0 D:\WebstormProjects\shuijian\slackck2015-11-27\Application\Admin\Controller\SysController.class.php 第 80 行.
INFO: [ view_parse ] --START--
INFO: [ template_filter ] --START--
INFO: Run Behavior\ContentReplaceBehavior [ RunTime:0.000000s ]
INFO: [ template_filter ] --END-- [ RunTime:0.000000s ]
NOTIC: [8] Use of undefined constant admin_open - assumed 'admin_open' D:\WebstormProjects\shuijian\slackck2015-11-27\Application\Runtime\Cache\Admin\4180b128332bb55c64012cd90a13c6c1.php 第 501 行.
NOTIC: [8] Use of undefined constant admin_open - assumed 'admin_open' D:\WebstormProjects\shuijian\slackck2015-11-27\Application\Runtime\Cache\Admin\4180b128332bb55c64012cd90a13c6c1.php 第 501 行.
NOTIC: [8] Use of undefined constant admin_open - assumed 'admin_open' D:\WebstormProjects\shuijian\slackck2015-11-27\Application\Runtime\Cache\Admin\4180b128332bb55c64012cd90a13c6c1.php 第 501 行.
NOTIC: [8] Use of undefined constant admin_open - assumed 'admin_open' D:\WebstormProjects\shuijian\slackck2015-11-27\Application\Runtime\Cache\Admin\4180b128332bb55c64012cd90a13c6c1.php 第 501 行.
INFO: Run Behavior\ParseTemplateBehavior [ RunTime:0.040002s ]
INFO: [ view_parse ] --END-- [ RunTime:0.040002s ]
INFO: [ view_filter ] --START--
INFO: Run Behavior\WriteHtmlCacheBehavior [ RunTime:0.000000s ]
INFO: [ view_filter ] --END-- [ RunTime:0.000000s ]
INFO: [ app_end ] --START--
INFO: Run Behavior\ShowPageTraceBehavior [ RunTime:0.001000s ]
INFO: [ app_end ] --END-- [ RunTime:0.001000s ]

[ 2015-12-01T19:39:54+08:00 ] 127.0.0.1 /slackck2015-11-27/index.php/Member/merber_list/s/29.html
INFO: [ app_init ] --START--
INFO: Run Behavior\BuildLiteBehavior [ RunTime:0.000000s ]
INFO: [ app_init ] --END-- [ RunTime:0.001000s ]
INFO: [ app_begin ] --START--
INFO: Run Behavior\ReadHtmlCacheBehavior [ RunTime:0.001000s ]
INFO: [ app_begin ] --END-- [ RunTime:0.001000s ]
ERR: 非法操作:merber_list

[ 2015-12-01T19:39:59+08:00 ] 127.0.0.1 /slackck2015-11-27/index.php/Sys/admin_rule.html
INFO: [ app_init ] --START--
INFO: Run Behavior\BuildLiteBehavior [ RunTime:0.000000s ]
INFO: [ app_init ] --END-- [ RunTime:0.001000s ]
INFO: [ app_begin ] --START--
INFO: Run Behavior\ReadHtmlCacheBehavior [ RunTime:0.001000s ]
INFO: [ app_begin ] --END-- [ RunTime:0.001000s ]
INFO: [ view_parse ] --START--
INFO: [ template_filter ] --START--
INFO: Run Behavior\ContentReplaceBehavior [ RunTime:0.000000s ]
INFO: [ template_filter ] --END-- [ RunTime:0.000000s ]
NOTIC: [8] Use of undefined constant status - assumed 'status' D:\WebstormProjects\shuijian\slackck2015-11-27\Application\Runtime\Cache\Admin\c06bcf7b3913a02cfa55b7e5f0a23e79.php 第 491 行.
NOTIC: [8] Use of undefined constant status - assumed 'status' D:\WebstormProjects\shuijian\slackck2015-11-27\Application\Runtime\Cache\Admin\c06bcf7b3913a02cfa55b7e5f0a23e79.php 第 491 行.
NOTIC: [8] Use of undefined constant status - assumed 'status' D:\WebstormProjects\shuijian\slackck2015-11-27\Application\Runtime\Cache\Admin\c06bcf7b3913a02cfa55b7e5f0a23e79.php 第 491 行.
NOTIC: [8] Use of undefined constant status - assumed 'status' D:\WebstormProjects\shuijian\slackck2015-11-27\Application\Runtime\Cache\Admin\c06bcf7b3913a02cfa55b7e5f0a23e79.php 第 491 行.
NOTIC: [8] Use of undefined constant status - assumed 'status' D:\WebstormProjects\shuijian\slackck2015-11-27\Application\Runtime\Cache\Admin\c06bcf7b3913a02cfa55b7e5f0a23e79.php 第 491 行.
NOTIC: [8] Use of undefined constant status - assumed 'status' D:\WebstormProjects\shuijian\slackck2015-11-27\Application\Runtime\Cache\Admin\c06bcf7b3913a02cfa55b7e5f0a23e79.php 第 491 行.
NOTIC: [8] Use of undefined constant status - assumed 'status' D:\WebstormProjects\shuijian\slackck2015-11-27\Application\Runtime\Cache\Admin\c06bcf7b3913a02cfa55b7e5f0a23e79.php 第 491 行.
NOTIC: [8] Use of undefined constant status - assumed 'status' D:\WebstormProjects\shuijian\slackck2015-11-27\Application\Runtime\Cache\Admin\c06bcf7b3913a02cfa55b7e5f0a23e79.php 第 491 行.
NOTIC: [8] Use of undefined constant status - assumed 'status' D:\WebstormProjects\shuijian\slackck2015-11-27\Application\Runtime\Cache\Admin\c06bcf7b3913a02cfa55b7e5f0a23e79.php 第 491 行.
NOTIC: [8] Use of undefined constant status - assumed 'status' D:\WebstormProjects\shuijian\slackck2015-11-27\Application\Runtime\Cache\Admin\c06bcf7b3913a02cfa55b7e5f0a23e79.php 第 491 行.
NOTIC: [8] Use of undefined constant status - assumed 'status' D:\WebstormProjects\shuijian\slackck2015-11-27\Application\Runtime\Cache\Admin\c06bcf7b3913a02cfa55b7e5f0a23e79.php 第 491 行.
NOTIC: [8] Use of undefined constant status - assumed 'status' D:\WebstormProjects\shuijian\slackck2015-11-27\Application\Runtime\Cache\Admin\c06bcf7b3913a02cfa55b7e5f0a23e79.php 第 491 行.
NOTIC: [8] Use of undefined constant status - assumed 'status' D:\WebstormProjects\shuijian\slackck2015-11-27\Application\Runtime\Cache\Admin\c06bcf7b3913a02cfa55b7e5f0a23e79.php 第 491 行.
NOTIC: [8] Use of undefined constant status - assumed 'status' D:\WebstormProjects\shuijian\slackck2015-11-27\Application\Runtime\Cache\Admin\c06bcf7b3913a02cfa55b7e5f0a23e79.php 第 491 行.
NOTIC: [8] Use of undefined constant status - assumed 'status' D:\WebstormProjects\shuijian\slackck2015-11-27\Application\Runtime\Cache\Admin\c06bcf7b3913a02cfa55b7e5f0a23e79.php 第 491 行.
NOTIC: [8] Use of undefined constant status - assumed 'status' D:\WebstormProjects\shuijian\slackck2015-11-27\Application\Runtime\Cache\Admin\c06bcf7b3913a02cfa55b7e5f0a23e79.php 第 491 行.
NOTIC: [8] Use of undefined constant status - assumed 'status' D:\WebstormProjects\shuijian\slackck2015-11-27\Application\Runtime\Cache\Admin\c06bcf7b3913a02cfa55b7e5f0a23e79.php 第 491 行.
NOTIC: [8] Use of undefined constant status - assumed 'status' D:\WebstormProjects\shuijian\slackck2015-11-27\Application\Runtime\Cache\Admin\c06bcf7b3913a02cfa55b7e5f0a23e79.php 第 491 行.
NOTIC: [8] Use of undefined constant status - assumed 'status' D:\WebstormProjects\shuijian\slackck2015-11-27\Application\Runtime\Cache\Admin\c06bcf7b3913a02cfa55b7e5f0a23e79.php 第 491 行.
NOTIC: [8] Use of undefined constant status - assumed 'status' D:\WebstormProjects\shuijian\slackck2015-11-27\Application\Runtime\Cache\Admin\c06bcf7b3913a02cfa55b7e5f0a23e79.php 第 491 行.
NOTIC: [8] Use of undefined constant status - assumed 'status' D:\WebstormProjects\shuijian\slackck2015-11-27\Application\Runtime\Cache\Admin\c06bcf7b3913a02cfa55b7e5f0a23e79.php 第 491 行.
NOTIC: [8] Use of undefined constant status - assumed 'status' D:\WebstormProjects\shuijian\slackck2015-11-27\Application\Runtime\Cache\Admin\c06bcf7b3913a02cfa55b7e5f0a23e79.php 第 491 行.
NOTIC: [8] Use of undefined constant status - assumed 'status' D:\WebstormProjects\shuijian\slackck2015-11-27\Application\Runtime\Cache\Admin\c06bcf7b3913a02cfa55b7e5f0a23e79.php 第 491 行.
NOTIC: [8] Use of undefined constant status - assumed 'status' D:\WebstormProjects\shuijian\slackck2015-11-27\Application\Runtime\Cache\Admin\c06bcf7b3913a02cfa55b7e5f0a23e79.php 第 491 行.
NOTIC: [8] Use of undefined constant status - assumed 'status' D:\WebstormProjects\shuijian\slackck2015-11-27\Application\Runtime\Cache\Admin\c06bcf7b3913a02cfa55b7e5f0a23e79.php 第 491 行.
NOTIC: [8] Use of undefined constant status - assumed 'status' D:\WebstormProjects\shuijian\slackck2015-11-27\Application\Runtime\Cache\Admin\c06bcf7b3913a02cfa55b7e5f0a23e79.php 第 491 行.
NOTIC: [8] Use of undefined constant status - assumed 'status' D:\WebstormProjects\shuijian\slackck2015-11-27\Application\Runtime\Cache\Admin\c06bcf7b3913a02cfa55b7e5f0a23e79.php 第 491 行.
NOTIC: [8] Use of undefined constant status - assumed 'status' D:\WebstormProjects\shuijian\slackck2015-11-27\Application\Runtime\Cache\Admin\c06bcf7b3913a02cfa55b7e5f0a23e79.php 第 491 行.
NOTIC: [8] Use of undefined constant status - assumed 'status' D:\WebstormProjects\shuijian\slackck2015-11-27\Application\Runtime\Cache\Admin\c06bcf7b3913a02cfa55b7e5f0a23e79.php 第 491 行.
NOTIC: [8] Use of undefined constant status - assumed 'status' D:\WebstormProjects\shuijian\slackck2015-11-27\Application\Runtime\Cache\Admin\c06bcf7b3913a02cfa55b7e5f0a23e79.php 第 491 行.
NOTIC: [8] Use of undefined constant status - assumed 'status' D:\WebstormProjects\shuijian\slackck2015-11-27\Application\Runtime\Cache\Admin\c06bcf7b3913a02cfa55b7e5f0a23e79.php 第 491 行.
NOTIC: [8] Use of undefined constant status - assumed 'status' D:\WebstormProjects\shuijian\slackck2015-11-27\Application\Runtime\Cache\Admin\c06bcf7b3913a02cfa55b7e5f0a23e79.php 第 491 行.
NOTIC: [8] Use of undefined constant status - assumed 'status' D:\WebstormProjects\shuijian\slackck2015-11-27\Application\Runtime\Cache\Admin\c06bcf7b3913a02cfa55b7e5f0a23e79.php 第 491 行.
NOTIC: [8] Use of undefined constant status - assumed 'status' D:\WebstormProjects\shuijian\slackck2015-11-27\Application\Runtime\Cache\Admin\c06bcf7b3913a02cfa55b7e5f0a23e79.php 第 491 行.
INFO: Run Behavior\ParseTemplateBehavior [ RunTime:0.022001s ]
INFO: [ view_parse ] --END-- [ RunTime:0.022001s ]
INFO: [ view_filter ] --START--
INFO: Run Behavior\WriteHtmlCacheBehavior [ RunTime:0.000000s ]
INFO: [ view_filter ] --END-- [ RunTime:0.000000s ]
INFO: [ app_end ] --START--
INFO: Run Behavior\ShowPageTraceBehavior [ RunTime:0.001000s ]
INFO: [ app_end ] --END-- [ RunTime:0.001000s ]

[ 2015-12-01T19:40:31+08:00 ] 127.0.0.1 /slackck2015-11-27/index.php/Sys/admin_rule_state.html
INFO: [ app_init ] --START--
INFO: Run Behavior\BuildLiteBehavior [ RunTime:0.000000s ]
INFO: [ app_init ] --END-- [ RunTime:0.001000s ]
INFO: [ app_begin ] --START--
INFO: Run Behavior\ReadHtmlCacheBehavior [ RunTime:0.001000s ]
INFO: [ app_begin ] --END-- [ RunTime:0.001000s ]

[ 2015-12-01T19:40:36+08:00 ] 127.0.0.1 /slackck2015-11-27/index.php/Sys/admin_rule_state.html
INFO: [ app_init ] --START--
INFO: Run Behavior\BuildLiteBehavior [ RunTime:0.000000s ]
INFO: [ app_init ] --END-- [ RunTime:0.000000s ]
INFO: [ app_begin ] --START--
INFO: Run Behavior\ReadHtmlCacheBehavior [ RunTime:0.001000s ]
INFO: [ app_begin ] --END-- [ RunTime:0.001000s ]

[ 2015-12-01T19:40:40+08:00 ] 127.0.0.1 /slackck2015-11-27/index.php/Sys/admin_rule.html
INFO: [ app_init ] --START--
INFO: Run Behavior\BuildLiteBehavior [ RunTime:0.000000s ]
INFO: [ app_init ] --END-- [ RunTime:0.000000s ]
INFO: [ app_begin ] --START--
INFO: Run Behavior\ReadHtmlCacheBehavior [ RunTime:0.001000s ]
INFO: [ app_begin ] --END-- [ RunTime:0.001000s ]
INFO: [ view_parse ] --START--
INFO: [ template_filter ] --START--
INFO: Run Behavior\ContentReplaceBehavior [ RunTime:0.000000s ]
INFO: [ template_filter ] --END-- [ RunTime:0.000000s ]
NOTIC: [8] Use of undefined constant status - assumed 'status' D:\WebstormProjects\shuijian\slackck2015-11-27\Application\Runtime\Cache\Admin\c06bcf7b3913a02cfa55b7e5f0a23e79.php 第 491 行.
NOTIC: [8] Use of undefined constant status - assumed 'status' D:\WebstormProjects\shuijian\slackck2015-11-27\Application\Runtime\Cache\Admin\c06bcf7b3913a02cfa55b7e5f0a23e79.php 第 491 行.
NOTIC: [8] Use of undefined constant status - assumed 'status' D:\WebstormProjects\shuijian\slackck2015-11-27\Application\Runtime\Cache\Admin\c06bcf7b3913a02cfa55b7e5f0a23e79.php 第 491 行.
NOTIC: [8] Use of undefined constant status - assumed 'status' D:\WebstormProjects\shuijian\slackck2015-11-27\Application\Runtime\Cache\Admin\c06bcf7b3913a02cfa55b7e5f0a23e79.php 第 491 行.
NOTIC: [8] Use of undefined constant status - assumed 'status' D:\WebstormProjects\shuijian\slackck2015-11-27\Application\Runtime\Cache\Admin\c06bcf7b3913a02cfa55b7e5f0a23e79.php 第 491 行.
NOTIC: [8] Use of undefined constant status - assumed 'status' D:\WebstormProjects\shuijian\slackck2015-11-27\Application\Runtime\Cache\Admin\c06bcf7b3913a02cfa55b7e5f0a23e79.php 第 491 行.
NOTIC: [8] Use of undefined constant status - assumed 'status' D:\WebstormProjects\shuijian\slackck2015-11-27\Application\Runtime\Cache\Admin\c06bcf7b3913a02cfa55b7e5f0a23e79.php 第 491 行.
NOTIC: [8] Use of undefined constant status - assumed 'status' D:\WebstormProjects\shuijian\slackck2015-11-27\Application\Runtime\Cache\Admin\c06bcf7b3913a02cfa55b7e5f0a23e79.php 第 491 行.
NOTIC: [8] Use of undefined constant status - assumed 'status' D:\WebstormProjects\shuijian\slackck2015-11-27\Application\Runtime\Cache\Admin\c06bcf7b3913a02cfa55b7e5f0a23e79.php 第 491 行.
NOTIC: [8] Use of undefined constant status - assumed 'status' D:\WebstormProjects\shuijian\slackck2015-11-27\Application\Runtime\Cache\Admin\c06bcf7b3913a02cfa55b7e5f0a23e79.php 第 491 行.
NOTIC: [8] Use of undefined constant status - assumed 'status' D:\WebstormProjects\shuijian\slackck2015-11-27\Application\Runtime\Cache\Admin\c06bcf7b3913a02cfa55b7e5f0a23e79.php 第 491 行.
NOTIC: [8] Use of undefined constant status - assumed 'status' D:\WebstormProjects\shuijian\slackck2015-11-27\Application\Runtime\Cache\Admin\c06bcf7b3913a02cfa55b7e5f0a23e79.php 第 491 行.
NOTIC: [8] Use of undefined constant status - assumed 'status' D:\WebstormProjects\shuijian\slackck2015-11-27\Application\Runtime\Cache\Admin\c06bcf7b3913a02cfa55b7e5f0a23e79.php 第 491 行.
NOTIC: [8] Use of undefined constant status - assumed 'status' D:\WebstormProjects\shuijian\slackck2015-11-27\Application\Runtime\Cache\Admin\c06bcf7b3913a02cfa55b7e5f0a23e79.php 第 491 行.
NOTIC: [8] Use of undefined constant status - assumed 'status' D:\WebstormProjects\shuijian\slackck2015-11-27\Application\Runtime\Cache\Admin\c06bcf7b3913a02cfa55b7e5f0a23e79.php 第 491 行.
NOTIC: [8] Use of undefined constant status - assumed 'status' D:\WebstormProjects\shuijian\slackck2015-11-27\Application\Runtime\Cache\Admin\c06bcf7b3913a02cfa55b7e5f0a23e79.php 第 491 行.
NOTIC: [8] Use of undefined constant status - assumed 'status' D:\WebstormProjects\shuijian\slackck2015-11-27\Application\Runtime\Cache\Admin\c06bcf7b3913a02cfa55b7e5f0a23e79.php 第 491 行.
NOTIC: [8] Use of undefined constant status - assumed 'status' D:\WebstormProjects\shuijian\slackck2015-11-27\Application\Runtime\Cache\Admin\c06bcf7b3913a02cfa55b7e5f0a23e79.php 第 491 行.
NOTIC: [8] Use of undefined constant status - assumed 'status' D:\WebstormProjects\shuijian\slackck2015-11-27\Application\Runtime\Cache\Admin\c06bcf7b3913a02cfa55b7e5f0a23e79.php 第 491 行.
NOTIC: [8] Use of undefined constant status - assumed 'status' D:\WebstormProjects\shuijian\slackck2015-11-27\Application\Runtime\Cache\Admin\c06bcf7b3913a02cfa55b7e5f0a23e79.php 第 491 行.
NOTIC: [8] Use of undefined constant status - assumed 'status' D:\WebstormProjects\shuijian\slackck2015-11-27\Application\Runtime\Cache\Admin\c06bcf7b3913a02cfa55b7e5f0a23e79.php 第 491 行.
NOTIC: [8] Use of undefined constant status - assumed 'status' D:\WebstormProjects\shuijian\slackck2015-11-27\Application\Runtime\Cache\Admin\c06bcf7b3913a02cfa55b7e5f0a23e79.php 第 491 行.
NOTIC: [8] Use of undefined constant status - assumed 'status' D:\WebstormProjects\shuijian\slackck2015-11-27\Application\Runtime\Cache\Admin\c06bcf7b3913a02cfa55b7e5f0a23e79.php 第 491 行.
NOTIC: [8] Use of undefined constant status - assumed 'status' D:\WebstormProjects\shuijian\slackck2015-11-27\Application\Runtime\Cache\Admin\c06bcf7b3913a02cfa55b7e5f0a23e79.php 第 491 行.
NOTIC: [8] Use of undefined constant status - assumed 'status' D:\WebstormProjects\shuijian\slackck2015-11-27\Application\Runtime\Cache\Admin\c06bcf7b3913a02cfa55b7e5f0a23e79.php 第 491 行.
NOTIC: [8] Use of undefined constant status - assumed 'status' D:\WebstormProjects\shuijian\slackck2015-11-27\Application\Runtime\Cache\Admin\c06bcf7b3913a02cfa55b7e5f0a23e79.php 第 491 行.
NOTIC: [8] Use of undefined constant status - assumed 'status' D:\WebstormProjects\shuijian\slackck2015-11-27\Application\Runtime\Cache\Admin\c06bcf7b3913a02cfa55b7e5f0a23e79.php 第 491 行.
NOTIC: [8] Use of undefined constant status - assumed 'status' D:\WebstormProjects\shuijian\slackck2015-11-27\Application\Runtime\Cache\Admin\c06bcf7b3913a02cfa55b7e5f0a23e79.php 第 491 行.
NOTIC: [8] Use of undefined constant status - assumed 'status' D:\WebstormProjects\shuijian\slackck2015-11-27\Application\Runtime\Cache\Admin\c06bcf7b3913a02cfa55b7e5f0a23e79.php 第 491 行.
NOTIC: [8] Use of undefined constant status - assumed 'status' D:\WebstormProjects\shuijian\slackck2015-11-27\Application\Runtime\Cache\Admin\c06bcf7b3913a02cfa55b7e5f0a23e79.php 第 491 行.
NOTIC: [8] Use of undefined constant status - assumed 'status' D:\WebstormProjects\shuijian\slackck2015-11-27\Application\Runtime\Cache\Admin\c06bcf7b3913a02cfa55b7e5f0a23e79.php 第 491 行.
NOTIC: [8] Use of undefined constant status - assumed 'status' D:\WebstormProjects\shuijian\slackck2015-11-27\Application\Runtime\Cache\Admin\c06bcf7b3913a02cfa55b7e5f0a23e79.php 第 491 行.
NOTIC: [8] Use of undefined constant status - assumed 'status' D:\WebstormProjects\shuijian\slackck2015-11-27\Application\Runtime\Cache\Admin\c06bcf7b3913a02cfa55b7e5f0a23e79.php 第 491 行.
NOTIC: [8] Use of undefined constant status - assumed 'status' D:\WebstormProjects\shuijian\slackck2015-11-27\Application\Runtime\Cache\Admin\c06bcf7b3913a02cfa55b7e5f0a23e79.php 第 491 行.
INFO: Run Behavior\ParseTemplateBehavior [ RunTime:0.026002s ]
INFO: [ view_parse ] --END-- [ RunTime:0.027002s ]
INFO: [ view_filter ] --START--
INFO: Run Behavior\WriteHtmlCacheBehavior [ RunTime:0.001000s ]
INFO: [ view_filter ] --END-- [ RunTime:0.001000s ]
INFO: [ app_end ] --START--
INFO: Run Behavior\ShowPageTraceBehavior [ RunTime:0.002000s ]
INFO: [ app_end ] --END-- [ RunTime:0.002000s ]

[ 2015-12-01T19:40:43+08:00 ] 127.0.0.1 /slackck2015-11-27/index.php/We/menu/s/36.html
INFO: [ app_init ] --START--
INFO: Run Behavior\BuildLiteBehavior [ RunTime:0.000000s ]
INFO: [ app_init ] --END-- [ RunTime:0.001000s ]
INFO: [ app_begin ] --START--
INFO: Run Behavior\ReadHtmlCacheBehavior [ RunTime:0.001000s ]
INFO: [ app_begin ] --END-- [ RunTime:0.001000s ]
ERR: 非法操作:menu

[ 2015-12-01T19:42:42+08:00 ] 127.0.0.1 /slackck2015-11-27/index.php/Sys/admin_rule_edit/id/1.html
INFO: [ app_init ] --START--
INFO: Run Behavior\BuildLiteBehavior [ RunTime:0.000000s ]
INFO: [ app_init ] --END-- [ RunTime:0.001000s ]
INFO: [ app_begin ] --START--
INFO: Run Behavior\ReadHtmlCacheBehavior [ RunTime:0.000000s ]
INFO: [ app_begin ] --END-- [ RunTime:0.000000s ]
INFO: [ view_parse ] --START--
INFO: [ template_filter ] --START--
INFO: Run Behavior\ContentReplaceBehavior [ RunTime:0.000000s ]
INFO: [ template_filter ] --END-- [ RunTime:0.000000s ]
NOTIC: [8] Undefined variable: adminnav D:\WebstormProjects\shuijian\slackck2015-11-27\Application\Runtime\Cache\Admin\a488d936b753fa7452799146311a8ee4.php 第 438 行.
INFO: Run Behavior\ParseTemplateBehavior [ RunTime:0.052003s ]
INFO: [ view_parse ] --END-- [ RunTime:0.052003s ]
INFO: [ view_filter ] --START--
INFO: Run Behavior\WriteHtmlCacheBehavior [ RunTime:0.001000s ]
INFO: [ view_filter ] --END-- [ RunTime:0.001000s ]
INFO: [ app_end ] --START--
INFO: Run Behavior\ShowPageTraceBehavior [ RunTime:0.001000s ]
INFO: [ app_end ] --END-- [ RunTime:0.002001s ]

[ 2015-12-01T19:42:49+08:00 ] 127.0.0.1 /slackck2015-11-27/index.php/Sys/leftnav/s/3.html
INFO: [ app_init ] --START--
INFO: Run Behavior\BuildLiteBehavior [ RunTime:0.000000s ]
INFO: [ app_init ] --END-- [ RunTime:0.000000s ]
INFO: [ app_begin ] --START--
INFO: Run Behavior\ReadHtmlCacheBehavior [ RunTime:0.001000s ]
INFO: [ app_begin ] --END-- [ RunTime:0.001000s ]
ERR: 非法操作:leftnav

[ 2015-12-01T19:42:57+08:00 ] 127.0.0.1 /slackck2015-11-27/index.php/Sys/sys/s/2.html
INFO: [ app_init ] --START--
INFO: Run Behavior\BuildLiteBehavior [ RunTime:0.000000s ]
INFO: [ app_init ] --END-- [ RunTime:0.001000s ]
INFO: [ app_begin ] --START--
INFO: Run Behavior\ReadHtmlCacheBehavior [ RunTime:0.001000s ]
INFO: [ app_begin ] --END-- [ RunTime:0.001000s ]
INFO: [ view_parse ] --START--
INFO: [ template_filter ] --START--
INFO: Run Behavior\ContentReplaceBehavior [ RunTime:0.000000s ]
INFO: [ template_filter ] --END-- [ RunTime:0.000000s ]
INFO: Run Behavior\ParseTemplateBehavior [ RunTime:0.050003s ]
INFO: [ view_parse ] --END-- [ RunTime:0.050003s ]
INFO: [ view_filter ] --START--
INFO: Run Behavior\WriteHtmlCacheBehavior [ RunTime:0.001000s ]
INFO: [ view_filter ] --END-- [ RunTime:0.001000s ]
INFO: [ app_end ] --START--
INFO: Run Behavior\ShowPageTraceBehavior [ RunTime:0.001000s ]
INFO: [ app_end ] --END-- [ RunTime:0.001000s ]

[ 2015-12-01T19:43:04+08:00 ] 127.0.0.1 /slackck2015-11-27/index.php/Sys/wesys.html
INFO: [ app_init ] --START--
INFO: Run Behavior\BuildLiteBehavior [ RunTime:0.000000s ]
INFO: [ app_init ] --END-- [ RunTime:0.001000s ]
INFO: [ app_begin ] --START--
INFO: Run Behavior\ReadHtmlCacheBehavior [ RunTime:0.001000s ]
INFO: [ app_begin ] --END-- [ RunTime:0.001000s ]
INFO: [ view_parse ] --START--
INFO: [ template_filter ] --START--
INFO: Run Behavior\ContentReplaceBehavior [ RunTime:0.000000s ]
INFO: [ template_filter ] --END-- [ RunTime:0.000000s ]
INFO: Run Behavior\ParseTemplateBehavior [ RunTime:0.039003s ]
INFO: [ view_parse ] --END-- [ RunTime:0.039003s ]
INFO: [ view_filter ] --START--
INFO: Run Behavior\WriteHtmlCacheBehavior [ RunTime:0.001000s ]
INFO: [ view_filter ] --END-- [ RunTime:0.001000s ]
INFO: [ app_end ] --START--
INFO: Run Behavior\ShowPageTraceBehavior [ RunTime:0.001000s ]
INFO: [ app_end ] --END-- [ RunTime:0.001000s ]

[ 2015-12-01T19:43:16+08:00 ] 127.0.0.1 /slackck2015-11-27/index.php/Member/merber_list/s/29.html
INFO: [ app_init ] --START--
INFO: Run Behavior\BuildLiteBehavior [ RunTime:0.000000s ]
INFO: [ app_init ] --END-- [ RunTime:0.001000s ]
INFO: [ app_begin ] --START--
INFO: Run Behavior\ReadHtmlCacheBehavior [ RunTime:0.001001s ]
INFO: [ app_begin ] --END-- [ RunTime:0.001001s ]
ERR: 非法操作:merber_list

[ 2015-12-01T19:43:20+08:00 ] 127.0.0.1 /slackck2015-11-27/index.php/Member/merber_lvl/s/30.html
INFO: [ app_init ] --START--
INFO: Run Behavior\BuildLiteBehavior [ RunTime:0.000000s ]
INFO: [ app_init ] --END-- [ RunTime:0.000000s ]
INFO: [ app_begin ] --START--
INFO: Run Behavior\ReadHtmlCacheBehavior [ RunTime:0.000000s ]
INFO: [ app_begin ] --END-- [ RunTime:0.000000s ]
ERR: 非法操作:merber_lvl

[ 2015-12-01T19:43:23+08:00 ] 127.0.0.1 /slackck2015-11-27/index.php/Sys/admin_list/s/15.html
INFO: [ app_init ] --START--
INFO: Run Behavior\BuildLiteBehavior [ RunTime:0.000000s ]
INFO: [ app_init ] --END-- [ RunTime:0.000000s ]
INFO: [ app_begin ] --START--
INFO: Run Behavior\ReadHtmlCacheBehavior [ RunTime:0.000000s ]
INFO: [ app_begin ] --END-- [ RunTime:0.000000s ]
NOTIC: [8] Undefined variable: map D:\WebstormProjects\shuijian\slackck2015-11-27\Application\Admin\Controller\SysController.class.php 第 68 行.
NOTIC: [8] Undefined variable: map D:\WebstormProjects\shuijian\slackck2015-11-27\Application\Admin\Controller\SysController.class.php 第 71 行.
NOTIC: [2] Invalid argument supplied for foreach() D:\WebstormProjects\shuijian\slackck2015-11-27\Application\Admin\Controller\SysController.class.php 第 71 行.
NOTIC: [8] Undefined variable: map D:\WebstormProjects\shuijian\slackck2015-11-27\Application\Admin\Controller\SysController.class.php 第 76 行.
NOTIC: [8] Undefined offset: 0 D:\WebstormProjects\shuijian\slackck2015-11-27\Application\Admin\Controller\SysController.class.php 第 80 行.
NOTIC: [8] Undefined offset: 0 D:\WebstormProjects\shuijian\slackck2015-11-27\Application\Admin\Controller\SysController.class.php 第 80 行.
INFO: [ view_parse ] --START--
INFO: [ template_filter ] --START--
INFO: Run Behavior\ContentReplaceBehavior [ RunTime:0.001000s ]
INFO: [ template_filter ] --END-- [ RunTime:0.001000s ]
NOTIC: [8] Use of undefined constant admin_open - assumed 'admin_open' D:\WebstormProjects\shuijian\slackck2015-11-27\Application\Runtime\Cache\Admin\4180b128332bb55c64012cd90a13c6c1.php 第 501 行.
NOTIC: [8] Use of undefined constant admin_open - assumed 'admin_open' D:\WebstormProjects\shuijian\slackck2015-11-27\Application\Runtime\Cache\Admin\4180b128332bb55c64012cd90a13c6c1.php 第 501 行.
NOTIC: [8] Use of undefined constant admin_open - assumed 'admin_open' D:\WebstormProjects\shuijian\slackck2015-11-27\Application\Runtime\Cache\Admin\4180b128332bb55c64012cd90a13c6c1.php 第 501 行.
NOTIC: [8] Use of undefined constant admin_open - assumed 'admin_open' D:\WebstormProjects\shuijian\slackck2015-11-27\Application\Runtime\Cache\Admin\4180b128332bb55c64012cd90a13c6c1.php 第 501 行.
INFO: Run Behavior\ParseTemplateBehavior [ RunTime:0.027001s ]
INFO: [ view_parse ] --END-- [ RunTime:0.028001s ]
INFO: [ view_filter ] --START--
INFO: Run Behavior\WriteHtmlCacheBehavior [ RunTime:0.000000s ]
INFO: [ view_filter ] --END-- [ RunTime:0.000000s ]
INFO: [ app_end ] --START--
INFO: Run Behavior\ShowPageTraceBehavior [ RunTime:0.000000s ]
INFO: [ app_end ] --END-- [ RunTime:0.000000s ]

[ 2015-12-01T19:43:30+08:00 ] 127.0.0.1 /slackck2015-11-27/index.php/Sys/admin_list_edit/admin_id/1.html
INFO: [ app_init ] --START--
INFO: Run Behavior\BuildLiteBehavior [ RunTime:0.000000s ]
INFO: [ app_init ] --END-- [ RunTime:0.001000s ]
INFO: [ app_begin ] --START--
INFO: Run Behavior\ReadHtmlCacheBehavior [ RunTime:0.001000s ]
INFO: [ app_begin ] --END-- [ RunTime:0.001000s ]
INFO: [ view_parse ] --START--
INFO: [ template_filter ] --START--
INFO: Run Behavior\ContentReplaceBehavior [ RunTime:0.000000s ]
INFO: [ template_filter ] --END-- [ RunTime:0.000000s ]
NOTIC: [8] Use of undefined constant id - assumed 'id' D:\WebstormProjects\shuijian\slackck2015-11-27\Application\Runtime\Cache\Admin\ccf0fd139b403f8d88ca289d9a24ac51.php 第 531 行.
NOTIC: [8] Use of undefined constant id - assumed 'id' D:\WebstormProjects\shuijian\slackck2015-11-27\Application\Runtime\Cache\Admin\ccf0fd139b403f8d88ca289d9a24ac51.php 第 531 行.
NOTIC: [8] Use of undefined constant admin_open - assumed 'admin_open' D:\WebstormProjects\shuijian\slackck2015-11-27\Application\Runtime\Cache\Admin\ccf0fd139b403f8d88ca289d9a24ac51.php 第 585 行.
INFO: Run Behavior\ParseTemplateBehavior [ RunTime:0.050003s ]
INFO: [ view_parse ] --END-- [ RunTime:0.050003s ]
INFO: [ view_filter ] --START--
INFO: Run Behavior\WriteHtmlCacheBehavior [ RunTime:0.001000s ]
INFO: [ view_filter ] --END-- [ RunTime:0.001000s ]
INFO: [ app_end ] --START--
INFO: Run Behavior\ShowPageTraceBehavior [ RunTime:0.001000s ]
INFO: [ app_end ] --END-- [ RunTime:0.001000s ]

[ 2015-12-01T19:43:42+08:00 ] 127.0.0.1 /slackck2015-11-27/index.php/Sys/sys/s/2.html
INFO: [ app_init ] --START--
INFO: Run Behavior\BuildLiteBehavior [ RunTime:0.000000s ]
INFO: [ app_init ] --END-- [ RunTime:0.001000s ]
INFO: [ app_begin ] --START--
INFO: Run Behavior\ReadHtmlCacheBehavior [ RunTime:0.001001s ]
INFO: [ app_begin ] --END-- [ RunTime:0.001001s ]
INFO: [ view_parse ] --START--
INFO: [ template_filter ] --START--
INFO: Run Behavior\ContentReplaceBehavior [ RunTime:0.000000s ]
INFO: [ template_filter ] --END-- [ RunTime:0.000000s ]
INFO: Run Behavior\ParseTemplateBehavior [ RunTime:0.023001s ]
INFO: [ view_parse ] --END-- [ RunTime:0.023001s ]
INFO: [ view_filter ] --START--
INFO: Run Behavior\WriteHtmlCacheBehavior [ RunTime:0.001000s ]
INFO: [ view_filter ] --END-- [ RunTime:0.001000s ]
INFO: [ app_end ] --START--
INFO: Run Behavior\ShowPageTraceBehavior [ RunTime:0.000000s ]
INFO: [ app_end ] --END-- [ RunTime:0.000000s ]

[ 2015-12-01T19:43:44+08:00 ] 127.0.0.1 /slackck2015-11-27/index.php/Sys/leftnav/s/3.html
INFO: [ app_init ] --START--
INFO: Run Behavior\BuildLiteBehavior [ RunTime:0.000000s ]
INFO: [ app_init ] --END-- [ RunTime:0.000000s ]
INFO: [ app_begin ] --START--
INFO: Run Behavior\ReadHtmlCacheBehavior [ RunTime:0.000000s ]
INFO: [ app_begin ] --END-- [ RunTime:0.000000s ]
ERR: 非法操作:leftnav

[ 2015-12-01T19:43:47+08:00 ] 127.0.0.1 /slackck2015-11-27/index.php/News/news_list/s/8.html
INFO: [ app_init ] --START--
INFO: Run Behavior\BuildLiteBehavior [ RunTime:0.000000s ]
INFO: [ app_init ] --END-- [ RunTime:0.001001s ]
INFO: [ app_begin ] --START--
INFO: Run Behavior\ReadHtmlCacheBehavior [ RunTime:0.001000s ]
INFO: [ app_begin ] --END-- [ RunTime:0.001000s ]
NOTIC: [8] Use of undefined constant news_title - assumed 'news_title' D:\WebstormProjects\shuijian\slackck2015-11-27\Application\Admin\Controller\NewsController.class.php 第 12 行.
NOTIC: [8] Undefined offset: 1 D:\WebstormProjects\shuijian\slackck2015-11-27\Application\Admin\Controller\NewsController.class.php 第 20 行.
INFO: [ view_parse ] --START--
INFO: [ template_filter ] --START--
INFO: Run Behavior\ContentReplaceBehavior [ RunTime:0.000000s ]
INFO: [ template_filter ] --END-- [ RunTime:0.000000s ]
NOTIC: [8] Use of undefined constant news_open - assumed 'news_open' D:\WebstormProjects\shuijian\slackck2015-11-27\Application\Runtime\Cache\Admin\5dc7cb56e7e8cd7601e6f40f87c141e0.php 第 542 行.
NOTIC: [8] Use of undefined constant news_open - assumed 'news_open' D:\WebstormProjects\shuijian\slackck2015-11-27\Application\Runtime\Cache\Admin\5dc7cb56e7e8cd7601e6f40f87c141e0.php 第 542 行.
INFO: Run Behavior\ParseTemplateBehavior [ RunTime:0.026002s ]
INFO: [ view_parse ] --END-- [ RunTime:0.026002s ]
INFO: [ view_filter ] --START--
INFO: Run Behavior\WriteHtmlCacheBehavior [ RunTime:0.000000s ]
INFO: [ view_filter ] --END-- [ RunTime:0.000000s ]
INFO: [ app_end ] --START--
INFO: Run Behavior\ShowPageTraceBehavior [ RunTime:0.000000s ]
INFO: [ app_end ] --END-- [ RunTime:0.000000s ]

[ 2015-12-01T19:54:07+08:00 ] 127.0.0.1 /slackck2015-11-27/index.php/Member/merber_lvl/s/30.html
INFO: [ app_init ] --START--
INFO: Run Behavior\BuildLiteBehavior [ RunTime:0.000000s ]
INFO: [ app_init ] --END-- [ RunTime:0.000000s ]
INFO: [ app_begin ] --START--
INFO: Run Behavior\ReadHtmlCacheBehavior [ RunTime:0.001000s ]
INFO: [ app_begin ] --END-- [ RunTime:0.001000s ]
ERR: 非法操作:merber_lvl

[ 2015-12-01T19:56:06+08:00 ] 127.0.0.1 /slackck2015-11-27/index.php/Member/merber_list/s/29.html
INFO: [ app_init ] --START--
INFO: Run Behavior\BuildLiteBehavior [ RunTime:0.000000s ]
INFO: [ app_init ] --END-- [ RunTime:0.001000s ]
INFO: [ app_begin ] --START--
INFO: Run Behavior\ReadHtmlCacheBehavior [ RunTime:0.000000s ]
INFO: [ app_begin ] --END-- [ RunTime:0.000000s ]
ERR: 非法操作:merber_list

[ 2015-12-01T19:56:13+08:00 ] 127.0.0.1 /slackck2015-11-27/index.php/Sys/sys/s/2.html
INFO: [ app_init ] --START--
INFO: Run Behavior\BuildLiteBehavior [ RunTime:0.000000s ]
INFO: [ app_init ] --END-- [ RunTime:0.001000s ]
INFO: [ app_begin ] --START--
INFO: Run Behavior\ReadHtmlCacheBehavior [ RunTime:0.000000s ]
INFO: [ app_begin ] --END-- [ RunTime:0.000000s ]
INFO: [ view_parse ] --START--
INFO: [ template_filter ] --START--
INFO: Run Behavior\ContentReplaceBehavior [ RunTime:0.000000s ]
INFO: [ template_filter ] --END-- [ RunTime:0.000000s ]
INFO: Run Behavior\ParseTemplateBehavior [ RunTime:0.025001s ]
INFO: [ view_parse ] --END-- [ RunTime:0.026001s ]
INFO: [ view_filter ] --START--
INFO: Run Behavior\WriteHtmlCacheBehavior [ RunTime:0.026002s ]
INFO: [ view_filter ] --END-- [ RunTime:0.026002s ]
INFO: [ app_end ] --START--
INFO: Run Behavior\ShowPageTraceBehavior [ RunTime:0.001000s ]
INFO: [ app_end ] --END-- [ RunTime:0.001000s ]

[ 2015-12-01T20:07:56+08:00 ] 127.0.0.1 /slackck2015-11-27/index.php/Sys/leftnav/s/3.html
INFO: [ app_init ] --START--
INFO: Run Behavior\BuildLiteBehavior [ RunTime:0.000000s ]
INFO: [ app_init ] --END-- [ RunTime:0.001000s ]
INFO: [ app_begin ] --START--
INFO: Run Behavior\ReadHtmlCacheBehavior [ RunTime:0.001000s ]
INFO: [ app_begin ] --END-- [ RunTime:0.001000s ]
ERR: 非法操作:leftnav

[ 2015-12-01T20:36:27+08:00 ] 127.0.0.1 /slackck2015-11-27/index.php/Sys/sys/s/2.html
INFO: [ app_init ] --START--
INFO: Run Behavior\BuildLiteBehavior [ RunTime:0.000000s ]
INFO: [ app_init ] --END-- [ RunTime:0.000000s ]
INFO: [ app_begin ] --START--
INFO: Run Behavior\ReadHtmlCacheBehavior [ RunTime:0.001000s ]
INFO: [ app_begin ] --END-- [ RunTime:0.001000s ]
INFO: [ view_parse ] --START--
INFO: [ template_filter ] --START--
INFO: Run Behavior\ContentReplaceBehavior [ RunTime:0.000000s ]
INFO: [ template_filter ] --END-- [ RunTime:0.000000s ]
INFO: Run Behavior\ParseTemplateBehavior [ RunTime:0.029002s ]
INFO: [ view_parse ] --END-- [ RunTime:0.029002s ]
INFO: [ view_filter ] --START--
INFO: Run Behavior\WriteHtmlCacheBehavior [ RunTime:0.000000s ]
INFO: [ view_filter ] --END-- [ RunTime:0.000000s ]
INFO: [ app_end ] --START--
INFO: Run Behavior\ShowPageTraceBehavior [ RunTime:0.001000s ]
INFO: [ app_end ] --END-- [ RunTime:0.001000s ]

[ 2015-12-01T20:36:38+08:00 ] 127.0.0.1 /slackck2015-11-27/index.php/Sys/leftnav/s/3.html
INFO: [ app_init ] --START--
INFO: Run Behavior\BuildLiteBehavior [ RunTime:0.000000s ]
INFO: [ app_init ] --END-- [ RunTime:0.000000s ]
INFO: [ app_begin ] --START--
INFO: Run Behavior\ReadHtmlCacheBehavior [ RunTime:0.001001s ]
INFO: [ app_begin ] --END-- [ RunTime:0.001001s ]
ERR: 非法操作:leftnav

[ 2015-12-01T20:36:46+08:00 ] 127.0.0.1 /slackck2015-11-27/index.php/News/news_list/s/8.html
INFO: [ app_init ] --START--
INFO: Run Behavior\BuildLiteBehavior [ RunTime:0.000000s ]
INFO: [ app_init ] --END-- [ RunTime:0.001000s ]
INFO: [ app_begin ] --START--
INFO: Run Behavior\ReadHtmlCacheBehavior [ RunTime:0.001000s ]
INFO: [ app_begin ] --END-- [ RunTime:0.001000s ]
NOTIC: [8] Use of undefined constant news_title - assumed 'news_title' D:\WebstormProjects\shuijian\slackck2015-11-27\Application\Admin\Controller\NewsController.class.php 第 12 行.
NOTIC: [8] Undefined offset: 1 D:\WebstormProjects\shuijian\slackck2015-11-27\Application\Admin\Controller\NewsController.class.php 第 20 行.
INFO: [ view_parse ] --START--
INFO: [ template_filter ] --START--
INFO: Run Behavior\ContentReplaceBehavior [ RunTime:0.000000s ]
INFO: [ template_filter ] --END-- [ RunTime:0.000000s ]
NOTIC: [8] Use of undefined constant news_open - assumed 'news_open' D:\WebstormProjects\shuijian\slackck2015-11-27\Application\Runtime\Cache\Admin\5dc7cb56e7e8cd7601e6f40f87c141e0.php 第 542 行.
NOTIC: [8] Use of undefined constant news_open - assumed 'news_open' D:\WebstormProjects\shuijian\slackck2015-11-27\Application\Runtime\Cache\Admin\5dc7cb56e7e8cd7601e6f40f87c141e0.php 第 542 行.
INFO: Run Behavior\ParseTemplateBehavior [ RunTime:0.027001s ]
INFO: [ view_parse ] --END-- [ RunTime:0.027001s ]
INFO: [ view_filter ] --START--
INFO: Run Behavior\WriteHtmlCacheBehavior [ RunTime:0.001000s ]
INFO: [ view_filter ] --END-- [ RunTime:0.001000s ]
INFO: [ app_end ] --START--
INFO: Run Behavior\ShowPageTraceBehavior [ RunTime:0.001000s ]
INFO: [ app_end ] --END-- [ RunTime:0.001000s ]

[ 2015-12-01T20:36:53+08:00 ] 127.0.0.1 /slackck2015-11-27/index.php/News/news_column/s/9.html
INFO: [ app_init ] --START--
INFO: Run Behavior\BuildLiteBehavior [ RunTime:0.000000s ]
INFO: [ app_init ] --END-- [ RunTime:0.000000s ]
INFO: [ app_begin ] --START--
INFO: Run Behavior\ReadHtmlCacheBehavior [ RunTime:0.001000s ]
INFO: [ app_begin ] --END-- [ RunTime:0.001000s ]
INFO: [ view_parse ] --START--
INFO: [ template_filter ] --START--
INFO: Run Behavior\ContentReplaceBehavior [ RunTime:0.000000s ]
INFO: [ template_filter ] --END-- [ RunTime:0.000000s ]
NOTIC: [8] Use of undefined constant column_open - assumed 'column_open' D:\WebstormProjects\shuijian\slackck2015-11-27\Application\Runtime\Cache\Admin\c59ac52b3b02df022890ed93499bde7e.php 第 446 行.
NOTIC: [8] Use of undefined constant column_open - assumed 'column_open' D:\WebstormProjects\shuijian\slackck2015-11-27\Application\Runtime\Cache\Admin\c59ac52b3b02df022890ed93499bde7e.php 第 446 行.
NOTIC: [8] Use of undefined constant column_open - assumed 'column_open' D:\WebstormProjects\shuijian\slackck2015-11-27\Application\Runtime\Cache\Admin\c59ac52b3b02df022890ed93499bde7e.php 第 446 行.
NOTIC: [8] Use of undefined constant column_open - assumed 'column_open' D:\WebstormProjects\shuijian\slackck2015-11-27\Application\Runtime\Cache\Admin\c59ac52b3b02df022890ed93499bde7e.php 第 446 行.
NOTIC: [8] Use of undefined constant column_open - assumed 'column_open' D:\WebstormProjects\shuijian\slackck2015-11-27\Application\Runtime\Cache\Admin\c59ac52b3b02df022890ed93499bde7e.php 第 446 行.
INFO: Run Behavior\ParseTemplateBehavior [ RunTime:0.043002s ]
INFO: [ view_parse ] --END-- [ RunTime:0.043002s ]
INFO: [ view_filter ] --START--
INFO: Run Behavior\WriteHtmlCacheBehavior [ RunTime:0.001001s ]
INFO: [ view_filter ] --END-- [ RunTime:0.001001s ]
INFO: [ app_end ] --START--
INFO: Run Behavior\ShowPageTraceBehavior [ RunTime:0.001000s ]
INFO: [ app_end ] --END-- [ RunTime:0.001000s ]

[ 2015-12-01T20:37:01+08:00 ] 127.0.0.1 /slackck2015-11-27/index.php/Member/merber_list/s/29.html
INFO: [ app_init ] --START--
INFO: Run Behavior\BuildLiteBehavior [ RunTime:0.000000s ]
INFO: [ app_init ] --END-- [ RunTime:0.000000s ]
INFO: [ app_begin ] --START--
INFO: Run Behavior\ReadHtmlCacheBehavior [ RunTime:0.000000s ]
INFO: [ app_begin ] --END-- [ RunTime:0.000000s ]
ERR: 非法操作:merber_list

[ 2015-12-01T20:37:08+08:00 ] 127.0.0.1 /slackck2015-11-27/index.php/Plug/plug_link_list/s/31.html
INFO: [ app_init ] --START--
INFO: Run Behavior\BuildLiteBehavior [ RunTime:0.000000s ]
INFO: [ app_init ] --END-- [ RunTime:0.001000s ]
INFO: [ app_begin ] --START--
INFO: Run Behavior\ReadHtmlCacheBehavior [ RunTime:0.001000s ]
INFO: [ app_begin ] --END-- [ RunTime:0.001000s ]
NOTIC: [8] Undefined variable: map D:\WebstormProjects\shuijian\slackck2015-11-27\Application\Admin\Controller\PlugController.class.php 第 20 行.
INFO: [ view_parse ] --START--
INFO: [ template_filter ] --START--
INFO: Run Behavior\ContentReplaceBehavior [ RunTime:0.000000s ]
INFO: [ template_filter ] --END-- [ RunTime:0.000000s ]
NOTIC: [8] Use of undefined constant plug_link_open - assumed 'plug_link_open' D:\WebstormProjects\shuijian\slackck2015-11-27\Application\Runtime\Cache\Admin\82583699a88eb22f70c9b6a6956a9da7.php 第 508 行.
NOTIC: [8] Use of undefined constant plug_link_open - assumed 'plug_link_open' D:\WebstormProjects\shuijian\slackck2015-11-27\Application\Runtime\Cache\Admin\82583699a88eb22f70c9b6a6956a9da7.php 第 508 行.
NOTIC: [8] Undefined variable: page D:\WebstormProjects\shuijian\slackck2015-11-27\Application\Runtime\Cache\Admin\82583699a88eb22f70c9b6a6956a9da7.php 第 523 行.
INFO: Run Behavior\ParseTemplateBehavior [ RunTime:0.045002s ]
INFO: [ view_parse ] --END-- [ RunTime:0.045002s ]
INFO: [ view_filter ] --START--
INFO: Run Behavior\WriteHtmlCacheBehavior [ RunTime:0.001000s ]
INFO: [ view_filter ] --END-- [ RunTime:0.001000s ]
INFO: [ app_end ] --START--
INFO: Run Behavior\ShowPageTraceBehavior [ RunTime:0.001000s ]
INFO: [ app_end ] --END-- [ RunTime:0.001000s ]

