[ 2015-11-22T11:30:17+08:00 ] 127.0.0.1 /newadmin/index.php/Admin/Sys/admin_list
INFO: [ app_init ] --START--
INFO: Run Behavior\BuildLiteBehavior [ RunTime:0.000017s ]
INFO: [ app_init ] --END-- [ RunTime:0.000324s ]
INFO: [ app_begin ] --START--
INFO: Run Behavior\ReadHtmlCacheBehavior [ RunTime:0.000385s ]
INFO: [ app_begin ] --END-- [ RunTime:0.000466s ]
INFO: [ view_parse ] --START--
INFO: [ template_filter ] --START--
INFO: Run Behavior\ContentReplaceBehavior [ RunTime:0.000039s ]
INFO: [ template_filter ] --END-- [ RunTime:0.000116s ]
INFO: Run Behavior\ParseTemplateBehavior [ RunTime:0.018360s ]
INFO: [ view_parse ] --END-- [ RunTime:0.018431s ]
INFO: [ view_filter ] --START--
INFO: Run Behavior\WriteHtmlCacheBehavior [ RunTime:0.000238s ]
INFO: [ view_filter ] --END-- [ RunTime:0.000305s ]

[ 2015-11-22T11:30:20+08:00 ] 127.0.0.1 /newadmin/index.php/Admin/Login/login.html
INFO: [ app_init ] --START--
INFO: Run Behavior\BuildLiteBehavior [ RunTime:0.000042s ]
INFO: [ app_init ] --END-- [ RunTime:0.000891s ]
INFO: [ app_begin ] --START--
INFO: Run Behavior\ReadHtmlCacheBehavior [ RunTime:0.001007s ]
INFO: [ app_begin ] --END-- [ RunTime:0.001208s ]
INFO: [ view_parse ] --START--
INFO: [ template_filter ] --START--
INFO: Run Behavior\ContentReplaceBehavior [ RunTime:0.000228s ]
INFO: [ template_filter ] --END-- [ RunTime:0.000450s ]
INFO: Run Behavior\ParseTemplateBehavior [ RunTime:0.027642s ]
INFO: [ view_parse ] --END-- [ RunTime:0.027857s ]
INFO: [ view_filter ] --START--
INFO: Run Behavior\WriteHtmlCacheBehavior [ RunTime:0.000692s ]
INFO: [ view_filter ] --END-- [ RunTime:0.000913s ]
INFO: [ app_end ] --START--
INFO: Run Behavior\ShowPageTraceBehavior [ RunTime:0.001226s ]
INFO: [ app_end ] --END-- [ RunTime:0.001438s ]

[ 2015-11-22T11:30:21+08:00 ] 127.0.0.1 /newadmin/index.php/Admin/Login/runlogin.html
INFO: [ app_init ] --START--
INFO: Run Behavior\BuildLiteBehavior [ RunTime:0.000021s ]
INFO: [ app_init ] --END-- [ RunTime:0.000374s ]
INFO: [ app_begin ] --START--
INFO: Run Behavior\ReadHtmlCacheBehavior [ RunTime:0.000419s ]
INFO: [ app_begin ] --END-- [ RunTime:0.000497s ]
SQL: SHOW COLUMNS FROM `mr_admin` [ RunTime:0.0227s ]
SQL: SELECT * FROM `mr_admin` WHERE `admin_username` = 'slackck' AND `admin_pwd` = 'e10adc3949ba59abbe56e057f20f883e' LIMIT 1   [ RunTime:0.0003s ]
SQL: UPDATE `mr_admin` SET `admin_hits`=admin_hits+1 WHERE `admin_username` = 'slackck' [ RunTime:0.0002s ]

[ 2015-11-22T11:30:22+08:00 ] 127.0.0.1 /newadmin/index.php/Admin/Index/index.html
INFO: [ app_init ] --START--
INFO: Run Behavior\BuildLiteBehavior [ RunTime:0.000019s ]
INFO: [ app_init ] --END-- [ RunTime:0.000375s ]
INFO: [ app_begin ] --START--
INFO: Run Behavior\ReadHtmlCacheBehavior [ RunTime:0.000470s ]
INFO: [ app_begin ] --END-- [ RunTime:0.000557s ]
SQL: SHOW COLUMNS FROM `mr_news` [ RunTime:0.0345s ]
SQL: SELECT * FROM `mr_news` WHERE `news_time` BETWEEN 1446307200 AND 1448163021 ORDER BY news_hits desc LIMIT 0,8   [ RunTime:0.0111s ]
SQL: SELECT COUNT(*) AS tp_count FROM `mr_news` LIMIT 1   [ RunTime:0.0041s ]
SQL: SELECT COUNT(*) AS tp_count FROM `mr_news` WHERE `news_time` >= 1448121600 LIMIT 1   [ RunTime:0.0006s ]
SQL: SELECT COUNT(*) AS tp_count FROM `mr_news` WHERE `news_time` BETWEEN 1448035200 AND 1448121600 LIMIT 1   [ RunTime:0.0006s ]
NOTIC: [2] Division by zero E:\wamp\www\newadmin\Application\Admin\Controller\IndexController.class.php 第 36 行.
INFO: [ view_parse ] --START--
INFO: [ template_filter ] --START--
INFO: Run Behavior\ContentReplaceBehavior [ RunTime:0.000247s ]
INFO: [ template_filter ] --END-- [ RunTime:0.000411s ]
SQL: SHOW COLUMNS FROM `mr_auth_rule` [ RunTime:0.0275s ]
SQL: SELECT `id`,`name`,`title`,`css` FROM `mr_auth_rule` WHERE ( pid=0 AND status=1 ) ORDER BY sort  [ RunTime:0.0079s ]
SQL: SHOW COLUMNS FROM `mr_auth_group_access` [ RunTime:0.0192s ]
SQL: SELECT `uid`,`group_id`,`title`,`rules` FROM mr_auth_group_access a INNER JOIN mr_auth_group g on a.group_id=g.id  WHERE ( a.uid='1' and g.status='1' )  [ RunTime:0.0254s ]
SQL: SHOW COLUMNS FROM `mr_auth_rule` [ RunTime:0.0077s ]
SQL: SELECT `condition`,`name` FROM `mr_auth_rule` WHERE `id` IN ('1','2','6','10','19','26','3','4','5','15','16','17','18','7','8','11','12','25','9','13','14','22','23','24','27','29','30','28','31') AND `type` = 1 AND `status` = 1  [ RunTime:0.0011s ]
SQL: SELECT * FROM `mr_auth_rule` WHERE `pid` = 1 AND `status` = 1  [ RunTime:0.0008s ]
NOTIC: [8] Undefined index: s E:\wamp\www\newadmin\Application\Runtime\Cache\Admin\b595b808c2ebeeeb0478ffc30bb4e87a.php 第 400 行.
NOTIC: [8] Undefined index: s E:\wamp\www\newadmin\Application\Runtime\Cache\Admin\b595b808c2ebeeeb0478ffc30bb4e87a.php 第 400 行.
SQL: SELECT * FROM `mr_auth_rule` WHERE `pid` = 7 AND `status` = 1  [ RunTime:0.0008s ]
NOTIC: [8] Undefined index: s E:\wamp\www\newadmin\Application\Runtime\Cache\Admin\b595b808c2ebeeeb0478ffc30bb4e87a.php 第 400 行.
NOTIC: [8] Undefined index: s E:\wamp\www\newadmin\Application\Runtime\Cache\Admin\b595b808c2ebeeeb0478ffc30bb4e87a.php 第 400 行.
SQL: SELECT * FROM `mr_auth_rule` WHERE `pid` = 27 AND `status` = 1  [ RunTime:0.0005s ]
NOTIC: [8] Undefined index: s E:\wamp\www\newadmin\Application\Runtime\Cache\Admin\b595b808c2ebeeeb0478ffc30bb4e87a.php 第 400 行.
NOTIC: [8] Undefined index: s E:\wamp\www\newadmin\Application\Runtime\Cache\Admin\b595b808c2ebeeeb0478ffc30bb4e87a.php 第 400 行.
SQL: SELECT * FROM `mr_auth_rule` WHERE `pid` = 35 AND `status` = 1  [ RunTime:0.0005s ]
NOTIC: [8] Undefined index: s E:\wamp\www\newadmin\Application\Runtime\Cache\Admin\b595b808c2ebeeeb0478ffc30bb4e87a.php 第 400 行.
SQL: SELECT * FROM `mr_auth_rule` WHERE `pid` = 28 AND `status` = 1  [ RunTime:0.0005s ]
NOTIC: [8] Undefined index: s E:\wamp\www\newadmin\Application\Runtime\Cache\Admin\b595b808c2ebeeeb0478ffc30bb4e87a.php 第 400 行.
SQL: SELECT * FROM `mr_auth_rule` WHERE `pid` = 22 AND `status` = 1  [ RunTime:0.0005s ]
NOTIC: [8] Undefined index: s E:\wamp\www\newadmin\Application\Runtime\Cache\Admin\b595b808c2ebeeeb0478ffc30bb4e87a.php 第 400 行.
INFO: Run Behavior\ParseTemplateBehavior [ RunTime:0.222356s ]
INFO: [ view_parse ] --END-- [ RunTime:0.222653s ]
INFO: [ view_filter ] --START--
INFO: Run Behavior\WriteHtmlCacheBehavior [ RunTime:0.000782s ]
INFO: [ view_filter ] --END-- [ RunTime:0.000988s ]
INFO: [ app_end ] --START--
INFO: Run Behavior\ShowPageTraceBehavior [ RunTime:0.001187s ]
INFO: [ app_end ] --END-- [ RunTime:0.001396s ]

[ 2015-11-22T11:30:26+08:00 ] 127.0.0.1 /newadmin/index.php/Admin/News/news_list/s/8.html
INFO: [ app_init ] --START--
INFO: Run Behavior\BuildLiteBehavior [ RunTime:0.000037s ]
INFO: [ app_init ] --END-- [ RunTime:0.000837s ]
INFO: [ app_begin ] --START--
INFO: Run Behavior\ReadHtmlCacheBehavior [ RunTime:0.000999s ]
INFO: [ app_begin ] --END-- [ RunTime:0.001169s ]
SQL: SHOW COLUMNS FROM `mr_auth_group_access` [ RunTime:0.0036s ]
SQL: SELECT `uid`,`group_id`,`title`,`rules` FROM mr_auth_group_access a INNER JOIN mr_auth_group g on a.group_id=g.id  WHERE ( a.uid='1' and g.status='1' )  [ RunTime:0.0005s ]
SQL: SHOW COLUMNS FROM `mr_auth_rule` [ RunTime:0.0037s ]
SQL: SELECT `condition`,`name` FROM `mr_auth_rule` WHERE `id` IN ('1','2','6','10','19','26','3','4','5','15','16','17','18','7','8','11','12','25','9','13','14','22','23','24','27','29','30','28','31') AND `type` = 1 AND `status` = 1  [ RunTime:0.0005s ]
NOTIC: [8] Use of undefined constant news_title - assumed 'news_title' E:\wamp\www\newadmin\Application\Admin\Controller\NewsController.class.php 第 12 行.
NOTIC: [8] Undefined offset: 1 E:\wamp\www\newadmin\Application\Admin\Controller\NewsController.class.php 第 20 行.
SQL: SHOW COLUMNS FROM `mr_news` [ RunTime:0.0039s ]
SQL: SELECT COUNT(*) AS tp_count FROM `mr_news` WHERE `news_back` = 0 AND `news_title` LIKE '%%' AND ( `news_time` >= 0 AND `news_time` <= 1448207755  ) LIMIT 1   [ RunTime:0.0003s ]
SQL: SHOW COLUMNS FROM `mr_news` [ RunTime:0.0041s ]
SQL: SELECT * FROM `mr_news` WHERE `news_back` = 0 AND `news_title` LIKE '%%' AND ( `news_time` >= 0 AND `news_time` <= 1448207755  ) ORDER BY news_time desc LIMIT 0,10   [ RunTime:0.0005s ]
SQL: SHOW COLUMNS FROM `mr_column` [ RunTime:0.0190s ]
SQL: SELECT * FROM `mr_column` WHERE ( 1=1 AND c_id='0' ) LIMIT 1   [ RunTime:0.0004s ]
SQL: SELECT * FROM `mr_column` WHERE ( 1=1 AND c_id='4' ) LIMIT 1   [ RunTime:0.0004s ]
SQL: SHOW COLUMNS FROM `mr_diyflag` [ RunTime:0.0163s ]
SQL: SELECT * FROM `mr_diyflag`  [ RunTime:0.0004s ]
INFO: [ view_parse ] --START--
INFO: [ template_filter ] --START--
INFO: Run Behavior\ContentReplaceBehavior [ RunTime:0.000199s ]
INFO: [ template_filter ] --END-- [ RunTime:0.000308s ]
SQL: SHOW COLUMNS FROM `mr_auth_rule` [ RunTime:0.0025s ]
SQL: SELECT `id`,`name`,`title`,`css` FROM `mr_auth_rule` WHERE ( pid=0 AND status=1 ) ORDER BY sort  [ RunTime:0.0003s ]
SQL: SELECT * FROM `mr_auth_rule` WHERE `pid` = 1 AND `status` = 1  [ RunTime:0.0003s ]
SQL: SELECT * FROM `mr_auth_rule` WHERE `pid` = 7 AND `status` = 1  [ RunTime:0.0002s ]
SQL: SELECT * FROM `mr_auth_rule` WHERE `pid` = 27 AND `status` = 1  [ RunTime:0.0002s ]
SQL: SELECT * FROM `mr_auth_rule` WHERE `pid` = 35 AND `status` = 1  [ RunTime:0.0002s ]
SQL: SELECT * FROM `mr_auth_rule` WHERE `pid` = 28 AND `status` = 1  [ RunTime:0.0002s ]
SQL: SELECT * FROM `mr_auth_rule` WHERE `pid` = 22 AND `status` = 1  [ RunTime:0.0002s ]
NOTIC: [8] Use of undefined constant news_open - assumed 'news_open' E:\wamp\www\newadmin\Application\Runtime\Cache\Admin\5dc7cb56e7e8cd7601e6f40f87c141e0.php 第 542 行.
NOTIC: [8] Use of undefined constant news_open - assumed 'news_open' E:\wamp\www\newadmin\Application\Runtime\Cache\Admin\5dc7cb56e7e8cd7601e6f40f87c141e0.php 第 542 行.
SQL: SELECT * FROM `mr_auth_rule` WHERE `pid` = 8 AND `status` = 1  [ RunTime:0.0003s ]
INFO: Run Behavior\ParseTemplateBehavior [ RunTime:0.055080s ]
INFO: [ view_parse ] --END-- [ RunTime:0.055192s ]
INFO: [ view_filter ] --START--
INFO: Run Behavior\WriteHtmlCacheBehavior [ RunTime:0.000325s ]
INFO: [ view_filter ] --END-- [ RunTime:0.000391s ]
INFO: [ app_end ] --START--
INFO: Run Behavior\ShowPageTraceBehavior [ RunTime:0.000382s ]
INFO: [ app_end ] --END-- [ RunTime:0.000446s ]

