[ 2015-07-27T14:47:06+08:00 ] 127.0.0.1 /Notice/getNewNotice
INFO: [ app_begin ] --START--
INFO: Run ReadHtmlCache Behavior [ RunTime:0.002673s ]
INFO: Run CheckLang Behavior [ RunTime:0.057697s ]
INFO: [ app_begin ] --END-- [ RunTime:0.060552s ]
ERR: 无法加载模块:Notice

[ 2015-07-27T14:47:12+08:00 ] 127.0.0.1 /Notice/getNewNotice
INFO: [ app_begin ] --START--
INFO: Run ReadHtmlCache Behavior [ RunTime:0.001265s ]
INFO: Run CheckLang Behavior [ RunTime:0.004295s ]
INFO: [ app_begin ] --END-- [ RunTime:0.005728s ]
ERR: 无法加载模块:Notice

[ 2015-07-27T14:47:17+08:00 ] 127.0.0.1 /Notice/getNewNotice
INFO: [ app_begin ] --START--
INFO: Run ReadHtmlCache Behavior [ RunTime:0.001636s ]
INFO: Run CheckLang Behavior [ RunTime:0.004221s ]
INFO: [ app_begin ] --END-- [ RunTime:0.006102s ]
ERR: 无法加载模块:Notice

[ 2015-07-27T14:47:25+08:00 ] 127.0.0.1 /Notice/getNewNotice
INFO: [ app_begin ] --START--
INFO: Run ReadHtmlCache Behavior [ RunTime:0.001272s ]
INFO: Run CheckLang Behavior [ RunTime:0.003605s ]
INFO: [ app_begin ] --END-- [ RunTime:0.005059s ]
ERR: 无法加载模块:Notice

[ 2015-07-27T14:47:32+08:00 ] 127.0.0.1 /Notice/getNewNotice
INFO: [ app_begin ] --START--
INFO: Run ReadHtmlCache Behavior [ RunTime:0.000693s ]
INFO: Run CheckLang Behavior [ RunTime:0.001828s ]
INFO: [ app_begin ] --END-- [ RunTime:0.002615s ]
ERR: 无法加载模块:Notice

[ 2015-07-27T14:47:37+08:00 ] 127.0.0.1 /Notice/getNewNotice
INFO: [ app_begin ] --START--
INFO: Run ReadHtmlCache Behavior [ RunTime:0.000859s ]
INFO: Run CheckLang Behavior [ RunTime:0.001778s ]
INFO: [ app_begin ] --END-- [ RunTime:0.002733s ]
ERR: 无法加载模块:Notice

[ 2015-07-27T14:47:45+08:00 ] 127.0.0.1 /Notice/getNewNotice
INFO: [ app_begin ] --START--
INFO: Run ReadHtmlCache Behavior [ RunTime:0.001204s ]
INFO: Run CheckLang Behavior [ RunTime:0.002995s ]
INFO: [ app_begin ] --END-- [ RunTime:0.004385s ]
ERR: 无法加载模块:Notice

[ 2015-07-27T14:47:52+08:00 ] 127.0.0.1 /Notice/getNewNotice
INFO: [ app_begin ] --START--
INFO: Run ReadHtmlCache Behavior [ RunTime:0.000981s ]
INFO: Run CheckLang Behavior [ RunTime:0.002391s ]
INFO: [ app_begin ] --END-- [ RunTime:0.003507s ]
ERR: 无法加载模块:Notice

[ 2015-07-27T14:47:57+08:00 ] 127.0.0.1 /Notice/getNewNotice
INFO: [ app_begin ] --START--
INFO: Run ReadHtmlCache Behavior [ RunTime:0.001042s ]
INFO: Run CheckLang Behavior [ RunTime:0.002647s ]
INFO: [ app_begin ] --END-- [ RunTime:0.003831s ]
ERR: 无法加载模块:Notice

[ 2015-07-27T14:48:05+08:00 ] 127.0.0.1 /Notice/getNewNotice
INFO: [ app_begin ] --START--
INFO: Run ReadHtmlCache Behavior [ RunTime:0.001516s ]
INFO: Run CheckLang Behavior [ RunTime:0.003899s ]
INFO: [ app_begin ] --END-- [ RunTime:0.005629s ]
ERR: 无法加载模块:Notice

[ 2015-07-27T14:48:12+08:00 ] 127.0.0.1 /Notice/getNewNotice
INFO: [ app_begin ] --START--
INFO: Run ReadHtmlCache Behavior [ RunTime:0.000874s ]
INFO: Run CheckLang Behavior [ RunTime:0.002298s ]
INFO: [ app_begin ] --END-- [ RunTime:0.003318s ]
ERR: 无法加载模块:Notice

[ 2015-07-27T14:48:17+08:00 ] 127.0.0.1 /Notice/getNewNotice
INFO: [ app_begin ] --START--
INFO: Run ReadHtmlCache Behavior [ RunTime:0.001610s ]
INFO: Run CheckLang Behavior [ RunTime:0.004255s ]
INFO: [ app_begin ] --END-- [ RunTime:0.006119s ]
ERR: 无法加载模块:Notice

[ 2015-07-27T14:48:25+08:00 ] 127.0.0.1 /Notice/getNewNotice
INFO: [ app_begin ] --START--
INFO: Run ReadHtmlCache Behavior [ RunTime:0.001262s ]
INFO: Run CheckLang Behavior [ RunTime:0.003270s ]
INFO: [ app_begin ] --END-- [ RunTime:0.004705s ]
ERR: 无法加载模块:Notice

[ 2015-07-27T14:48:32+08:00 ] 127.0.0.1 /Notice/getNewNotice
INFO: [ app_begin ] --START--
INFO: Run ReadHtmlCache Behavior [ RunTime:0.000731s ]
INFO: Run CheckLang Behavior [ RunTime:0.002797s ]
INFO: [ app_begin ] --END-- [ RunTime:0.003988s ]
ERR: 无法加载模块:Notice

[ 2015-07-27T14:48:37+08:00 ] 127.0.0.1 /Notice/getNewNotice
INFO: [ app_begin ] --START--
INFO: Run ReadHtmlCache Behavior [ RunTime:0.001981s ]
INFO: Run CheckLang Behavior [ RunTime:0.004124s ]
INFO: [ app_begin ] --END-- [ RunTime:0.006445s ]
ERR: 无法加载模块:Notice

[ 2015-07-27T14:48:45+08:00 ] 127.0.0.1 /Notice/getNewNotice
INFO: [ app_begin ] --START--
INFO: Run ReadHtmlCache Behavior [ RunTime:0.000934s ]
INFO: Run CheckLang Behavior [ RunTime:0.002287s ]
INFO: [ app_begin ] --END-- [ RunTime:0.003345s ]
ERR: 无法加载模块:Notice

[ 2015-07-27T14:48:52+08:00 ] 127.0.0.1 /Notice/getNewNotice
INFO: [ app_begin ] --START--
INFO: Run ReadHtmlCache Behavior [ RunTime:0.001502s ]
INFO: Run CheckLang Behavior [ RunTime:0.003738s ]
INFO: [ app_begin ] --END-- [ RunTime:0.005444s ]
ERR: 无法加载模块:Notice

[ 2015-07-27T14:48:57+08:00 ] 127.0.0.1 /Notice/getNewNotice
INFO: [ app_begin ] --START--
INFO: Run ReadHtmlCache Behavior [ RunTime:0.000799s ]
INFO: Run CheckLang Behavior [ RunTime:0.002047s ]
INFO: [ app_begin ] --END-- [ RunTime:0.002953s ]
ERR: 无法加载模块:Notice

[ 2015-07-27T14:49:05+08:00 ] 127.0.0.1 /Notice/getNewNotice
INFO: [ app_begin ] --START--
INFO: Run ReadHtmlCache Behavior [ RunTime:0.001630s ]
INFO: Run CheckLang Behavior [ RunTime:0.004270s ]
INFO: [ app_begin ] --END-- [ RunTime:0.006126s ]
ERR: 无法加载模块:Notice

[ 2015-07-27T14:49:12+08:00 ] 127.0.0.1 /Notice/getNewNotice
INFO: [ app_begin ] --START--
INFO: Run ReadHtmlCache Behavior [ RunTime:0.001310s ]
INFO: Run CheckLang Behavior [ RunTime:0.002441s ]
INFO: [ app_begin ] --END-- [ RunTime:0.003897s ]
ERR: 无法加载模块:Notice

[ 2015-07-27T14:49:17+08:00 ] 127.0.0.1 /Notice/getNewNotice
INFO: [ app_begin ] --START--
INFO: Run ReadHtmlCache Behavior [ RunTime:0.001906s ]
INFO: Run CheckLang Behavior [ RunTime:0.005883s ]
INFO: [ app_begin ] --END-- [ RunTime:0.007940s ]
ERR: 无法加载模块:Notice

[ 2015-07-27T14:49:25+08:00 ] 127.0.0.1 /Notice/getNewNotice
INFO: [ app_begin ] --START--
INFO: Run ReadHtmlCache Behavior [ RunTime:0.002780s ]
INFO: Run CheckLang Behavior [ RunTime:0.004558s ]
INFO: [ app_begin ] --END-- [ RunTime:0.007714s ]
ERR: 无法加载模块:Notice

[ 2015-07-27T14:49:32+08:00 ] 127.0.0.1 /Notice/getNewNotice
INFO: [ app_begin ] --START--
INFO: Run ReadHtmlCache Behavior [ RunTime:0.000760s ]
INFO: Run CheckLang Behavior [ RunTime:0.002025s ]
INFO: [ app_begin ] --END-- [ RunTime:0.002890s ]
ERR: 无法加载模块:Notice

[ 2015-07-27T14:49:37+08:00 ] 127.0.0.1 /Notice/getNewNotice
INFO: [ app_begin ] --START--
INFO: Run ReadHtmlCache Behavior [ RunTime:0.000723s ]
INFO: Run CheckLang Behavior [ RunTime:0.002592s ]
INFO: [ app_begin ] --END-- [ RunTime:0.003487s ]
ERR: 无法加载模块:Notice

[ 2015-07-27T14:49:45+08:00 ] 127.0.0.1 /Notice/getNewNotice
INFO: [ app_begin ] --START--
INFO: Run ReadHtmlCache Behavior [ RunTime:0.000756s ]
INFO: Run CheckLang Behavior [ RunTime:0.002011s ]
INFO: [ app_begin ] --END-- [ RunTime:0.002881s ]
ERR: 无法加载模块:Notice

[ 2015-07-27T14:49:52+08:00 ] 127.0.0.1 /Notice/getNewNotice
INFO: [ app_begin ] --START--
INFO: Run ReadHtmlCache Behavior [ RunTime:0.000915s ]
INFO: Run CheckLang Behavior [ RunTime:0.002390s ]
INFO: [ app_begin ] --END-- [ RunTime:0.003434s ]
ERR: 无法加载模块:Notice

[ 2015-07-27T14:49:57+08:00 ] 127.0.0.1 /Notice/getNewNotice
INFO: [ app_begin ] --START--
INFO: Run ReadHtmlCache Behavior [ RunTime:0.000884s ]
INFO: Run CheckLang Behavior [ RunTime:0.002248s ]
INFO: [ app_begin ] --END-- [ RunTime:0.003253s ]
ERR: 无法加载模块:Notice

[ 2015-07-27T14:50:05+08:00 ] 127.0.0.1 /Notice/getNewNotice
INFO: [ app_begin ] --START--
INFO: Run ReadHtmlCache Behavior [ RunTime:0.000638s ]
INFO: Run CheckLang Behavior [ RunTime:0.002068s ]
INFO: [ app_begin ] --END-- [ RunTime:0.002872s ]
ERR: 无法加载模块:Notice

[ 2015-07-27T14:50:12+08:00 ] 127.0.0.1 /Notice/getNewNotice
INFO: [ app_begin ] --START--
INFO: Run ReadHtmlCache Behavior [ RunTime:0.000730s ]
INFO: Run CheckLang Behavior [ RunTime:0.002204s ]
INFO: [ app_begin ] --END-- [ RunTime:0.003043s ]
ERR: 无法加载模块:Notice

[ 2015-07-27T14:50:17+08:00 ] 127.0.0.1 /Notice/getNewNotice
INFO: [ app_begin ] --START--
INFO: Run ReadHtmlCache Behavior [ RunTime:0.001340s ]
INFO: Run CheckLang Behavior [ RunTime:0.002954s ]
INFO: [ app_begin ] --END-- [ RunTime:0.004443s ]
ERR: 无法加载模块:Notice

[ 2015-07-27T14:50:25+08:00 ] 127.0.0.1 /Notice/getNewNotice
INFO: [ app_begin ] --START--
INFO: Run ReadHtmlCache Behavior [ RunTime:0.000882s ]
INFO: Run CheckLang Behavior [ RunTime:0.002273s ]
INFO: [ app_begin ] --END-- [ RunTime:0.003272s ]
ERR: 无法加载模块:Notice

[ 2015-07-27T14:50:32+08:00 ] 127.0.0.1 /Notice/getNewNotice
INFO: [ app_begin ] --START--
INFO: Run ReadHtmlCache Behavior [ RunTime:0.000888s ]
INFO: Run CheckLang Behavior [ RunTime:0.002110s ]
INFO: [ app_begin ] --END-- [ RunTime:0.003110s ]
ERR: 无法加载模块:Notice

[ 2015-07-27T14:50:37+08:00 ] 127.0.0.1 /Notice/getNewNotice
INFO: [ app_begin ] --START--
INFO: Run ReadHtmlCache Behavior [ RunTime:0.001466s ]
INFO: Run CheckLang Behavior [ RunTime:0.003724s ]
INFO: [ app_begin ] --END-- [ RunTime:0.005384s ]
ERR: 无法加载模块:Notice

[ 2015-07-27T14:50:45+08:00 ] 127.0.0.1 /Notice/getNewNotice
INFO: [ app_begin ] --START--
INFO: Run ReadHtmlCache Behavior [ RunTime:0.003151s ]
INFO: Run CheckLang Behavior [ RunTime:0.008040s ]
INFO: [ app_begin ] --END-- [ RunTime:0.011631s ]
ERR: 无法加载模块:Notice

[ 2015-07-27T14:50:52+08:00 ] 127.0.0.1 /Notice/getNewNotice
INFO: [ app_begin ] --START--
INFO: Run ReadHtmlCache Behavior [ RunTime:0.001468s ]
INFO: Run CheckLang Behavior [ RunTime:0.003762s ]
INFO: [ app_begin ] --END-- [ RunTime:0.005425s ]
ERR: 无法加载模块:Notice

[ 2015-07-27T14:50:57+08:00 ] 127.0.0.1 /Notice/getNewNotice
INFO: [ app_begin ] --START--
INFO: Run ReadHtmlCache Behavior [ RunTime:0.002915s ]
INFO: Run CheckLang Behavior [ RunTime:0.007619s ]
INFO: [ app_begin ] --END-- [ RunTime:0.010969s ]
ERR: 无法加载模块:Notice

[ 2015-07-27T14:51:05+08:00 ] 127.0.0.1 /Notice/getNewNotice
INFO: [ app_begin ] --START--
INFO: Run ReadHtmlCache Behavior [ RunTime:0.000913s ]
INFO: Run CheckLang Behavior [ RunTime:0.002270s ]
INFO: [ app_begin ] --END-- [ RunTime:0.003302s ]
ERR: 无法加载模块:Notice

[ 2015-07-27T14:51:12+08:00 ] 127.0.0.1 /Notice/getNewNotice
INFO: [ app_begin ] --START--
INFO: Run ReadHtmlCache Behavior [ RunTime:0.001634s ]
INFO: Run CheckLang Behavior [ RunTime:0.004218s ]
INFO: [ app_begin ] --END-- [ RunTime:0.006076s ]
ERR: 无法加载模块:Notice

[ 2015-07-27T14:51:17+08:00 ] 127.0.0.1 /Notice/getNewNotice
INFO: [ app_begin ] --START--
INFO: Run ReadHtmlCache Behavior [ RunTime:0.000669s ]
INFO: Run CheckLang Behavior [ RunTime:0.001849s ]
INFO: [ app_begin ] --END-- [ RunTime:0.002637s ]
ERR: 无法加载模块:Notice

[ 2015-07-27T14:51:25+08:00 ] 127.0.0.1 /Notice/getNewNotice
INFO: [ app_begin ] --START--
INFO: Run ReadHtmlCache Behavior [ RunTime:0.002272s ]
INFO: Run CheckLang Behavior [ RunTime:0.007183s ]
INFO: [ app_begin ] --END-- [ RunTime:0.009627s ]
ERR: 无法加载模块:Notice

[ 2015-07-27T14:51:32+08:00 ] 127.0.0.1 /Notice/getNewNotice
INFO: [ app_begin ] --START--
INFO: Run ReadHtmlCache Behavior [ RunTime:0.000771s ]
INFO: Run CheckLang Behavior [ RunTime:0.001936s ]
INFO: [ app_begin ] --END-- [ RunTime:0.002810s ]
ERR: 无法加载模块:Notice

[ 2015-07-27T14:51:37+08:00 ] 127.0.0.1 /Notice/getNewNotice
INFO: [ app_begin ] --START--
INFO: Run ReadHtmlCache Behavior [ RunTime:0.002310s ]
INFO: Run CheckLang Behavior [ RunTime:0.003044s ]
INFO: [ app_begin ] --END-- [ RunTime:0.005665s ]
ERR: 无法加载模块:Notice

[ 2015-07-27T14:51:45+08:00 ] 127.0.0.1 /Notice/getNewNotice
INFO: [ app_begin ] --START--
INFO: Run ReadHtmlCache Behavior [ RunTime:0.000666s ]
INFO: Run CheckLang Behavior [ RunTime:0.001725s ]
INFO: [ app_begin ] --END-- [ RunTime:0.002487s ]
ERR: 无法加载模块:Notice

[ 2015-07-27T14:51:52+08:00 ] 127.0.0.1 /Notice/getNewNotice
INFO: [ app_begin ] --START--
INFO: Run ReadHtmlCache Behavior [ RunTime:0.000909s ]
INFO: Run CheckLang Behavior [ RunTime:0.002779s ]
INFO: [ app_begin ] --END-- [ RunTime:0.003891s ]
ERR: 无法加载模块:Notice

[ 2015-07-27T14:51:57+08:00 ] 127.0.0.1 /Notice/getNewNotice
INFO: [ app_begin ] --START--
INFO: Run ReadHtmlCache Behavior [ RunTime:0.000706s ]
INFO: Run CheckLang Behavior [ RunTime:0.003037s ]
INFO: [ app_begin ] --END-- [ RunTime:0.003990s ]
ERR: 无法加载模块:Notice

[ 2015-07-27T14:52:05+08:00 ] 127.0.0.1 /Notice/getNewNotice
INFO: [ app_begin ] --START--
INFO: Run ReadHtmlCache Behavior [ RunTime:0.000746s ]
INFO: Run CheckLang Behavior [ RunTime:0.002014s ]
INFO: [ app_begin ] --END-- [ RunTime:0.002861s ]
ERR: 无法加载模块:Notice

[ 2015-07-27T14:52:12+08:00 ] 127.0.0.1 /Notice/getNewNotice
INFO: [ app_begin ] --START--
INFO: Run ReadHtmlCache Behavior [ RunTime:0.000974s ]
INFO: Run CheckLang Behavior [ RunTime:0.002915s ]
INFO: [ app_begin ] --END-- [ RunTime:0.004085s ]
ERR: 无法加载模块:Notice

[ 2015-07-27T14:52:17+08:00 ] 127.0.0.1 /Notice/getNewNotice
INFO: [ app_begin ] --START--
INFO: Run ReadHtmlCache Behavior [ RunTime:0.000777s ]
INFO: Run CheckLang Behavior [ RunTime:0.001931s ]
INFO: [ app_begin ] --END-- [ RunTime:0.002811s ]
ERR: 无法加载模块:Notice

